0 verbose cli C:\Program Files\nodejs\node.exe C:\Users\dgati\AppData\Roaming\npm\node_modules\npm\bin\npm-cli.js
1 info using npm@11.11.0
2 info using node@v22.22.1
3 silly config load:file:C:\Users\dgati\AppData\Roaming\npm\node_modules\npm\npmrc
4 silly config load:file:C:\Users\dgati\.npmrc
5 silly config load:file:C:\Users\dgati\AppData\Roaming\npm\etc\npmrc
6 verbose title npm list
7 verbose argv "list" "--global" "--depth" "0"
8 verbose logfile logs-max:10 dir:D:\Diego\2-Trabajos propios\KinesIA2\npm-cache\_logs\2026-05-12T01_59_04_972Z-
9 verbose logfile D:\Diego\2-Trabajos propios\KinesIA2\npm-cache\_logs\2026-05-12T01_59_04_972Z-debug-0.log
10 silly packumentCache heap:4345298944 maxSize:1086324736 maxEntrySize:543162368
11 silly logfile done cleaning log files
12 http fetch GET 200 https://registry.npmjs.org/npm 283ms
13 verbose cwd D:\Diego\2-Trabajos propios\KinesIA2
14 verbose os Windows_NT 10.0.26200
15 verbose node v22.22.1
16 verbose npm  v11.11.0
17 notice
17 notice New minor version of npm available! 11.11.0 -> 11.14.1
17 notice Changelog: https://github.com/npm/cli/releases/tag/v11.14.1
17 notice To update run: npm install -g npm@11.14.1
17 notice  { force: true, [Symbol(proc-log.meta)]: true }
18 verbose exit 0
19 info ok
20 error A complete log of this run can be found in: D:\Diego\2-Trabajos propios\KinesIA2\npm-cache\_logs\2026-05-12T01_59_04_972Z-debug-0.log
