0 verbose cli C:\Program Files\nodejs\node.exe C:\Users\dgati\AppData\Roaming\npm\node_modules\npm\bin\npm-cli.js
1 info using npm@11.11.0
2 info using node@v22.22.1
3 silly config load:file:C:\Users\dgati\AppData\Roaming\npm\node_modules\npm\npmrc
4 silly config load:file:D:\Diego\2-Trabajos propios\KinesIA2\src\backend\.npmrc
5 silly config load:file:C:\Users\dgati\.npmrc
6 silly config load:file:C:\Users\dgati\AppData\Roaming\npm\etc\npmrc
7 verbose title npm install
8 verbose argv "install"
9 verbose logfile logs-max:10 dir:D:\Diego\2-Trabajos propios\KinesIA2\src\backend\npm-cache\_logs\2026-05-12T02_26_55_657Z-
10 verbose logfile D:\Diego\2-Trabajos propios\KinesIA2\src\backend\npm-cache\_logs\2026-05-12T02_26_55_657Z-debug-0.log
11 silly logfile done cleaning log files
12 silly packumentCache heap:4345298944 maxSize:1086324736 maxEntrySize:543162368
13 silly idealTree buildDeps
14 silly fetch manifest bcryptjs@^2.4.3
15 silly packumentCache full:https://registry.npmjs.org/bcryptjs cache-miss
16 http fetch GET 200 https://registry.npmjs.org/bcryptjs 120ms (cache miss)
17 silly packumentCache full:https://registry.npmjs.org/bcryptjs set size:undefined disposed:false
18 silly fetch manifest cors@^2.8.5
19 silly packumentCache full:https://registry.npmjs.org/cors cache-miss
20 http fetch GET 200 https://registry.npmjs.org/cors 35ms (cache miss)
21 silly packumentCache full:https://registry.npmjs.org/cors set size:undefined disposed:false
22 silly fetch manifest dotenv@^16.4.5
23 silly packumentCache full:https://registry.npmjs.org/dotenv cache-miss
24 http fetch GET 200 https://registry.npmjs.org/dotenv 45ms (cache miss)
25 silly packumentCache full:https://registry.npmjs.org/dotenv set size:undefined disposed:false
26 silly fetch manifest express@^4.18.2
27 silly packumentCache full:https://registry.npmjs.org/express cache-miss
28 http fetch GET 200 https://registry.npmjs.org/express 69ms (cache miss)
29 silly packumentCache full:https://registry.npmjs.org/express set size:undefined disposed:false
30 silly fetch manifest jsonwebtoken@^9.0.2
31 silly packumentCache full:https://registry.npmjs.org/jsonwebtoken cache-miss
32 http fetch GET 200 https://registry.npmjs.org/jsonwebtoken 46ms (cache miss)
33 silly packumentCache full:https://registry.npmjs.org/jsonwebtoken set size:undefined disposed:false
34 silly fetch manifest mongoose@^8.2.0
35 silly packumentCache full:https://registry.npmjs.org/mongoose cache-miss
36 http fetch GET 200 https://registry.npmjs.org/mongoose 309ms (cache miss)
37 silly packumentCache full:https://registry.npmjs.org/mongoose set size:undefined disposed:false
38 silly placeDep ROOT bcryptjs@2.4.3 OK for: kinesia-backend@1.0.0 want: ^2.4.3
39 silly placeDep ROOT cors@2.8.6 OK for: kinesia-backend@1.0.0 want: ^2.8.5
40 silly placeDep ROOT dotenv@16.6.1 OK for: kinesia-backend@1.0.0 want: ^16.4.5
41 silly placeDep ROOT express@4.22.2 OK for: kinesia-backend@1.0.0 want: ^4.18.2
42 silly placeDep ROOT jsonwebtoken@9.0.3 OK for: kinesia-backend@1.0.0 want: ^9.0.2
43 silly placeDep ROOT mongoose@8.23.1 OK for: kinesia-backend@1.0.0 want: ^8.2.0
44 silly fetch manifest object-assign@^4
45 silly packumentCache full:https://registry.npmjs.org/object-assign cache-miss
46 silly fetch manifest vary@^1
47 silly packumentCache full:https://registry.npmjs.org/vary cache-miss
48 silly fetch manifest accepts@~1.3.8
49 silly packumentCache full:https://registry.npmjs.org/accepts cache-miss
50 silly fetch manifest array-flatten@1.1.1
51 silly packumentCache full:https://registry.npmjs.org/array-flatten cache-miss
52 silly fetch manifest body-parser@~1.20.5
53 silly packumentCache full:https://registry.npmjs.org/body-parser cache-miss
54 silly fetch manifest content-disposition@~0.5.4
55 silly packumentCache full:https://registry.npmjs.org/content-disposition cache-miss
56 silly fetch manifest content-type@~1.0.4
57 silly packumentCache full:https://registry.npmjs.org/content-type cache-miss
58 silly fetch manifest cookie@~0.7.1
59 silly packumentCache full:https://registry.npmjs.org/cookie cache-miss
60 silly fetch manifest cookie-signature@~1.0.6
61 silly packumentCache full:https://registry.npmjs.org/cookie-signature cache-miss
62 silly fetch manifest debug@2.6.9
63 silly packumentCache full:https://registry.npmjs.org/debug cache-miss
64 silly fetch manifest depd@2.0.0
65 silly packumentCache full:https://registry.npmjs.org/depd cache-miss
66 silly fetch manifest encodeurl@~2.0.0
67 silly packumentCache full:https://registry.npmjs.org/encodeurl cache-miss
68 silly fetch manifest escape-html@~1.0.3
69 silly packumentCache full:https://registry.npmjs.org/escape-html cache-miss
70 silly fetch manifest etag@~1.8.1
71 silly packumentCache full:https://registry.npmjs.org/etag cache-miss
72 silly fetch manifest finalhandler@~1.3.1
73 silly packumentCache full:https://registry.npmjs.org/finalhandler cache-miss
74 http fetch GET 200 https://registry.npmjs.org/object-assign 46ms (cache miss)
75 silly packumentCache full:https://registry.npmjs.org/object-assign set size:undefined disposed:false
76 silly fetch manifest fresh@~0.5.2
77 silly packumentCache full:https://registry.npmjs.org/fresh cache-miss
78 http fetch GET 200 https://registry.npmjs.org/fresh 48ms (cache miss)
79 silly packumentCache full:https://registry.npmjs.org/fresh set size:undefined disposed:false
80 silly fetch manifest http-errors@~2.0.0
81 silly packumentCache full:https://registry.npmjs.org/http-errors cache-miss
82 http fetch GET 200 https://registry.npmjs.org/content-type 129ms (cache miss)
83 silly packumentCache full:https://registry.npmjs.org/content-type set size:undefined disposed:false
84 silly fetch manifest merge-descriptors@1.0.3
85 silly packumentCache full:https://registry.npmjs.org/merge-descriptors cache-miss
86 http fetch GET 200 https://registry.npmjs.org/vary 143ms (cache miss)
87 silly packumentCache full:https://registry.npmjs.org/vary set size:undefined disposed:false
88 silly fetch manifest methods@~1.1.2
89 silly packumentCache full:https://registry.npmjs.org/methods cache-miss
90 http fetch GET 200 https://registry.npmjs.org/etag 144ms (cache miss)
91 silly packumentCache full:https://registry.npmjs.org/etag set size:undefined disposed:false
92 silly fetch manifest on-finished@~2.4.1
93 silly packumentCache full:https://registry.npmjs.org/on-finished cache-miss
94 http fetch GET 200 https://registry.npmjs.org/cookie-signature 148ms (cache miss)
95 silly packumentCache full:https://registry.npmjs.org/cookie-signature set size:undefined disposed:false
96 silly fetch manifest parseurl@~1.3.3
97 silly packumentCache full:https://registry.npmjs.org/parseurl cache-miss
98 http fetch GET 200 https://registry.npmjs.org/http-errors 58ms (cache miss)
99 silly packumentCache full:https://registry.npmjs.org/http-errors set size:undefined disposed:false
100 silly fetch manifest path-to-regexp@~0.1.12
101 silly packumentCache full:https://registry.npmjs.org/path-to-regexp cache-miss
102 http fetch GET 200 https://registry.npmjs.org/cookie 156ms (cache miss)
103 silly packumentCache full:https://registry.npmjs.org/cookie set size:undefined disposed:false
104 silly fetch manifest proxy-addr@~2.0.7
105 silly packumentCache full:https://registry.npmjs.org/proxy-addr cache-miss
106 http fetch GET 200 https://registry.npmjs.org/array-flatten 164ms (cache miss)
107 silly packumentCache full:https://registry.npmjs.org/array-flatten set size:undefined disposed:false
108 silly fetch manifest qs@~6.15.1
109 silly packumentCache full:https://registry.npmjs.org/qs cache-miss
110 http fetch GET 200 https://registry.npmjs.org/depd 167ms (cache miss)
111 silly packumentCache full:https://registry.npmjs.org/depd set size:undefined disposed:false
112 silly fetch manifest range-parser@~1.2.1
113 silly packumentCache full:https://registry.npmjs.org/range-parser cache-miss
114 http fetch GET 200 https://registry.npmjs.org/content-disposition 172ms (cache miss)
115 silly packumentCache full:https://registry.npmjs.org/content-disposition set size:undefined disposed:false
116 silly fetch manifest safe-buffer@5.2.1
117 silly packumentCache full:https://registry.npmjs.org/safe-buffer cache-miss
118 http fetch GET 200 https://registry.npmjs.org/accepts 177ms (cache miss)
119 silly packumentCache full:https://registry.npmjs.org/accepts set size:undefined disposed:false
120 silly fetch manifest send@~0.19.0
121 silly packumentCache full:https://registry.npmjs.org/send cache-miss
122 http fetch GET 200 https://registry.npmjs.org/encodeurl 179ms (cache miss)
123 silly packumentCache full:https://registry.npmjs.org/encodeurl set size:undefined disposed:false
124 silly fetch manifest serve-static@~1.16.2
125 silly packumentCache full:https://registry.npmjs.org/serve-static cache-miss
126 http fetch GET 200 https://registry.npmjs.org/escape-html 181ms (cache miss)
127 silly packumentCache full:https://registry.npmjs.org/escape-html set size:undefined disposed:false
128 silly fetch manifest setprototypeof@1.2.0
129 silly packumentCache full:https://registry.npmjs.org/setprototypeof cache-miss
130 http fetch GET 200 https://registry.npmjs.org/body-parser 186ms (cache miss)
131 silly packumentCache full:https://registry.npmjs.org/body-parser set size:undefined disposed:false
132 silly fetch manifest statuses@~2.0.1
133 silly packumentCache full:https://registry.npmjs.org/statuses cache-miss
134 http fetch GET 200 https://registry.npmjs.org/merge-descriptors 66ms (cache miss)
135 silly packumentCache full:https://registry.npmjs.org/merge-descriptors set size:undefined disposed:false
136 silly fetch manifest type-is@~1.6.18
137 silly packumentCache full:https://registry.npmjs.org/type-is cache-miss
138 http fetch GET 200 https://registry.npmjs.org/methods 57ms (cache miss)
139 silly packumentCache full:https://registry.npmjs.org/methods set size:undefined disposed:false
140 silly fetch manifest utils-merge@1.0.1
141 silly packumentCache full:https://registry.npmjs.org/utils-merge cache-miss
142 http fetch GET 200 https://registry.npmjs.org/finalhandler 199ms (cache miss)
143 silly packumentCache full:https://registry.npmjs.org/finalhandler set size:undefined disposed:false
144 silly fetch manifest vary@~1.1.2
145 silly packumentCache full:https://registry.npmjs.org/vary cache-miss
146 http fetch GET 200 https://registry.npmjs.org/parseurl 55ms (cache miss)
147 silly packumentCache full:https://registry.npmjs.org/parseurl set size:undefined disposed:false
148 silly fetch manifest ms@^2.1.1
149 silly packumentCache full:https://registry.npmjs.org/ms cache-miss
150 http fetch GET 200 https://registry.npmjs.org/debug 207ms (cache miss)
151 silly packumentCache full:https://registry.npmjs.org/debug set size:undefined disposed:false
152 silly fetch manifest jws@^4.0.1
153 silly packumentCache full:https://registry.npmjs.org/jws cache-miss
154 http fetch GET 200 https://registry.npmjs.org/on-finished 64ms (cache miss)
155 silly packumentCache full:https://registry.npmjs.org/on-finished set size:undefined disposed:false
156 silly fetch manifest semver@^7.5.4
157 silly packumentCache full:https://registry.npmjs.org/semver cache-miss
158 http fetch GET 200 https://registry.npmjs.org/proxy-addr 61ms (cache miss)
159 silly packumentCache full:https://registry.npmjs.org/proxy-addr set size:undefined disposed:false
160 silly fetch manifest lodash.once@^4.0.0
161 silly packumentCache full:https://registry.npmjs.org/lodash.once cache-miss
162 http cache https://registry.npmjs.org/vary 20ms (cache hit)
163 silly packumentCache full:https://registry.npmjs.org/vary set size:15994 disposed:false
164 silly fetch manifest lodash.includes@^4.3.0
165 silly packumentCache full:https://registry.npmjs.org/lodash.includes cache-miss
166 http fetch GET 200 https://registry.npmjs.org/range-parser 56ms (cache miss)
167 silly packumentCache full:https://registry.npmjs.org/range-parser set size:undefined disposed:false
168 silly fetch manifest lodash.isnumber@^3.0.3
169 silly packumentCache full:https://registry.npmjs.org/lodash.isnumber cache-miss
170 http fetch GET 200 https://registry.npmjs.org/safe-buffer 71ms (cache miss)
171 silly packumentCache full:https://registry.npmjs.org/safe-buffer set size:undefined disposed:false
172 silly fetch manifest lodash.isstring@^4.0.1
173 silly packumentCache full:https://registry.npmjs.org/lodash.isstring cache-miss
174 http fetch GET 200 https://registry.npmjs.org/statuses 60ms (cache miss)
175 silly packumentCache full:https://registry.npmjs.org/statuses set size:undefined disposed:false
176 silly fetch manifest lodash.isboolean@^3.0.3
177 silly packumentCache full:https://registry.npmjs.org/lodash.isboolean cache-miss
178 http fetch GET 200 https://registry.npmjs.org/utils-merge 53ms (cache miss)
179 silly packumentCache full:https://registry.npmjs.org/utils-merge set size:undefined disposed:false
180 silly fetch manifest lodash.isinteger@^4.0.4
181 silly packumentCache full:https://registry.npmjs.org/lodash.isinteger cache-miss
182 http fetch GET 200 https://registry.npmjs.org/setprototypeof 73ms (cache miss)
183 silly packumentCache full:https://registry.npmjs.org/setprototypeof set size:undefined disposed:false
184 silly fetch manifest lodash.isplainobject@^4.0.6
185 silly packumentCache full:https://registry.npmjs.org/lodash.isplainobject cache-miss
186 http fetch GET 200 https://registry.npmjs.org/serve-static 84ms (cache miss)
187 silly packumentCache full:https://registry.npmjs.org/serve-static set size:undefined disposed:false
188 silly fetch manifest ms@2.1.3
189 silly packumentCache full:https://registry.npmjs.org/ms cache-miss
190 http fetch GET 200 https://registry.npmjs.org/type-is 72ms (cache miss)
191 silly packumentCache full:https://registry.npmjs.org/type-is set size:undefined disposed:false
192 silly fetch manifest bson@^6.10.4
193 silly packumentCache full:https://registry.npmjs.org/bson cache-miss
194 http fetch GET 200 https://registry.npmjs.org/qs 110ms (cache miss)
195 silly packumentCache full:https://registry.npmjs.org/qs set size:undefined disposed:false
196 silly fetch manifest sift@17.1.3
197 silly packumentCache full:https://registry.npmjs.org/sift cache-miss
198 http fetch GET 200 https://registry.npmjs.org/lodash.includes 55ms (cache miss)
199 silly packumentCache full:https://registry.npmjs.org/lodash.includes set size:undefined disposed:false
200 silly fetch manifest mpath@0.9.0
201 silly packumentCache full:https://registry.npmjs.org/mpath cache-miss
202 http fetch GET 200 https://registry.npmjs.org/ms 73ms (cache miss)
203 silly packumentCache full:https://registry.npmjs.org/ms set size:undefined disposed:false
204 silly fetch manifest kareem@2.6.3
205 silly packumentCache full:https://registry.npmjs.org/kareem cache-miss
206 http fetch GET 200 https://registry.npmjs.org/send 107ms (cache miss)
207 silly packumentCache full:https://registry.npmjs.org/send set size:undefined disposed:false
208 silly fetch manifest mquery@5.0.0
209 silly packumentCache full:https://registry.npmjs.org/mquery cache-miss
210 http fetch GET 200 https://registry.npmjs.org/lodash.once 70ms (cache miss)
211 silly packumentCache full:https://registry.npmjs.org/lodash.once set size:undefined disposed:false
212 silly fetch manifest mongodb@~6.20.0
213 silly packumentCache full:https://registry.npmjs.org/mongodb cache-miss
214 http fetch GET 200 https://registry.npmjs.org/path-to-regexp 140ms (cache miss)
215 silly packumentCache full:https://registry.npmjs.org/path-to-regexp set size:undefined disposed:false
216 http fetch GET 200 https://registry.npmjs.org/lodash.isnumber 69ms (cache miss)
217 silly packumentCache full:https://registry.npmjs.org/lodash.isnumber set size:undefined disposed:false
218 http fetch GET 200 https://registry.npmjs.org/jws 86ms (cache miss)
219 silly packumentCache full:https://registry.npmjs.org/jws set size:undefined disposed:false
220 http fetch GET 200 https://registry.npmjs.org/semver 87ms (cache miss)
221 silly packumentCache full:https://registry.npmjs.org/semver set size:undefined disposed:false
222 http fetch GET 200 https://registry.npmjs.org/lodash.isboolean 52ms (cache miss)
223 silly packumentCache full:https://registry.npmjs.org/lodash.isboolean set size:undefined disposed:false
224 http fetch GET 200 https://registry.npmjs.org/lodash.isinteger 52ms (cache miss)
225 silly packumentCache full:https://registry.npmjs.org/lodash.isinteger set size:undefined disposed:false
226 http fetch GET 200 https://registry.npmjs.org/lodash.isstring 60ms (cache miss)
227 silly packumentCache full:https://registry.npmjs.org/lodash.isstring set size:undefined disposed:false
228 http fetch GET 200 https://registry.npmjs.org/lodash.isplainobject 49ms (cache miss)
229 silly packumentCache full:https://registry.npmjs.org/lodash.isplainobject set size:undefined disposed:false
230 http fetch GET 200 https://registry.npmjs.org/ms 41ms (cache miss)
231 silly packumentCache full:https://registry.npmjs.org/ms set size:undefined disposed:false
232 http fetch GET 200 https://registry.npmjs.org/kareem 221ms (cache miss)
233 silly packumentCache full:https://registry.npmjs.org/kareem set size:undefined disposed:false
234 http fetch GET 200 https://registry.npmjs.org/mpath 235ms (cache miss)
235 silly packumentCache full:https://registry.npmjs.org/mpath set size:undefined disposed:false
236 http fetch GET 200 https://registry.npmjs.org/mquery 234ms (cache miss)
237 silly packumentCache full:https://registry.npmjs.org/mquery set size:undefined disposed:false
238 http fetch GET 200 https://registry.npmjs.org/bson 250ms (cache miss)
239 silly packumentCache full:https://registry.npmjs.org/bson set size:undefined disposed:false
240 http fetch GET 200 https://registry.npmjs.org/sift 250ms (cache miss)
241 silly packumentCache full:https://registry.npmjs.org/sift set size:undefined disposed:false
242 http fetch GET 200 https://registry.npmjs.org/mongodb 283ms (cache miss)
243 silly packumentCache full:https://registry.npmjs.org/mongodb set size:undefined disposed:false
244 silly placeDep ROOT object-assign@4.1.1 OK for: cors@2.8.6 want: ^4
245 silly placeDep ROOT vary@1.1.2 OK for: cors@2.8.6 want: ^1
246 silly placeDep ROOT accepts@1.3.8 OK for: express@4.22.2 want: ~1.3.8
247 silly placeDep ROOT array-flatten@1.1.1 OK for: express@4.22.2 want: 1.1.1
248 silly placeDep ROOT body-parser@1.20.5 OK for: express@4.22.2 want: ~1.20.5
249 silly placeDep ROOT content-disposition@0.5.4 OK for: express@4.22.2 want: ~0.5.4
250 silly placeDep ROOT content-type@1.0.5 OK for: express@4.22.2 want: ~1.0.4
251 silly placeDep ROOT cookie@0.7.2 OK for: express@4.22.2 want: ~0.7.1
252 silly placeDep ROOT cookie-signature@1.0.7 OK for: express@4.22.2 want: ~1.0.6
253 silly placeDep ROOT debug@2.6.9 OK for: express@4.22.2 want: 2.6.9
254 silly placeDep ROOT depd@2.0.0 OK for: express@4.22.2 want: 2.0.0
255 silly placeDep ROOT encodeurl@2.0.0 OK for: express@4.22.2 want: ~2.0.0
256 silly placeDep ROOT escape-html@1.0.3 OK for: express@4.22.2 want: ~1.0.3
257 silly placeDep ROOT etag@1.8.1 OK for: express@4.22.2 want: ~1.8.1
258 silly placeDep ROOT finalhandler@1.3.2 OK for: express@4.22.2 want: ~1.3.1
259 silly placeDep ROOT fresh@0.5.2 OK for: express@4.22.2 want: ~0.5.2
260 silly placeDep ROOT http-errors@2.0.1 OK for: express@4.22.2 want: ~2.0.0
261 silly placeDep ROOT merge-descriptors@1.0.3 OK for: express@4.22.2 want: 1.0.3
262 silly placeDep ROOT methods@1.1.2 OK for: express@4.22.2 want: ~1.1.2
263 silly placeDep ROOT on-finished@2.4.1 OK for: express@4.22.2 want: ~2.4.1
264 silly placeDep ROOT parseurl@1.3.3 OK for: express@4.22.2 want: ~1.3.3
265 silly placeDep ROOT path-to-regexp@0.1.13 OK for: express@4.22.2 want: ~0.1.12
266 silly placeDep ROOT proxy-addr@2.0.7 OK for: express@4.22.2 want: ~2.0.7
267 silly placeDep ROOT qs@6.15.1 OK for: express@4.22.2 want: ~6.15.1
268 silly placeDep ROOT range-parser@1.2.1 OK for: express@4.22.2 want: ~1.2.1
269 silly placeDep ROOT safe-buffer@5.2.1 OK for: express@4.22.2 want: 5.2.1
270 silly placeDep ROOT send@0.19.2 OK for: express@4.22.2 want: ~0.19.0
271 silly placeDep ROOT serve-static@1.16.3 OK for: express@4.22.2 want: ~1.16.2
272 silly placeDep ROOT setprototypeof@1.2.0 OK for: express@4.22.2 want: 1.2.0
273 silly placeDep ROOT statuses@2.0.2 OK for: express@4.22.2 want: ~2.0.1
274 silly placeDep ROOT type-is@1.6.18 OK for: express@4.22.2 want: ~1.6.18
275 silly placeDep ROOT utils-merge@1.0.1 OK for: express@4.22.2 want: 1.0.1
276 silly fetch manifest mime-types@~2.1.34
277 silly packumentCache full:https://registry.npmjs.org/mime-types cache-miss
278 silly fetch manifest negotiator@0.6.3
279 silly packumentCache full:https://registry.npmjs.org/negotiator cache-miss
280 silly fetch manifest bytes@~3.1.2
281 silly packumentCache full:https://registry.npmjs.org/bytes cache-miss
282 silly fetch manifest content-type@~1.0.5
283 silly packumentCache full:https://registry.npmjs.org/content-type cache-miss
284 silly fetch manifest destroy@~1.2.0
285 silly packumentCache full:https://registry.npmjs.org/destroy cache-miss
286 silly fetch manifest http-errors@~2.0.1
287 silly packumentCache full:https://registry.npmjs.org/http-errors cache-miss
288 silly fetch manifest iconv-lite@~0.4.24
289 silly packumentCache full:https://registry.npmjs.org/iconv-lite cache-miss
290 silly fetch manifest raw-body@~2.5.3
291 silly packumentCache full:https://registry.npmjs.org/raw-body cache-miss
292 silly fetch manifest unpipe@~1.0.0
293 silly packumentCache full:https://registry.npmjs.org/unpipe cache-miss
294 silly fetch manifest ms@2.0.0
295 silly packumentCache full:https://registry.npmjs.org/ms cache-miss
296 silly fetch manifest unpipe@~1.0.0
297 silly packumentCache full:https://registry.npmjs.org/unpipe cache-miss
298 silly fetch manifest statuses@~2.0.2
299 silly packumentCache full:https://registry.npmjs.org/statuses cache-miss
300 silly fetch manifest inherits@~2.0.4
301 silly packumentCache full:https://registry.npmjs.org/inherits cache-miss
302 silly fetch manifest setprototypeof@~1.2.0
303 silly packumentCache full:https://registry.npmjs.org/setprototypeof cache-miss
304 silly fetch manifest statuses@~2.0.2
305 silly packumentCache full:https://registry.npmjs.org/statuses cache-miss
306 http cache https://registry.npmjs.org/content-type 24ms (cache hit)
307 silly packumentCache full:https://registry.npmjs.org/content-type set size:18994 disposed:false
308 silly fetch manifest toidentifier@~1.0.1
309 silly packumentCache full:https://registry.npmjs.org/toidentifier cache-miss
310 http cache https://registry.npmjs.org/statuses 21ms (cache hit)
311 silly packumentCache full:https://registry.npmjs.org/statuses set size:37117 disposed:false
312 silly fetch manifest ee-first@1.1.1
313 silly packumentCache full:https://registry.npmjs.org/ee-first cache-miss
314 http cache https://registry.npmjs.org/http-errors 26ms (cache hit)
315 silly packumentCache full:https://registry.npmjs.org/http-errors set size:71987 disposed:false
316 silly fetch manifest forwarded@0.2.0
317 silly packumentCache full:https://registry.npmjs.org/forwarded cache-miss
318 http cache https://registry.npmjs.org/ms 26ms (cache hit)
319 silly packumentCache full:https://registry.npmjs.org/ms set size:92208 disposed:false
320 silly fetch manifest ipaddr.js@1.9.1
321 silly packumentCache full:https://registry.npmjs.org/ipaddr.js cache-miss
322 http cache https://registry.npmjs.org/setprototypeof 29ms (cache hit)
323 silly packumentCache full:https://registry.npmjs.org/setprototypeof set size:14532 disposed:false
324 silly fetch manifest side-channel@^1.1.0
325 silly packumentCache full:https://registry.npmjs.org/side-channel cache-miss
326 http cache https://registry.npmjs.org/statuses 32ms (cache hit)
327 silly packumentCache full:https://registry.npmjs.org/statuses set size:37117 disposed:false
328 silly packumentCache full:https://registry.npmjs.org/statuses dispose
329 silly fetch manifest mime@1.6.0
330 silly packumentCache full:https://registry.npmjs.org/mime cache-miss
331 http fetch GET 200 https://registry.npmjs.org/unpipe 51ms (cache miss)
332 silly packumentCache full:https://registry.npmjs.org/unpipe set size:undefined disposed:false
333 silly fetch manifest destroy@1.2.0
334 silly packumentCache full:https://registry.npmjs.org/destroy cache-miss
335 http fetch GET 200 https://registry.npmjs.org/unpipe 54ms (cache miss)
336 silly packumentCache full:https://registry.npmjs.org/unpipe set size:undefined disposed:false
337 silly fetch manifest mime-types@~2.1.24
338 silly packumentCache full:https://registry.npmjs.org/mime-types cache-miss
339 http fetch GET 200 https://registry.npmjs.org/destroy 59ms (cache miss)
340 silly packumentCache full:https://registry.npmjs.org/destroy set size:undefined disposed:false
341 silly fetch manifest media-typer@0.3.0
342 silly packumentCache full:https://registry.npmjs.org/media-typer cache-miss
343 http fetch GET 200 https://registry.npmjs.org/negotiator 64ms (cache miss)
344 silly packumentCache full:https://registry.npmjs.org/negotiator set size:undefined disposed:false
345 http fetch GET 200 https://registry.npmjs.org/inherits 62ms (cache miss)
346 silly packumentCache full:https://registry.npmjs.org/inherits set size:undefined disposed:false
347 http fetch GET 200 https://registry.npmjs.org/bytes 66ms (cache miss)
348 silly packumentCache full:https://registry.npmjs.org/bytes set size:undefined disposed:false
349 http fetch GET 200 https://registry.npmjs.org/iconv-lite 68ms (cache miss)
350 silly packumentCache full:https://registry.npmjs.org/iconv-lite set size:undefined disposed:false
351 http fetch GET 200 https://registry.npmjs.org/mime-types 71ms (cache miss)
352 silly packumentCache full:https://registry.npmjs.org/mime-types set size:undefined disposed:false
353 http fetch GET 200 https://registry.npmjs.org/ee-first 49ms (cache miss)
354 silly packumentCache full:https://registry.npmjs.org/ee-first set size:undefined disposed:false
355 http fetch GET 200 https://registry.npmjs.org/raw-body 75ms (cache miss)
356 silly packumentCache full:https://registry.npmjs.org/raw-body set size:undefined disposed:false
357 http fetch GET 200 https://registry.npmjs.org/forwarded 52ms (cache miss)
358 silly packumentCache full:https://registry.npmjs.org/forwarded set size:undefined disposed:false
359 http fetch GET 200 https://registry.npmjs.org/toidentifier 57ms (cache miss)
360 silly packumentCache full:https://registry.npmjs.org/toidentifier set size:undefined disposed:false
361 http fetch GET 200 https://registry.npmjs.org/ipaddr.js 53ms (cache miss)
362 silly packumentCache full:https://registry.npmjs.org/ipaddr.js set size:undefined disposed:false
363 http fetch GET 200 https://registry.npmjs.org/mime 50ms (cache miss)
364 silly packumentCache full:https://registry.npmjs.org/mime set size:undefined disposed:false
365 http fetch GET 200 https://registry.npmjs.org/destroy 34ms (cache miss)
366 silly packumentCache full:https://registry.npmjs.org/destroy set size:undefined disposed:false
367 http fetch GET 200 https://registry.npmjs.org/media-typer 33ms (cache miss)
368 silly packumentCache full:https://registry.npmjs.org/media-typer set size:undefined disposed:false
369 http fetch GET 200 https://registry.npmjs.org/mime-types 61ms (cache miss)
370 silly packumentCache full:https://registry.npmjs.org/mime-types set size:undefined disposed:false
371 http fetch GET 200 https://registry.npmjs.org/side-channel 225ms (cache miss)
372 silly packumentCache full:https://registry.npmjs.org/side-channel set size:undefined disposed:false
373 silly placeDep ROOT mime-types@2.1.35 OK for: accepts@1.3.8 want: ~2.1.34
374 silly placeDep ROOT negotiator@0.6.3 OK for: accepts@1.3.8 want: 0.6.3
375 silly fetch manifest mime-db@1.52.0
376 silly packumentCache full:https://registry.npmjs.org/mime-db cache-miss
377 http fetch GET 200 https://registry.npmjs.org/mime-db 59ms (cache miss)
378 silly packumentCache full:https://registry.npmjs.org/mime-db set size:undefined disposed:false
379 silly placeDep ROOT bytes@3.1.2 OK for: body-parser@1.20.5 want: ~3.1.2
380 silly placeDep ROOT destroy@1.2.0 OK for: body-parser@1.20.5 want: ~1.2.0
381 silly placeDep ROOT iconv-lite@0.4.24 OK for: body-parser@1.20.5 want: ~0.4.24
382 silly placeDep ROOT raw-body@2.5.3 OK for: body-parser@1.20.5 want: ~2.5.3
383 silly placeDep ROOT unpipe@1.0.0 OK for: body-parser@1.20.5 want: ~1.0.0
384 silly fetch manifest safer-buffer@>= 2.1.2 < 3
385 silly packumentCache full:https://registry.npmjs.org/safer-buffer cache-miss
386 http fetch GET 200 https://registry.npmjs.org/safer-buffer 35ms (cache miss)
387 silly packumentCache full:https://registry.npmjs.org/safer-buffer set size:undefined disposed:false
388 silly placeDep ROOT ms@2.0.0 OK for: debug@2.6.9 want: 2.0.0
389 silly placeDep ROOT inherits@2.0.4 OK for: http-errors@2.0.1 want: ~2.0.4
390 silly placeDep ROOT toidentifier@1.0.1 OK for: http-errors@2.0.1 want: ~1.0.1
391 silly placeDep ROOT safer-buffer@2.1.2 OK for: iconv-lite@0.4.24 want: >= 2.1.2 < 3
392 silly placeDep ROOT jws@4.0.1 OK for: jsonwebtoken@9.0.3 want: ^4.0.1
393 silly placeDep ROOT lodash.includes@4.3.0 OK for: jsonwebtoken@9.0.3 want: ^4.3.0
394 silly placeDep ROOT lodash.isboolean@3.0.3 OK for: jsonwebtoken@9.0.3 want: ^3.0.3
395 silly placeDep ROOT lodash.isinteger@4.0.4 OK for: jsonwebtoken@9.0.3 want: ^4.0.4
396 silly placeDep ROOT lodash.isnumber@3.0.3 OK for: jsonwebtoken@9.0.3 want: ^3.0.3
397 silly placeDep ROOT lodash.isplainobject@4.0.6 OK for: jsonwebtoken@9.0.3 want: ^4.0.6
398 silly placeDep ROOT lodash.isstring@4.0.1 OK for: jsonwebtoken@9.0.3 want: ^4.0.1
399 silly placeDep ROOT lodash.once@4.1.1 OK for: jsonwebtoken@9.0.3 want: ^4.0.0
400 silly placeDep node_modules/jsonwebtoken ms@2.1.3 OK for: jsonwebtoken@9.0.3 want: ^2.1.1
401 silly placeDep ROOT semver@7.8.0 OK for: jsonwebtoken@9.0.3 want: ^7.5.4
402 silly fetch manifest jwa@^2.0.1
403 silly packumentCache full:https://registry.npmjs.org/jwa cache-miss
404 http fetch GET 200 https://registry.npmjs.org/jwa 35ms (cache miss)
405 silly packumentCache full:https://registry.npmjs.org/jwa set size:undefined disposed:false
406 silly placeDep ROOT jwa@2.0.1 OK for: jws@4.0.1 want: ^2.0.1
407 silly fetch manifest ecdsa-sig-formatter@1.0.11
408 silly packumentCache full:https://registry.npmjs.org/ecdsa-sig-formatter cache-miss
409 silly fetch manifest buffer-equal-constant-time@^1.0.1
410 silly packumentCache full:https://registry.npmjs.org/buffer-equal-constant-time cache-miss
411 http fetch GET 200 https://registry.npmjs.org/buffer-equal-constant-time 47ms (cache miss)
412 silly packumentCache full:https://registry.npmjs.org/buffer-equal-constant-time set size:undefined disposed:false
413 http fetch GET 200 https://registry.npmjs.org/ecdsa-sig-formatter 56ms (cache miss)
414 silly packumentCache full:https://registry.npmjs.org/ecdsa-sig-formatter set size:undefined disposed:false
415 silly placeDep ROOT buffer-equal-constant-time@1.0.1 OK for: jwa@2.0.1 want: ^1.0.1
416 silly placeDep ROOT ecdsa-sig-formatter@1.0.11 OK for: jwa@2.0.1 want: 1.0.11
417 silly placeDep ROOT mime-db@1.52.0 OK for: mime-types@2.1.35 want: 1.52.0
418 silly fetch manifest @aws-sdk/credential-providers@^3.188.0
419 silly packumentCache full:https://registry.npmjs.org/@aws-sdk%2fcredential-providers cache-miss
420 http fetch GET 200 https://registry.npmjs.org/@aws-sdk%2fcredential-providers 294ms (cache miss)
421 silly packumentCache full:https://registry.npmjs.org/@aws-sdk%2fcredential-providers set size:undefined disposed:false
422 silly fetch manifest @mongodb-js/zstd@^1.1.0 || ^2.0.0
423 silly packumentCache full:https://registry.npmjs.org/@mongodb-js%2fzstd cache-miss
424 http fetch GET 200 https://registry.npmjs.org/@mongodb-js%2fzstd 413ms (cache miss)
425 silly packumentCache full:https://registry.npmjs.org/@mongodb-js%2fzstd set size:undefined disposed:false
426 silly fetch manifest gcp-metadata@^5.2.0
427 silly packumentCache full:https://registry.npmjs.org/gcp-metadata cache-miss
428 http fetch GET 200 https://registry.npmjs.org/gcp-metadata 76ms (cache miss)
429 silly packumentCache full:https://registry.npmjs.org/gcp-metadata set size:undefined disposed:false
430 silly fetch manifest kerberos@^2.0.1
431 silly packumentCache full:https://registry.npmjs.org/kerberos cache-miss
432 http fetch GET 200 https://registry.npmjs.org/kerberos 53ms (cache miss)
433 silly packumentCache full:https://registry.npmjs.org/kerberos set size:undefined disposed:false
434 silly fetch manifest mongodb-client-encryption@>=6.0.0 <7
435 silly packumentCache full:https://registry.npmjs.org/mongodb-client-encryption cache-miss
436 http fetch GET 200 https://registry.npmjs.org/mongodb-client-encryption 227ms (cache miss)
437 silly packumentCache full:https://registry.npmjs.org/mongodb-client-encryption set size:undefined disposed:false
438 silly fetch manifest snappy@^7.3.2
439 silly packumentCache full:https://registry.npmjs.org/snappy cache-miss
440 http fetch GET 200 https://registry.npmjs.org/snappy 40ms (cache miss)
441 silly packumentCache full:https://registry.npmjs.org/snappy set size:undefined disposed:false
442 silly fetch manifest socks@^2.7.1
443 silly packumentCache full:https://registry.npmjs.org/socks cache-miss
444 http fetch GET 200 https://registry.npmjs.org/socks 220ms (cache miss)
445 silly packumentCache full:https://registry.npmjs.org/socks set size:undefined disposed:false
446 silly placeDep ROOT bson@6.10.4 OK for: mongoose@8.23.1 want: ^6.10.4
447 silly placeDep ROOT kareem@2.6.3 OK for: mongoose@8.23.1 want: 2.6.3
448 silly placeDep ROOT mongodb@6.20.0 OK for: mongoose@8.23.1 want: ~6.20.0
449 silly placeDep ROOT mpath@0.9.0 OK for: mongoose@8.23.1 want: 0.9.0
450 silly placeDep ROOT mquery@5.0.0 OK for: mongoose@8.23.1 want: 5.0.0
451 silly placeDep node_modules/mongoose ms@2.1.3 OK for: mongoose@8.23.1 want: 2.1.3
452 silly placeDep ROOT sift@17.1.3 OK for: mongoose@8.23.1 want: 17.1.3
453 silly fetch manifest @mongodb-js/saslprep@^1.3.0
454 silly packumentCache full:https://registry.npmjs.org/@mongodb-js%2fsaslprep cache-miss
455 silly fetch manifest mongodb-connection-string-url@^3.0.2
456 silly packumentCache full:https://registry.npmjs.org/mongodb-connection-string-url cache-miss
457 silly fetch manifest debug@4.x
458 silly packumentCache full:https://registry.npmjs.org/debug cache-miss
459 http cache https://registry.npmjs.org/debug 5ms (cache hit)
460 silly packumentCache full:https://registry.npmjs.org/debug set size:195840 disposed:false
461 http fetch GET 200 https://registry.npmjs.org/mongodb-connection-string-url 227ms (cache miss)
462 silly packumentCache full:https://registry.npmjs.org/mongodb-connection-string-url set size:undefined disposed:false
463 http fetch GET 200 https://registry.npmjs.org/@mongodb-js%2fsaslprep 399ms (cache miss)
464 silly packumentCache full:https://registry.npmjs.org/@mongodb-js%2fsaslprep set size:undefined disposed:false
465 silly placeDep ROOT @mongodb-js/saslprep@1.4.11 OK for: mongodb@6.20.0 want: ^1.3.0
466 silly placeDep ROOT mongodb-connection-string-url@3.0.2 OK for: mongodb@6.20.0 want: ^3.0.2
467 silly fetch manifest sparse-bitfield@^3.0.3
468 silly packumentCache full:https://registry.npmjs.org/sparse-bitfield cache-miss
469 silly fetch manifest whatwg-url@^14.1.0 || ^13.0.0
470 silly packumentCache full:https://registry.npmjs.org/whatwg-url cache-miss
471 silly fetch manifest @types/whatwg-url@^11.0.2
472 silly packumentCache full:https://registry.npmjs.org/@types%2fwhatwg-url cache-miss
473 http fetch GET 200 https://registry.npmjs.org/sparse-bitfield 32ms (cache miss)
474 silly packumentCache full:https://registry.npmjs.org/sparse-bitfield set size:undefined disposed:false
475 http fetch GET 200 https://registry.npmjs.org/whatwg-url 45ms (cache miss)
476 silly packumentCache full:https://registry.npmjs.org/whatwg-url set size:undefined disposed:false
477 http fetch GET 200 https://registry.npmjs.org/@types%2fwhatwg-url 420ms (cache miss)
478 silly packumentCache full:https://registry.npmjs.org/@types%2fwhatwg-url set size:undefined disposed:false
479 silly placeDep ROOT sparse-bitfield@3.0.3 OK for: @mongodb-js/saslprep@1.4.11 want: ^3.0.3
480 silly fetch manifest memory-pager@^1.0.2
481 silly packumentCache full:https://registry.npmjs.org/memory-pager cache-miss
482 http fetch GET 200 https://registry.npmjs.org/memory-pager 45ms (cache miss)
483 silly packumentCache full:https://registry.npmjs.org/memory-pager set size:undefined disposed:false
484 silly placeDep ROOT @types/whatwg-url@11.0.5 OK for: mongodb-connection-string-url@3.0.2 want: ^11.0.2
485 silly placeDep ROOT whatwg-url@14.2.0 OK for: mongodb-connection-string-url@3.0.2 want: ^14.1.0 || ^13.0.0
486 silly fetch manifest @types/webidl-conversions@*
487 silly packumentCache full:https://registry.npmjs.org/@types%2fwebidl-conversions cache-miss
488 silly fetch manifest tr46@^5.1.0
489 silly packumentCache full:https://registry.npmjs.org/tr46 cache-miss
490 silly fetch manifest webidl-conversions@^7.0.0
491 silly packumentCache full:https://registry.npmjs.org/webidl-conversions cache-miss
492 http fetch GET 200 https://registry.npmjs.org/tr46 41ms (cache miss)
493 silly packumentCache full:https://registry.npmjs.org/tr46 set size:undefined disposed:false
494 http fetch GET 200 https://registry.npmjs.org/webidl-conversions 58ms (cache miss)
495 silly packumentCache full:https://registry.npmjs.org/webidl-conversions set size:undefined disposed:false
496 http fetch GET 200 https://registry.npmjs.org/@types%2fwebidl-conversions 246ms (cache miss)
497 silly packumentCache full:https://registry.npmjs.org/@types%2fwebidl-conversions set size:undefined disposed:false
498 silly placeDep ROOT @types/webidl-conversions@7.0.3 OK for: @types/whatwg-url@11.0.5 want: *
499 silly placeDep node_modules/mquery debug@4.4.3 OK for: mquery@5.0.0 want: 4.x
500 silly fetch manifest ms@^2.1.3
501 silly packumentCache full:https://registry.npmjs.org/ms cache-hit
502 silly placeDep ROOT ee-first@1.1.1 OK for: on-finished@2.4.1 want: 1.1.1
503 silly placeDep ROOT forwarded@0.2.0 OK for: proxy-addr@2.0.7 want: 0.2.0
504 silly placeDep ROOT ipaddr.js@1.9.1 OK for: proxy-addr@2.0.7 want: 1.9.1
505 silly placeDep ROOT side-channel@1.1.0 OK for: qs@6.15.1 want: ^1.1.0
506 silly fetch manifest es-errors@^1.3.0
507 silly packumentCache full:https://registry.npmjs.org/es-errors cache-miss
508 silly fetch manifest object-inspect@^1.13.3
509 silly packumentCache full:https://registry.npmjs.org/object-inspect cache-miss
510 silly fetch manifest side-channel-list@^1.0.0
511 silly packumentCache full:https://registry.npmjs.org/side-channel-list cache-miss
512 silly fetch manifest side-channel-map@^1.0.1
513 silly packumentCache full:https://registry.npmjs.org/side-channel-map cache-miss
514 silly fetch manifest side-channel-weakmap@^1.0.2
515 silly packumentCache full:https://registry.npmjs.org/side-channel-weakmap cache-miss
516 http fetch GET 200 https://registry.npmjs.org/side-channel-weakmap 36ms (cache miss)
517 silly packumentCache full:https://registry.npmjs.org/side-channel-weakmap set size:undefined disposed:false
518 http fetch GET 200 https://registry.npmjs.org/side-channel-list 37ms (cache miss)
519 silly packumentCache full:https://registry.npmjs.org/side-channel-list set size:undefined disposed:false
520 http fetch GET 200 https://registry.npmjs.org/es-errors 45ms (cache miss)
521 silly packumentCache full:https://registry.npmjs.org/es-errors set size:undefined disposed:false
522 http fetch GET 200 https://registry.npmjs.org/side-channel-map 46ms (cache miss)
523 silly packumentCache full:https://registry.npmjs.org/side-channel-map set size:undefined disposed:false
524 http fetch GET 200 https://registry.npmjs.org/object-inspect 81ms (cache miss)
525 silly packumentCache full:https://registry.npmjs.org/object-inspect set size:undefined disposed:false
526 silly placeDep ROOT mime@1.6.0 OK for: send@0.19.2 want: 1.6.0
527 silly placeDep node_modules/send ms@2.1.3 OK for: send@0.19.2 want: 2.1.3
528 silly placeDep ROOT es-errors@1.3.0 OK for: side-channel@1.1.0 want: ^1.3.0
529 silly placeDep ROOT object-inspect@1.13.4 OK for: side-channel@1.1.0 want: ^1.13.3
530 silly placeDep ROOT side-channel-list@1.0.1 OK for: side-channel@1.1.0 want: ^1.0.0
531 silly placeDep ROOT side-channel-map@1.0.1 OK for: side-channel@1.1.0 want: ^1.0.1
532 silly placeDep ROOT side-channel-weakmap@1.0.2 OK for: side-channel@1.1.0 want: ^1.0.2
533 silly fetch manifest call-bound@^1.0.2
534 silly packumentCache full:https://registry.npmjs.org/call-bound cache-miss
535 silly fetch manifest get-intrinsic@^1.2.5
536 silly packumentCache full:https://registry.npmjs.org/get-intrinsic cache-miss
537 silly fetch manifest call-bound@^1.0.2
538 silly packumentCache full:https://registry.npmjs.org/call-bound cache-miss
539 silly fetch manifest get-intrinsic@^1.2.5
540 silly packumentCache full:https://registry.npmjs.org/get-intrinsic cache-miss
541 http fetch GET 200 https://registry.npmjs.org/call-bound 36ms (cache miss)
542 silly packumentCache full:https://registry.npmjs.org/call-bound set size:undefined disposed:false
543 http fetch GET 200 https://registry.npmjs.org/call-bound 38ms (cache miss)
544 silly packumentCache full:https://registry.npmjs.org/call-bound set size:undefined disposed:false
545 http fetch GET 200 https://registry.npmjs.org/get-intrinsic 39ms (cache miss)
546 silly packumentCache full:https://registry.npmjs.org/get-intrinsic set size:undefined disposed:false
547 http fetch GET 200 https://registry.npmjs.org/get-intrinsic 56ms (cache miss)
548 silly packumentCache full:https://registry.npmjs.org/get-intrinsic set size:undefined disposed:false
549 silly placeDep ROOT call-bound@1.0.4 OK for: side-channel-map@1.0.1 want: ^1.0.2
550 silly placeDep ROOT get-intrinsic@1.3.0 OK for: side-channel-map@1.0.1 want: ^1.2.5
551 silly fetch manifest call-bind-apply-helpers@^1.0.2
552 silly packumentCache full:https://registry.npmjs.org/call-bind-apply-helpers cache-miss
553 silly fetch manifest get-intrinsic@^1.3.0
554 silly packumentCache full:https://registry.npmjs.org/get-intrinsic cache-miss
555 silly fetch manifest gopd@^1.2.0
556 silly packumentCache full:https://registry.npmjs.org/gopd cache-miss
557 silly fetch manifest hasown@^2.0.2
558 silly packumentCache full:https://registry.npmjs.org/hasown cache-miss
559 silly fetch manifest get-proto@^1.0.1
560 silly packumentCache full:https://registry.npmjs.org/get-proto cache-miss
561 silly fetch manifest has-symbols@^1.1.0
562 silly packumentCache full:https://registry.npmjs.org/has-symbols cache-miss
563 silly fetch manifest function-bind@^1.1.2
564 silly packumentCache full:https://registry.npmjs.org/function-bind cache-miss
565 silly fetch manifest es-object-atoms@^1.1.1
566 silly packumentCache full:https://registry.npmjs.org/es-object-atoms cache-miss
567 silly fetch manifest math-intrinsics@^1.1.0
568 silly packumentCache full:https://registry.npmjs.org/math-intrinsics cache-miss
569 silly fetch manifest es-define-property@^1.0.1
570 silly packumentCache full:https://registry.npmjs.org/es-define-property cache-miss
571 silly fetch manifest call-bind-apply-helpers@^1.0.2
572 silly packumentCache full:https://registry.npmjs.org/call-bind-apply-helpers cache-miss
573 http cache https://registry.npmjs.org/get-intrinsic 13ms (cache hit)
574 silly packumentCache full:https://registry.npmjs.org/get-intrinsic set size:60985 disposed:false
575 http fetch GET 200 https://registry.npmjs.org/call-bind-apply-helpers 37ms (cache miss)
576 silly packumentCache full:https://registry.npmjs.org/call-bind-apply-helpers set size:undefined disposed:false
577 http fetch GET 200 https://registry.npmjs.org/math-intrinsics 45ms (cache miss)
578 silly packumentCache full:https://registry.npmjs.org/math-intrinsics set size:undefined disposed:false
579 http fetch GET 200 https://registry.npmjs.org/es-object-atoms 46ms (cache miss)
580 silly packumentCache full:https://registry.npmjs.org/es-object-atoms set size:undefined disposed:false
581 http fetch GET 200 https://registry.npmjs.org/es-define-property 47ms (cache miss)
582 silly packumentCache full:https://registry.npmjs.org/es-define-property set size:undefined disposed:false
583 http fetch GET 200 https://registry.npmjs.org/gopd 49ms (cache miss)
584 silly packumentCache full:https://registry.npmjs.org/gopd set size:undefined disposed:false
585 http fetch GET 200 https://registry.npmjs.org/hasown 50ms (cache miss)
586 silly packumentCache full:https://registry.npmjs.org/hasown set size:undefined disposed:false
587 http fetch GET 200 https://registry.npmjs.org/call-bind-apply-helpers 56ms (cache miss)
588 silly packumentCache full:https://registry.npmjs.org/call-bind-apply-helpers set size:undefined disposed:false
589 http fetch GET 200 https://registry.npmjs.org/has-symbols 61ms (cache miss)
590 silly packumentCache full:https://registry.npmjs.org/has-symbols set size:undefined disposed:false
591 http fetch GET 200 https://registry.npmjs.org/get-proto 64ms (cache miss)
592 silly packumentCache full:https://registry.npmjs.org/get-proto set size:undefined disposed:false
593 http fetch GET 200 https://registry.npmjs.org/function-bind 74ms (cache miss)
594 silly packumentCache full:https://registry.npmjs.org/function-bind set size:undefined disposed:false
595 silly placeDep ROOT call-bind-apply-helpers@1.0.2 OK for: call-bound@1.0.4 want: ^1.0.2
596 silly placeDep ROOT function-bind@1.1.2 OK for: call-bind-apply-helpers@1.0.2 want: ^1.1.2
597 silly placeDep ROOT es-define-property@1.0.1 OK for: get-intrinsic@1.3.0 want: ^1.0.1
598 silly placeDep ROOT es-object-atoms@1.1.1 OK for: get-intrinsic@1.3.0 want: ^1.1.1
599 silly placeDep ROOT get-proto@1.0.1 OK for: get-intrinsic@1.3.0 want: ^1.0.1
600 silly placeDep ROOT gopd@1.2.0 OK for: get-intrinsic@1.3.0 want: ^1.2.0
601 silly placeDep ROOT has-symbols@1.1.0 OK for: get-intrinsic@1.3.0 want: ^1.1.0
602 silly placeDep ROOT hasown@2.0.3 OK for: get-intrinsic@1.3.0 want: ^2.0.2
603 silly placeDep ROOT math-intrinsics@1.1.0 OK for: get-intrinsic@1.3.0 want: ^1.1.0
604 silly fetch manifest dunder-proto@^1.0.1
605 silly packumentCache full:https://registry.npmjs.org/dunder-proto cache-miss
606 http fetch GET 200 https://registry.npmjs.org/dunder-proto 103ms (cache miss)
607 silly packumentCache full:https://registry.npmjs.org/dunder-proto set size:undefined disposed:false
608 silly placeDep ROOT dunder-proto@1.0.1 OK for: get-proto@1.0.1 want: ^1.0.1
609 silly placeDep ROOT memory-pager@1.5.0 OK for: sparse-bitfield@3.0.3 want: ^1.0.2
610 silly placeDep ROOT media-typer@0.3.0 OK for: type-is@1.6.18 want: 0.3.0
611 silly placeDep ROOT tr46@5.1.1 OK for: whatwg-url@14.2.0 want: ^5.1.0
612 silly placeDep ROOT webidl-conversions@7.0.0 OK for: whatwg-url@14.2.0 want: ^7.0.0
613 silly fetch manifest punycode@^2.3.1
614 silly packumentCache full:https://registry.npmjs.org/punycode cache-miss
615 http fetch GET 200 https://registry.npmjs.org/punycode 32ms (cache miss)
616 silly packumentCache full:https://registry.npmjs.org/punycode set size:undefined disposed:false
617 silly placeDep ROOT punycode@2.3.1 OK for: tr46@5.1.1 want: ^2.3.1
618 silly placeDep node_modules/mquery ms@2.1.3 OK for: debug@4.4.3 want: ^2.1.3
619 silly reify moves {}
620 silly audit bulk request {
620 silly audit   '@esbuild/aix-ppc64': [ '0.27.7' ],
620 silly audit   '@esbuild/android-arm': [ '0.27.7' ],
620 silly audit   '@esbuild/android-arm64': [ '0.27.7' ],
620 silly audit   '@esbuild/android-x64': [ '0.27.7' ],
620 silly audit   '@esbuild/darwin-arm64': [ '0.27.7' ],
620 silly audit   '@esbuild/darwin-x64': [ '0.27.7' ],
620 silly audit   '@esbuild/freebsd-arm64': [ '0.27.7' ],
620 silly audit   '@esbuild/freebsd-x64': [ '0.27.7' ],
620 silly audit   '@esbuild/linux-arm': [ '0.27.7' ],
620 silly audit   '@esbuild/linux-arm64': [ '0.27.7' ],
620 silly audit   '@esbuild/linux-ia32': [ '0.27.7' ],
620 silly audit   '@esbuild/linux-loong64': [ '0.27.7' ],
620 silly audit   '@esbuild/linux-mips64el': [ '0.27.7' ],
620 silly audit   '@esbuild/linux-ppc64': [ '0.27.7' ],
620 silly audit   '@esbuild/linux-riscv64': [ '0.27.7' ],
620 silly audit   '@esbuild/linux-s390x': [ '0.27.7' ],
620 silly audit   '@esbuild/linux-x64': [ '0.27.7' ],
620 silly audit   '@esbuild/netbsd-arm64': [ '0.27.7' ],
620 silly audit   '@esbuild/netbsd-x64': [ '0.27.7' ],
620 silly audit   '@esbuild/openbsd-arm64': [ '0.27.7' ],
620 silly audit   '@esbuild/openbsd-x64': [ '0.27.7' ],
620 silly audit   '@esbuild/openharmony-arm64': [ '0.27.7' ],
620 silly audit   '@esbuild/sunos-x64': [ '0.27.7' ],
620 silly audit   '@esbuild/win32-arm64': [ '0.27.7' ],
620 silly audit   '@esbuild/win32-ia32': [ '0.27.7' ],
620 silly audit   '@esbuild/win32-x64': [ '0.27.7' ],
620 silly audit   '@types/bcryptjs': [ '2.4.6' ],
620 silly audit   '@types/body-parser': [ '1.19.6' ],
620 silly audit   '@types/connect': [ '3.4.38' ],
620 silly audit   '@types/cors': [ '2.8.19' ],
620 silly audit   '@types/express': [ '4.17.25' ],
620 silly audit   '@types/express-serve-static-core': [ '4.19.8' ],
620 silly audit   '@types/http-errors': [ '2.0.5' ],
620 silly audit   '@types/jsonwebtoken': [ '9.0.10' ],
620 silly audit   '@types/mime': [ '1.3.5' ],
620 silly audit   '@types/ms': [ '2.1.0' ],
620 silly audit   '@types/node': [ '20.19.41' ],
620 silly audit   '@types/qs': [ '6.15.1' ],
620 silly audit   '@types/range-parser': [ '1.2.7' ],
620 silly audit   '@types/send': [ '1.2.1', '0.17.6' ],
620 silly audit   '@types/serve-static': [ '1.15.10' ],
620 silly audit   esbuild: [ '0.27.7' ],
620 silly audit   fsevents: [ '2.3.3' ],
620 silly audit   'get-tsconfig': [ '4.14.0' ],
620 silly audit   'resolve-pkg-maps': [ '1.0.0' ],
620 silly audit   tsx: [ '4.21.0' ],
620 silly audit   typescript: [ '5.9.3' ],
620 silly audit   'undici-types': [ '6.21.0' ],
620 silly audit   bcryptjs: [ '2.4.3' ],
620 silly audit   cors: [ '2.8.6' ],
620 silly audit   dotenv: [ '16.6.1' ],
620 silly audit   express: [ '4.22.2' ],
620 silly audit   jsonwebtoken: [ '9.0.3' ],
620 silly audit   mongoose: [ '8.23.1' ],
620 silly audit   'object-assign': [ '4.1.1' ],
620 silly audit   vary: [ '1.1.2' ],
620 silly audit   accepts: [ '1.3.8' ],
620 silly audit   'array-flatten': [ '1.1.1' ],
620 silly audit   'body-parser': [ '1.20.5' ],
620 silly audit   'content-disposition': [ '0.5.4' ],
620 silly audit   'content-type': [ '1.0.5' ],
620 silly audit   cookie: [ '0.7.2' ],
620 silly audit   'cookie-signature': [ '1.0.7' ],
620 silly audit   debug: [ '2.6.9', '4.4.3' ],
620 silly audit   depd: [ '2.0.0' ],
620 silly audit   encodeurl: [ '2.0.0' ],
620 silly audit   'escape-html': [ '1.0.3' ],
620 silly audit   etag: [ '1.8.1' ],
620 silly audit   finalhandler: [ '1.3.2' ],
620 silly audit   fresh: [ '0.5.2' ],
620 silly audit   'http-errors': [ '2.0.1' ],
620 silly audit   'merge-descriptors': [ '1.0.3' ],
620 silly audit   methods: [ '1.1.2' ],
620 silly audit   'on-finished': [ '2.4.1' ],
620 silly audit   parseurl: [ '1.3.3' ],
620 silly audit   'path-to-regexp': [ '0.1.13' ],
620 silly audit   'proxy-addr': [ '2.0.7' ],
620 silly audit   qs: [ '6.15.1' ],
620 silly audit   'range-parser': [ '1.2.1' ],
620 silly audit   'safe-buffer': [ '5.2.1' ],
620 silly audit   send: [ '0.19.2' ],
620 silly audit   'serve-static': [ '1.16.3' ],
620 silly audit   setprototypeof: [ '1.2.0' ],
620 silly audit   statuses: [ '2.0.2' ],
620 silly audit   'type-is': [ '1.6.18' ],
620 silly audit   'utils-merge': [ '1.0.1' ],
620 silly audit   'mime-types': [ '2.1.35' ],
620 silly audit   negotiator: [ '0.6.3' ],
620 silly audit   bytes: [ '3.1.2' ],
620 silly audit   destroy: [ '1.2.0' ],
620 silly audit   'iconv-lite': [ '0.4.24' ],
620 silly audit   'raw-body': [ '2.5.3' ],
620 silly audit   unpipe: [ '1.0.0' ],
620 silly audit   ms: [ '2.0.0', '2.1.3' ],
620 silly audit   inherits: [ '2.0.4' ],
620 silly audit   toidentifier: [ '1.0.1' ],
620 silly audit   'safer-buffer': [ '2.1.2' ],
620 silly audit   jws: [ '4.0.1' ],
620 silly audit   'lodash.includes': [ '4.3.0' ],
620 silly audit   'lodash.isboolean': [ '3.0.3' ],
620 silly audit   'lodash.isinteger': [ '4.0.4' ],
620 silly audit   'lodash.isnumber': [ '3.0.3' ],
620 silly audit   'lodash.isplainobject': [ '4.0.6' ],
620 silly audit   'lodash.isstring': [ '4.0.1' ],
620 silly audit   'lodash.once': [ '4.1.1' ],
620 silly audit   semver: [ '7.8.0' ],
620 silly audit   jwa: [ '2.0.1' ],
620 silly audit   'buffer-equal-constant-time': [ '1.0.1' ],
620 silly audit   'ecdsa-sig-formatter': [ '1.0.11' ],
620 silly audit   'mime-db': [ '1.52.0' ],
620 silly audit   bson: [ '6.10.4' ],
620 silly audit   kareem: [ '2.6.3' ],
620 silly audit   mongodb: [ '6.20.0' ],
620 silly audit   mpath: [ '0.9.0' ],
620 silly audit   mquery: [ '5.0.0' ],
620 silly audit   sift: [ '17.1.3' ],
620 silly audit   '@mongodb-js/saslprep': [ '1.4.11' ],
620 silly audit   'mongodb-connection-string-url': [ '3.0.2' ],
620 silly audit   'sparse-bitfield': [ '3.0.3' ],
620 silly audit   '@types/whatwg-url': [ '11.0.5' ],
620 silly audit   'whatwg-url': [ '14.2.0' ],
620 silly audit   '@types/webidl-conversions': [ '7.0.3' ],
620 silly audit   'ee-first': [ '1.1.1' ],
620 silly audit   forwarded: [ '0.2.0' ],
620 silly audit   'ipaddr.js': [ '1.9.1' ],
620 silly audit   'side-channel': [ '1.1.0' ],
620 silly audit   mime: [ '1.6.0' ],
620 silly audit   'es-errors': [ '1.3.0' ],
620 silly audit   'object-inspect': [ '1.13.4' ],
620 silly audit   'side-channel-list': [ '1.0.1' ],
620 silly audit   'side-channel-map': [ '1.0.1' ],
620 silly audit   'side-channel-weakmap': [ '1.0.2' ],
620 silly audit   'call-bound': [ '1.0.4' ],
620 silly audit   'get-intrinsic': [ '1.3.0' ],
620 silly audit   'call-bind-apply-helpers': [ '1.0.2' ],
620 silly audit   'function-bind': [ '1.1.2' ],
620 silly audit   'es-define-property': [ '1.0.1' ],
620 silly audit   'es-object-atoms': [ '1.1.1' ],
620 silly audit   'get-proto': [ '1.0.1' ],
620 silly audit   gopd: [ '1.2.0' ],
620 silly audit   'has-symbols': [ '1.1.0' ],
620 silly audit   hasown: [ '2.0.3' ],
620 silly audit   'math-intrinsics': [ '1.1.0' ],
620 silly audit   'dunder-proto': [ '1.0.1' ],
620 silly audit   'memory-pager': [ '1.5.0' ],
620 silly audit   'media-typer': [ '0.3.0' ],
620 silly audit   tr46: [ '5.1.1' ],
620 silly audit   'webidl-conversions': [ '7.0.0' ],
620 silly audit   punycode: [ '2.3.1' ]
620 silly audit }
621 http cache punycode@https://registry.npmjs.org/punycode/-/punycode-2.3.1.tgz 0ms (cache hit)
622 http cache tr46@https://registry.npmjs.org/tr46/-/tr46-5.1.1.tgz 0ms (cache hit)
623 http cache webidl-conversions@https://registry.npmjs.org/webidl-conversions/-/webidl-conversions-7.0.0.tgz 0ms (cache hit)
624 http cache media-typer@https://registry.npmjs.org/media-typer/-/media-typer-0.3.0.tgz 0ms (cache hit)
625 http cache memory-pager@https://registry.npmjs.org/memory-pager/-/memory-pager-1.5.0.tgz 0ms (cache hit)
626 http cache math-intrinsics@https://registry.npmjs.org/math-intrinsics/-/math-intrinsics-1.1.0.tgz 0ms (cache hit)
627 http cache gopd@https://registry.npmjs.org/gopd/-/gopd-1.2.0.tgz 0ms (cache hit)
628 http cache hasown@https://registry.npmjs.org/hasown/-/hasown-2.0.3.tgz 0ms (cache hit)
629 http cache has-symbols@https://registry.npmjs.org/has-symbols/-/has-symbols-1.1.0.tgz 0ms (cache hit)
630 http cache get-proto@https://registry.npmjs.org/get-proto/-/get-proto-1.0.1.tgz 0ms (cache hit)
631 http cache es-object-atoms@https://registry.npmjs.org/es-object-atoms/-/es-object-atoms-1.1.1.tgz 0ms (cache hit)
632 http cache dunder-proto@https://registry.npmjs.org/dunder-proto/-/dunder-proto-1.0.1.tgz 0ms (cache hit)
633 http cache function-bind@https://registry.npmjs.org/function-bind/-/function-bind-1.1.2.tgz 0ms (cache hit)
634 http cache get-intrinsic@https://registry.npmjs.org/get-intrinsic/-/get-intrinsic-1.3.0.tgz 0ms (cache hit)
635 http cache es-define-property@https://registry.npmjs.org/es-define-property/-/es-define-property-1.0.1.tgz 0ms (cache hit)
636 http cache call-bound@https://registry.npmjs.org/call-bound/-/call-bound-1.0.4.tgz 0ms (cache hit)
637 http cache side-channel-weakmap@https://registry.npmjs.org/side-channel-weakmap/-/side-channel-weakmap-1.0.2.tgz 0ms (cache hit)
638 http cache side-channel-map@https://registry.npmjs.org/side-channel-map/-/side-channel-map-1.0.1.tgz 0ms (cache hit)
639 http cache side-channel-list@https://registry.npmjs.org/side-channel-list/-/side-channel-list-1.0.1.tgz 0ms (cache hit)
640 http cache object-inspect@https://registry.npmjs.org/object-inspect/-/object-inspect-1.13.4.tgz 0ms (cache hit)
641 http cache call-bind-apply-helpers@https://registry.npmjs.org/call-bind-apply-helpers/-/call-bind-apply-helpers-1.0.2.tgz 0ms (cache hit)
642 http cache mime@https://registry.npmjs.org/mime/-/mime-1.6.0.tgz 0ms (cache hit)
643 http cache side-channel@https://registry.npmjs.org/side-channel/-/side-channel-1.1.0.tgz 0ms (cache hit)
644 http cache @types/webidl-conversions@https://registry.npmjs.org/@types/webidl-conversions/-/webidl-conversions-7.0.3.tgz 0ms (cache hit)
645 http cache ipaddr.js@https://registry.npmjs.org/ipaddr.js/-/ipaddr.js-1.9.1.tgz 0ms (cache hit)
646 http cache es-errors@https://registry.npmjs.org/es-errors/-/es-errors-1.3.0.tgz 0ms (cache hit)
647 http cache ee-first@https://registry.npmjs.org/ee-first/-/ee-first-1.1.1.tgz 0ms (cache hit)
648 http cache forwarded@https://registry.npmjs.org/forwarded/-/forwarded-0.2.0.tgz 0ms (cache hit)
649 http cache whatwg-url@https://registry.npmjs.org/whatwg-url/-/whatwg-url-14.2.0.tgz 0ms (cache hit)
650 http cache @mongodb-js/saslprep@https://registry.npmjs.org/@mongodb-js/saslprep/-/saslprep-1.4.11.tgz 0ms (cache hit)
651 http cache @types/whatwg-url@https://registry.npmjs.org/@types/whatwg-url/-/whatwg-url-11.0.5.tgz 0ms (cache hit)
652 http cache sift@https://registry.npmjs.org/sift/-/sift-17.1.3.tgz 0ms (cache hit)
653 http cache mongodb-connection-string-url@https://registry.npmjs.org/mongodb-connection-string-url/-/mongodb-connection-string-url-3.0.2.tgz 0ms (cache hit)
654 http cache mpath@https://registry.npmjs.org/mpath/-/mpath-0.9.0.tgz 0ms (cache hit)
655 http cache mongodb@https://registry.npmjs.org/mongodb/-/mongodb-6.20.0.tgz 0ms (cache hit)
656 http cache mquery@https://registry.npmjs.org/mquery/-/mquery-5.0.0.tgz 0ms (cache hit)
657 http cache sparse-bitfield@https://registry.npmjs.org/sparse-bitfield/-/sparse-bitfield-3.0.3.tgz 0ms (cache hit)
658 http cache kareem@https://registry.npmjs.org/kareem/-/kareem-2.6.3.tgz 0ms (cache hit)
659 http cache bson@https://registry.npmjs.org/bson/-/bson-6.10.4.tgz 0ms (cache hit)
660 http cache mime-db@https://registry.npmjs.org/mime-db/-/mime-db-1.52.0.tgz 0ms (cache hit)
661 http cache buffer-equal-constant-time@https://registry.npmjs.org/buffer-equal-constant-time/-/buffer-equal-constant-time-1.0.1.tgz 0ms (cache hit)
662 http cache jwa@https://registry.npmjs.org/jwa/-/jwa-2.0.1.tgz 0ms (cache hit)
663 http cache ecdsa-sig-formatter@https://registry.npmjs.org/ecdsa-sig-formatter/-/ecdsa-sig-formatter-1.0.11.tgz 0ms (cache hit)
664 http cache lodash.once@https://registry.npmjs.org/lodash.once/-/lodash.once-4.1.1.tgz 0ms (cache hit)
665 http cache lodash.isstring@https://registry.npmjs.org/lodash.isstring/-/lodash.isstring-4.0.1.tgz 0ms (cache hit)
666 http cache semver@https://registry.npmjs.org/semver/-/semver-7.8.0.tgz 0ms (cache hit)
667 http cache lodash.isinteger@https://registry.npmjs.org/lodash.isinteger/-/lodash.isinteger-4.0.4.tgz 0ms (cache hit)
668 http cache lodash.isnumber@https://registry.npmjs.org/lodash.isnumber/-/lodash.isnumber-3.0.3.tgz 0ms (cache hit)
669 http cache lodash.isplainobject@https://registry.npmjs.org/lodash.isplainobject/-/lodash.isplainobject-4.0.6.tgz 0ms (cache hit)
670 http cache jws@https://registry.npmjs.org/jws/-/jws-4.0.1.tgz 0ms (cache hit)
671 http cache lodash.isboolean@https://registry.npmjs.org/lodash.isboolean/-/lodash.isboolean-3.0.3.tgz 0ms (cache hit)
672 http cache lodash.includes@https://registry.npmjs.org/lodash.includes/-/lodash.includes-4.3.0.tgz 0ms (cache hit)
673 http cache toidentifier@https://registry.npmjs.org/toidentifier/-/toidentifier-1.0.1.tgz 0ms (cache hit)
674 http cache safer-buffer@https://registry.npmjs.org/safer-buffer/-/safer-buffer-2.1.2.tgz 0ms (cache hit)
675 http cache inherits@https://registry.npmjs.org/inherits/-/inherits-2.0.4.tgz 0ms (cache hit)
676 http cache ms@https://registry.npmjs.org/ms/-/ms-2.0.0.tgz 0ms (cache hit)
677 http cache iconv-lite@https://registry.npmjs.org/iconv-lite/-/iconv-lite-0.4.24.tgz 0ms (cache hit)
678 http cache raw-body@https://registry.npmjs.org/raw-body/-/raw-body-2.5.3.tgz 0ms (cache hit)
679 http cache unpipe@https://registry.npmjs.org/unpipe/-/unpipe-1.0.0.tgz 0ms (cache hit)
680 http cache mime-types@https://registry.npmjs.org/mime-types/-/mime-types-2.1.35.tgz 0ms (cache hit)
681 http cache destroy@https://registry.npmjs.org/destroy/-/destroy-1.2.0.tgz 0ms (cache hit)
682 http cache utils-merge@https://registry.npmjs.org/utils-merge/-/utils-merge-1.0.1.tgz 0ms (cache hit)
683 http cache statuses@https://registry.npmjs.org/statuses/-/statuses-2.0.2.tgz 0ms (cache hit)
684 http cache type-is@https://registry.npmjs.org/type-is/-/type-is-1.6.18.tgz 0ms (cache hit)
685 http cache setprototypeof@https://registry.npmjs.org/setprototypeof/-/setprototypeof-1.2.0.tgz 0ms (cache hit)
686 http cache negotiator@https://registry.npmjs.org/negotiator/-/negotiator-0.6.3.tgz 0ms (cache hit)
687 http cache serve-static@https://registry.npmjs.org/serve-static/-/serve-static-1.16.3.tgz 0ms (cache hit)
688 http cache bytes@https://registry.npmjs.org/bytes/-/bytes-3.1.2.tgz 0ms (cache hit)
689 http cache safe-buffer@https://registry.npmjs.org/safe-buffer/-/safe-buffer-5.2.1.tgz 0ms (cache hit)
690 http cache send@https://registry.npmjs.org/send/-/send-0.19.2.tgz 0ms (cache hit)
691 http cache range-parser@https://registry.npmjs.org/range-parser/-/range-parser-1.2.1.tgz 0ms (cache hit)
692 http cache qs@https://registry.npmjs.org/qs/-/qs-6.15.1.tgz 0ms (cache hit)
693 http cache proxy-addr@https://registry.npmjs.org/proxy-addr/-/proxy-addr-2.0.7.tgz 0ms (cache hit)
694 http cache path-to-regexp@https://registry.npmjs.org/path-to-regexp/-/path-to-regexp-0.1.13.tgz 0ms (cache hit)
695 http cache parseurl@https://registry.npmjs.org/parseurl/-/parseurl-1.3.3.tgz 0ms (cache hit)
696 http cache methods@https://registry.npmjs.org/methods/-/methods-1.1.2.tgz 0ms (cache hit)
697 http cache on-finished@https://registry.npmjs.org/on-finished/-/on-finished-2.4.1.tgz 0ms (cache hit)
698 http cache http-errors@https://registry.npmjs.org/http-errors/-/http-errors-2.0.1.tgz 0ms (cache hit)
699 http cache fresh@https://registry.npmjs.org/fresh/-/fresh-0.5.2.tgz 0ms (cache hit)
700 http cache merge-descriptors@https://registry.npmjs.org/merge-descriptors/-/merge-descriptors-1.0.3.tgz 0ms (cache hit)
701 http cache etag@https://registry.npmjs.org/etag/-/etag-1.8.1.tgz 0ms (cache hit)
702 http cache escape-html@https://registry.npmjs.org/escape-html/-/escape-html-1.0.3.tgz 0ms (cache hit)
703 http cache finalhandler@https://registry.npmjs.org/finalhandler/-/finalhandler-1.3.2.tgz 0ms (cache hit)
704 http cache depd@https://registry.npmjs.org/depd/-/depd-2.0.0.tgz 0ms (cache hit)
705 http cache debug@https://registry.npmjs.org/debug/-/debug-2.6.9.tgz 0ms (cache hit)
706 http cache encodeurl@https://registry.npmjs.org/encodeurl/-/encodeurl-2.0.0.tgz 0ms (cache hit)
707 http cache cookie@https://registry.npmjs.org/cookie/-/cookie-0.7.2.tgz 0ms (cache hit)
708 http cache cookie-signature@https://registry.npmjs.org/cookie-signature/-/cookie-signature-1.0.7.tgz 0ms (cache hit)
709 http cache content-type@https://registry.npmjs.org/content-type/-/content-type-1.0.5.tgz 0ms (cache hit)
710 http cache body-parser@https://registry.npmjs.org/body-parser/-/body-parser-1.20.5.tgz 0ms (cache hit)
711 http cache content-disposition@https://registry.npmjs.org/content-disposition/-/content-disposition-0.5.4.tgz 0ms (cache hit)
712 http cache vary@https://registry.npmjs.org/vary/-/vary-1.1.2.tgz 0ms (cache hit)
713 http cache array-flatten@https://registry.npmjs.org/array-flatten/-/array-flatten-1.1.1.tgz 0ms (cache hit)
714 http cache mongoose@https://registry.npmjs.org/mongoose/-/mongoose-8.23.1.tgz 0ms (cache hit)
715 http cache accepts@https://registry.npmjs.org/accepts/-/accepts-1.3.8.tgz 0ms (cache hit)
716 http cache object-assign@https://registry.npmjs.org/object-assign/-/object-assign-4.1.1.tgz 0ms (cache hit)
717 http cache dotenv@https://registry.npmjs.org/dotenv/-/dotenv-16.6.1.tgz 0ms (cache hit)
718 http cache express@https://registry.npmjs.org/express/-/express-4.22.2.tgz 0ms (cache hit)
719 http cache jsonwebtoken@https://registry.npmjs.org/jsonwebtoken/-/jsonwebtoken-9.0.3.tgz 0ms (cache hit)
720 http cache ms@https://registry.npmjs.org/ms/-/ms-2.1.3.tgz 0ms (cache hit)
721 http cache bcryptjs@https://registry.npmjs.org/bcryptjs/-/bcryptjs-2.4.3.tgz 0ms (cache hit)
722 http cache cors@https://registry.npmjs.org/cors/-/cors-2.8.6.tgz 0ms (cache hit)
723 http cache ms@https://registry.npmjs.org/ms/-/ms-2.1.3.tgz 0ms (cache hit)
724 http cache debug@https://registry.npmjs.org/debug/-/debug-4.4.3.tgz 0ms (cache hit)
725 silly tarball no local data for punycode@https://registry.npmjs.org/punycode/-/punycode-2.3.1.tgz. Extracting by manifest.
726 silly tarball no local data for tr46@https://registry.npmjs.org/tr46/-/tr46-5.1.1.tgz. Extracting by manifest.
727 silly tarball no local data for webidl-conversions@https://registry.npmjs.org/webidl-conversions/-/webidl-conversions-7.0.0.tgz. Extracting by manifest.
728 silly tarball no local data for media-typer@https://registry.npmjs.org/media-typer/-/media-typer-0.3.0.tgz. Extracting by manifest.
729 silly tarball no local data for memory-pager@https://registry.npmjs.org/memory-pager/-/memory-pager-1.5.0.tgz. Extracting by manifest.
730 http cache ms@https://registry.npmjs.org/ms/-/ms-2.1.3.tgz 0ms (cache hit)
731 silly tarball no local data for math-intrinsics@https://registry.npmjs.org/math-intrinsics/-/math-intrinsics-1.1.0.tgz. Extracting by manifest.
732 silly tarball no local data for gopd@https://registry.npmjs.org/gopd/-/gopd-1.2.0.tgz. Extracting by manifest.
733 silly tarball no local data for hasown@https://registry.npmjs.org/hasown/-/hasown-2.0.3.tgz. Extracting by manifest.
734 silly tarball no local data for has-symbols@https://registry.npmjs.org/has-symbols/-/has-symbols-1.1.0.tgz. Extracting by manifest.
735 silly tarball no local data for get-proto@https://registry.npmjs.org/get-proto/-/get-proto-1.0.1.tgz. Extracting by manifest.
736 silly tarball no local data for es-object-atoms@https://registry.npmjs.org/es-object-atoms/-/es-object-atoms-1.1.1.tgz. Extracting by manifest.
737 silly tarball no local data for dunder-proto@https://registry.npmjs.org/dunder-proto/-/dunder-proto-1.0.1.tgz. Extracting by manifest.
738 silly tarball no local data for function-bind@https://registry.npmjs.org/function-bind/-/function-bind-1.1.2.tgz. Extracting by manifest.
739 silly tarball no local data for get-intrinsic@https://registry.npmjs.org/get-intrinsic/-/get-intrinsic-1.3.0.tgz. Extracting by manifest.
740 silly tarball no local data for es-define-property@https://registry.npmjs.org/es-define-property/-/es-define-property-1.0.1.tgz. Extracting by manifest.
741 silly tarball no local data for call-bound@https://registry.npmjs.org/call-bound/-/call-bound-1.0.4.tgz. Extracting by manifest.
742 silly tarball no local data for side-channel-weakmap@https://registry.npmjs.org/side-channel-weakmap/-/side-channel-weakmap-1.0.2.tgz. Extracting by manifest.
743 silly tarball no local data for side-channel-map@https://registry.npmjs.org/side-channel-map/-/side-channel-map-1.0.1.tgz. Extracting by manifest.
744 silly tarball no local data for side-channel-list@https://registry.npmjs.org/side-channel-list/-/side-channel-list-1.0.1.tgz. Extracting by manifest.
745 silly tarball no local data for object-inspect@https://registry.npmjs.org/object-inspect/-/object-inspect-1.13.4.tgz. Extracting by manifest.
746 silly tarball no local data for call-bind-apply-helpers@https://registry.npmjs.org/call-bind-apply-helpers/-/call-bind-apply-helpers-1.0.2.tgz. Extracting by manifest.
747 silly tarball no local data for mime@https://registry.npmjs.org/mime/-/mime-1.6.0.tgz. Extracting by manifest.
748 silly tarball no local data for side-channel@https://registry.npmjs.org/side-channel/-/side-channel-1.1.0.tgz. Extracting by manifest.
749 silly tarball no local data for @types/webidl-conversions@https://registry.npmjs.org/@types/webidl-conversions/-/webidl-conversions-7.0.3.tgz. Extracting by manifest.
750 silly tarball no local data for ipaddr.js@https://registry.npmjs.org/ipaddr.js/-/ipaddr.js-1.9.1.tgz. Extracting by manifest.
751 silly tarball no local data for es-errors@https://registry.npmjs.org/es-errors/-/es-errors-1.3.0.tgz. Extracting by manifest.
752 silly tarball no local data for ee-first@https://registry.npmjs.org/ee-first/-/ee-first-1.1.1.tgz. Extracting by manifest.
753 silly tarball no local data for forwarded@https://registry.npmjs.org/forwarded/-/forwarded-0.2.0.tgz. Extracting by manifest.
754 http cache ms@https://registry.npmjs.org/ms/-/ms-2.1.3.tgz 0ms (cache hit)
755 silly tarball no local data for whatwg-url@https://registry.npmjs.org/whatwg-url/-/whatwg-url-14.2.0.tgz. Extracting by manifest.
756 silly tarball no local data for @mongodb-js/saslprep@https://registry.npmjs.org/@mongodb-js/saslprep/-/saslprep-1.4.11.tgz. Extracting by manifest.
757 silly tarball no local data for @types/whatwg-url@https://registry.npmjs.org/@types/whatwg-url/-/whatwg-url-11.0.5.tgz. Extracting by manifest.
758 silly tarball no local data for sift@https://registry.npmjs.org/sift/-/sift-17.1.3.tgz. Extracting by manifest.
759 silly tarball no local data for mongodb-connection-string-url@https://registry.npmjs.org/mongodb-connection-string-url/-/mongodb-connection-string-url-3.0.2.tgz. Extracting by manifest.
760 silly tarball no local data for mpath@https://registry.npmjs.org/mpath/-/mpath-0.9.0.tgz. Extracting by manifest.
761 silly tarball no local data for mongodb@https://registry.npmjs.org/mongodb/-/mongodb-6.20.0.tgz. Extracting by manifest.
762 silly tarball no local data for mquery@https://registry.npmjs.org/mquery/-/mquery-5.0.0.tgz. Extracting by manifest.
763 silly tarball no local data for sparse-bitfield@https://registry.npmjs.org/sparse-bitfield/-/sparse-bitfield-3.0.3.tgz. Extracting by manifest.
764 silly tarball no local data for kareem@https://registry.npmjs.org/kareem/-/kareem-2.6.3.tgz. Extracting by manifest.
765 silly tarball no local data for bson@https://registry.npmjs.org/bson/-/bson-6.10.4.tgz. Extracting by manifest.
766 silly tarball no local data for mime-db@https://registry.npmjs.org/mime-db/-/mime-db-1.52.0.tgz. Extracting by manifest.
767 silly tarball no local data for buffer-equal-constant-time@https://registry.npmjs.org/buffer-equal-constant-time/-/buffer-equal-constant-time-1.0.1.tgz. Extracting by manifest.
768 silly tarball no local data for jwa@https://registry.npmjs.org/jwa/-/jwa-2.0.1.tgz. Extracting by manifest.
769 silly tarball no local data for ecdsa-sig-formatter@https://registry.npmjs.org/ecdsa-sig-formatter/-/ecdsa-sig-formatter-1.0.11.tgz. Extracting by manifest.
770 silly tarball no local data for lodash.once@https://registry.npmjs.org/lodash.once/-/lodash.once-4.1.1.tgz. Extracting by manifest.
771 silly tarball no local data for lodash.isstring@https://registry.npmjs.org/lodash.isstring/-/lodash.isstring-4.0.1.tgz. Extracting by manifest.
772 silly tarball no local data for semver@https://registry.npmjs.org/semver/-/semver-7.8.0.tgz. Extracting by manifest.
773 silly tarball no local data for lodash.isinteger@https://registry.npmjs.org/lodash.isinteger/-/lodash.isinteger-4.0.4.tgz. Extracting by manifest.
774 silly tarball no local data for lodash.isnumber@https://registry.npmjs.org/lodash.isnumber/-/lodash.isnumber-3.0.3.tgz. Extracting by manifest.
775 silly tarball no local data for lodash.isplainobject@https://registry.npmjs.org/lodash.isplainobject/-/lodash.isplainobject-4.0.6.tgz. Extracting by manifest.
776 silly tarball no local data for jws@https://registry.npmjs.org/jws/-/jws-4.0.1.tgz. Extracting by manifest.
777 silly tarball no local data for lodash.isboolean@https://registry.npmjs.org/lodash.isboolean/-/lodash.isboolean-3.0.3.tgz. Extracting by manifest.
778 silly tarball no local data for lodash.includes@https://registry.npmjs.org/lodash.includes/-/lodash.includes-4.3.0.tgz. Extracting by manifest.
779 silly tarball no local data for toidentifier@https://registry.npmjs.org/toidentifier/-/toidentifier-1.0.1.tgz. Extracting by manifest.
780 silly tarball no local data for safer-buffer@https://registry.npmjs.org/safer-buffer/-/safer-buffer-2.1.2.tgz. Extracting by manifest.
781 silly tarball no local data for inherits@https://registry.npmjs.org/inherits/-/inherits-2.0.4.tgz. Extracting by manifest.
782 silly tarball no local data for ms@https://registry.npmjs.org/ms/-/ms-2.0.0.tgz. Extracting by manifest.
783 silly tarball no local data for iconv-lite@https://registry.npmjs.org/iconv-lite/-/iconv-lite-0.4.24.tgz. Extracting by manifest.
784 silly tarball no local data for raw-body@https://registry.npmjs.org/raw-body/-/raw-body-2.5.3.tgz. Extracting by manifest.
785 silly tarball no local data for unpipe@https://registry.npmjs.org/unpipe/-/unpipe-1.0.0.tgz. Extracting by manifest.
786 silly tarball no local data for mime-types@https://registry.npmjs.org/mime-types/-/mime-types-2.1.35.tgz. Extracting by manifest.
787 silly tarball no local data for destroy@https://registry.npmjs.org/destroy/-/destroy-1.2.0.tgz. Extracting by manifest.
788 silly tarball no local data for utils-merge@https://registry.npmjs.org/utils-merge/-/utils-merge-1.0.1.tgz. Extracting by manifest.
789 silly tarball no local data for statuses@https://registry.npmjs.org/statuses/-/statuses-2.0.2.tgz. Extracting by manifest.
790 silly tarball no local data for type-is@https://registry.npmjs.org/type-is/-/type-is-1.6.18.tgz. Extracting by manifest.
791 silly tarball no local data for setprototypeof@https://registry.npmjs.org/setprototypeof/-/setprototypeof-1.2.0.tgz. Extracting by manifest.
792 silly tarball no local data for negotiator@https://registry.npmjs.org/negotiator/-/negotiator-0.6.3.tgz. Extracting by manifest.
793 silly tarball no local data for serve-static@https://registry.npmjs.org/serve-static/-/serve-static-1.16.3.tgz. Extracting by manifest.
794 silly tarball no local data for bytes@https://registry.npmjs.org/bytes/-/bytes-3.1.2.tgz. Extracting by manifest.
795 silly tarball no local data for safe-buffer@https://registry.npmjs.org/safe-buffer/-/safe-buffer-5.2.1.tgz. Extracting by manifest.
796 silly tarball no local data for send@https://registry.npmjs.org/send/-/send-0.19.2.tgz. Extracting by manifest.
797 silly tarball no local data for range-parser@https://registry.npmjs.org/range-parser/-/range-parser-1.2.1.tgz. Extracting by manifest.
798 silly tarball no local data for qs@https://registry.npmjs.org/qs/-/qs-6.15.1.tgz. Extracting by manifest.
799 silly tarball no local data for proxy-addr@https://registry.npmjs.org/proxy-addr/-/proxy-addr-2.0.7.tgz. Extracting by manifest.
800 silly tarball no local data for path-to-regexp@https://registry.npmjs.org/path-to-regexp/-/path-to-regexp-0.1.13.tgz. Extracting by manifest.
801 silly tarball no local data for parseurl@https://registry.npmjs.org/parseurl/-/parseurl-1.3.3.tgz. Extracting by manifest.
802 silly tarball no local data for methods@https://registry.npmjs.org/methods/-/methods-1.1.2.tgz. Extracting by manifest.
803 silly tarball no local data for on-finished@https://registry.npmjs.org/on-finished/-/on-finished-2.4.1.tgz. Extracting by manifest.
804 silly tarball no local data for http-errors@https://registry.npmjs.org/http-errors/-/http-errors-2.0.1.tgz. Extracting by manifest.
805 silly tarball no local data for fresh@https://registry.npmjs.org/fresh/-/fresh-0.5.2.tgz. Extracting by manifest.
806 silly tarball no local data for merge-descriptors@https://registry.npmjs.org/merge-descriptors/-/merge-descriptors-1.0.3.tgz. Extracting by manifest.
807 silly tarball no local data for etag@https://registry.npmjs.org/etag/-/etag-1.8.1.tgz. Extracting by manifest.
808 silly tarball no local data for escape-html@https://registry.npmjs.org/escape-html/-/escape-html-1.0.3.tgz. Extracting by manifest.
809 silly tarball no local data for finalhandler@https://registry.npmjs.org/finalhandler/-/finalhandler-1.3.2.tgz. Extracting by manifest.
810 silly tarball no local data for depd@https://registry.npmjs.org/depd/-/depd-2.0.0.tgz. Extracting by manifest.
811 silly tarball no local data for debug@https://registry.npmjs.org/debug/-/debug-2.6.9.tgz. Extracting by manifest.
812 silly tarball no local data for encodeurl@https://registry.npmjs.org/encodeurl/-/encodeurl-2.0.0.tgz. Extracting by manifest.
813 silly tarball no local data for cookie@https://registry.npmjs.org/cookie/-/cookie-0.7.2.tgz. Extracting by manifest.
814 silly tarball no local data for cookie-signature@https://registry.npmjs.org/cookie-signature/-/cookie-signature-1.0.7.tgz. Extracting by manifest.
815 silly tarball no local data for content-type@https://registry.npmjs.org/content-type/-/content-type-1.0.5.tgz. Extracting by manifest.
816 silly tarball no local data for body-parser@https://registry.npmjs.org/body-parser/-/body-parser-1.20.5.tgz. Extracting by manifest.
817 silly tarball no local data for content-disposition@https://registry.npmjs.org/content-disposition/-/content-disposition-0.5.4.tgz. Extracting by manifest.
818 silly tarball no local data for vary@https://registry.npmjs.org/vary/-/vary-1.1.2.tgz. Extracting by manifest.
819 silly tarball no local data for array-flatten@https://registry.npmjs.org/array-flatten/-/array-flatten-1.1.1.tgz. Extracting by manifest.
820 silly tarball no local data for mongoose@https://registry.npmjs.org/mongoose/-/mongoose-8.23.1.tgz. Extracting by manifest.
821 silly tarball no local data for accepts@https://registry.npmjs.org/accepts/-/accepts-1.3.8.tgz. Extracting by manifest.
822 silly tarball no local data for object-assign@https://registry.npmjs.org/object-assign/-/object-assign-4.1.1.tgz. Extracting by manifest.
823 silly tarball no local data for dotenv@https://registry.npmjs.org/dotenv/-/dotenv-16.6.1.tgz. Extracting by manifest.
824 silly tarball no local data for express@https://registry.npmjs.org/express/-/express-4.22.2.tgz. Extracting by manifest.
825 silly tarball no local data for jsonwebtoken@https://registry.npmjs.org/jsonwebtoken/-/jsonwebtoken-9.0.3.tgz. Extracting by manifest.
826 silly tarball no local data for ms@https://registry.npmjs.org/ms/-/ms-2.1.3.tgz. Extracting by manifest.
827 silly tarball no local data for bcryptjs@https://registry.npmjs.org/bcryptjs/-/bcryptjs-2.4.3.tgz. Extracting by manifest.
828 silly tarball no local data for cors@https://registry.npmjs.org/cors/-/cors-2.8.6.tgz. Extracting by manifest.
829 silly tarball no local data for ms@https://registry.npmjs.org/ms/-/ms-2.1.3.tgz. Extracting by manifest.
830 silly tarball no local data for debug@https://registry.npmjs.org/debug/-/debug-4.4.3.tgz. Extracting by manifest.
831 silly tarball no local data for ms@https://registry.npmjs.org/ms/-/ms-2.1.3.tgz. Extracting by manifest.
832 silly tarball no local data for ms@https://registry.npmjs.org/ms/-/ms-2.1.3.tgz. Extracting by manifest.
833 http fetch GET 200 https://registry.npmjs.org/has-symbols/-/has-symbols-1.1.0.tgz 120ms (cache miss)
834 http fetch GET 200 https://registry.npmjs.org/hasown/-/hasown-2.0.3.tgz 122ms (cache miss)
835 http fetch GET 200 https://registry.npmjs.org/memory-pager/-/memory-pager-1.5.0.tgz 123ms (cache miss)
836 http fetch GET 200 https://registry.npmjs.org/webidl-conversions/-/webidl-conversions-7.0.0.tgz 128ms (cache miss)
837 http fetch GET 200 https://registry.npmjs.org/punycode/-/punycode-2.3.1.tgz 132ms (cache miss)
838 http fetch GET 200 https://registry.npmjs.org/media-typer/-/media-typer-0.3.0.tgz 134ms (cache miss)
839 http fetch GET 200 https://registry.npmjs.org/side-channel-weakmap/-/side-channel-weakmap-1.0.2.tgz 151ms (cache miss)
840 http fetch GET 200 https://registry.npmjs.org/side-channel-map/-/side-channel-map-1.0.1.tgz 174ms (cache miss)
841 http fetch GET 200 https://registry.npmjs.org/get-intrinsic/-/get-intrinsic-1.3.0.tgz 185ms (cache miss)
842 http fetch GET 200 https://registry.npmjs.org/forwarded/-/forwarded-0.2.0.tgz 188ms (cache miss)
843 http fetch POST 200 https://registry.npmjs.org/-/npm/v1/security/advisories/bulk 245ms
844 silly audit report {}
845 http fetch GET 200 https://registry.npmjs.org/@types/webidl-conversions/-/webidl-conversions-7.0.3.tgz 212ms (cache miss)
846 http fetch GET 200 https://registry.npmjs.org/ee-first/-/ee-first-1.1.1.tgz 215ms (cache miss)
847 http fetch GET 200 https://registry.npmjs.org/gopd/-/gopd-1.2.0.tgz 240ms (cache miss)
848 http fetch GET 200 https://registry.npmjs.org/es-define-property/-/es-define-property-1.0.1.tgz 257ms (cache miss)
849 http fetch GET 200 https://registry.npmjs.org/tr46/-/tr46-5.1.1.tgz 261ms (cache miss)
850 http fetch GET 200 https://registry.npmjs.org/call-bound/-/call-bound-1.0.4.tgz 261ms (cache miss)
851 http fetch GET 200 https://registry.npmjs.org/ipaddr.js/-/ipaddr.js-1.9.1.tgz 261ms (cache miss)
852 http fetch GET 200 https://registry.npmjs.org/sparse-bitfield/-/sparse-bitfield-3.0.3.tgz 265ms (cache miss)
853 http fetch GET 200 https://registry.npmjs.org/buffer-equal-constant-time/-/buffer-equal-constant-time-1.0.1.tgz 264ms (cache miss)
854 http fetch GET 200 https://registry.npmjs.org/jwa/-/jwa-2.0.1.tgz 265ms (cache miss)
855 http fetch GET 200 https://registry.npmjs.org/lodash.once/-/lodash.once-4.1.1.tgz 272ms (cache miss)
856 http fetch GET 200 https://registry.npmjs.org/dunder-proto/-/dunder-proto-1.0.1.tgz 304ms (cache miss)
857 http fetch GET 200 https://registry.npmjs.org/lodash.isinteger/-/lodash.isinteger-4.0.4.tgz 292ms (cache miss)
858 http fetch GET 200 https://registry.npmjs.org/lodash.isstring/-/lodash.isstring-4.0.1.tgz 294ms (cache miss)
859 http fetch GET 200 https://registry.npmjs.org/lodash.isboolean/-/lodash.isboolean-3.0.3.tgz 294ms (cache miss)
860 http fetch GET 200 https://registry.npmjs.org/toidentifier/-/toidentifier-1.0.1.tgz 295ms (cache miss)
861 http fetch GET 200 https://registry.npmjs.org/lodash.isplainobject/-/lodash.isplainobject-4.0.6.tgz 306ms (cache miss)
862 http fetch GET 200 https://registry.npmjs.org/lodash.includes/-/lodash.includes-4.3.0.tgz 306ms (cache miss)
863 http fetch GET 200 https://registry.npmjs.org/get-proto/-/get-proto-1.0.1.tgz 326ms (cache miss)
864 http fetch GET 200 https://registry.npmjs.org/lodash.isnumber/-/lodash.isnumber-3.0.3.tgz 320ms (cache miss)
865 http fetch GET 200 https://registry.npmjs.org/inherits/-/inherits-2.0.4.tgz 322ms (cache miss)
866 http fetch GET 200 https://registry.npmjs.org/unpipe/-/unpipe-1.0.0.tgz 323ms (cache miss)
867 http fetch GET 200 https://registry.npmjs.org/side-channel-list/-/side-channel-list-1.0.1.tgz 338ms (cache miss)
868 http fetch GET 200 https://registry.npmjs.org/ms/-/ms-2.0.0.tgz 325ms (cache miss)
869 http fetch GET 200 https://registry.npmjs.org/ecdsa-sig-formatter/-/ecdsa-sig-formatter-1.0.11.tgz 341ms (cache miss)
870 http fetch GET 200 https://registry.npmjs.org/es-object-atoms/-/es-object-atoms-1.1.1.tgz 353ms (cache miss)
871 http fetch GET 200 https://registry.npmjs.org/setprototypeof/-/setprototypeof-1.2.0.tgz 335ms (cache miss)
872 http fetch GET 200 https://registry.npmjs.org/type-is/-/type-is-1.6.18.tgz 335ms (cache miss)
873 http fetch GET 200 https://registry.npmjs.org/mime-db/-/mime-db-1.52.0.tgz 348ms (cache miss)
874 http fetch GET 200 https://registry.npmjs.org/mime-types/-/mime-types-2.1.35.tgz 343ms (cache miss)
875 http fetch GET 200 https://registry.npmjs.org/destroy/-/destroy-1.2.0.tgz 343ms (cache miss)
876 http fetch GET 200 https://registry.npmjs.org/kareem/-/kareem-2.6.3.tgz 352ms (cache miss)
877 http fetch GET 200 https://registry.npmjs.org/negotiator/-/negotiator-0.6.3.tgz 344ms (cache miss)
878 http fetch GET 200 https://registry.npmjs.org/raw-body/-/raw-body-2.5.3.tgz 346ms (cache miss)
879 http fetch GET 200 https://registry.npmjs.org/utils-merge/-/utils-merge-1.0.1.tgz 345ms (cache miss)
880 http fetch GET 200 https://registry.npmjs.org/side-channel/-/side-channel-1.1.0.tgz 362ms (cache miss)
881 http fetch GET 200 https://registry.npmjs.org/bytes/-/bytes-3.1.2.tgz 347ms (cache miss)
882 http fetch GET 200 https://registry.npmjs.org/mime/-/mime-1.6.0.tgz 366ms (cache miss)
883 http fetch GET 200 https://registry.npmjs.org/safer-buffer/-/safer-buffer-2.1.2.tgz 359ms (cache miss)
884 http fetch GET 200 https://registry.npmjs.org/range-parser/-/range-parser-1.2.1.tgz 364ms (cache miss)
885 http fetch GET 200 https://registry.npmjs.org/path-to-regexp/-/path-to-regexp-0.1.13.tgz 368ms (cache miss)
886 http fetch GET 200 https://registry.npmjs.org/parseurl/-/parseurl-1.3.3.tgz 378ms (cache miss)
887 http fetch GET 200 https://registry.npmjs.org/statuses/-/statuses-2.0.2.tgz 386ms (cache miss)
888 http fetch GET 200 https://registry.npmjs.org/methods/-/methods-1.1.2.tgz 381ms (cache miss)
889 http fetch GET 200 https://registry.npmjs.org/proxy-addr/-/proxy-addr-2.0.7.tgz 383ms (cache miss)
890 http fetch GET 200 https://registry.npmjs.org/http-errors/-/http-errors-2.0.1.tgz 382ms (cache miss)
891 http fetch GET 200 https://registry.npmjs.org/serve-static/-/serve-static-1.16.3.tgz 387ms (cache miss)
892 http fetch GET 200 https://registry.npmjs.org/fresh/-/fresh-0.5.2.tgz 391ms (cache miss)
893 http fetch GET 200 https://registry.npmjs.org/on-finished/-/on-finished-2.4.1.tgz 395ms (cache miss)
894 http fetch GET 200 https://registry.npmjs.org/merge-descriptors/-/merge-descriptors-1.0.3.tgz 395ms (cache miss)
895 http fetch GET 200 https://registry.npmjs.org/send/-/send-0.19.2.tgz 400ms (cache miss)
896 http fetch GET 200 https://registry.npmjs.org/mongodb-connection-string-url/-/mongodb-connection-string-url-3.0.2.tgz 427ms (cache miss)
897 http fetch GET 200 https://registry.npmjs.org/etag/-/etag-1.8.1.tgz 411ms (cache miss)
898 http fetch GET 200 https://registry.npmjs.org/escape-html/-/escape-html-1.0.3.tgz 413ms (cache miss)
899 http fetch GET 200 https://registry.npmjs.org/jws/-/jws-4.0.1.tgz 427ms (cache miss)
900 http fetch GET 200 https://registry.npmjs.org/cookie-signature/-/cookie-signature-1.0.7.tgz 417ms (cache miss)
901 http fetch GET 200 https://registry.npmjs.org/encodeurl/-/encodeurl-2.0.0.tgz 419ms (cache miss)
902 http fetch GET 200 https://registry.npmjs.org/depd/-/depd-2.0.0.tgz 419ms (cache miss)
903 http fetch GET 200 https://registry.npmjs.org/mpath/-/mpath-0.9.0.tgz 437ms (cache miss)
904 http fetch GET 200 https://registry.npmjs.org/body-parser/-/body-parser-1.20.5.tgz 427ms (cache miss)
905 http fetch GET 200 https://registry.npmjs.org/content-type/-/content-type-1.0.5.tgz 431ms (cache miss)
906 http fetch GET 200 https://registry.npmjs.org/array-flatten/-/array-flatten-1.1.1.tgz 430ms (cache miss)
907 http fetch GET 200 https://registry.npmjs.org/content-disposition/-/content-disposition-0.5.4.tgz 442ms (cache miss)
908 http fetch GET 200 https://registry.npmjs.org/cookie/-/cookie-0.7.2.tgz 443ms (cache miss)
909 http fetch GET 200 https://registry.npmjs.org/safe-buffer/-/safe-buffer-5.2.1.tgz 451ms (cache miss)
910 http fetch GET 200 https://registry.npmjs.org/accepts/-/accepts-1.3.8.tgz 442ms (cache miss)
911 http fetch GET 200 https://registry.npmjs.org/vary/-/vary-1.1.2.tgz 443ms (cache miss)
912 http fetch GET 200 https://registry.npmjs.org/finalhandler/-/finalhandler-1.3.2.tgz 454ms (cache miss)
913 http fetch GET 200 https://registry.npmjs.org/function-bind/-/function-bind-1.1.2.tgz 479ms (cache miss)
914 http fetch GET 200 https://registry.npmjs.org/call-bind-apply-helpers/-/call-bind-apply-helpers-1.0.2.tgz 481ms (cache miss)
915 http fetch GET 200 https://registry.npmjs.org/ms/-/ms-2.1.3.tgz 447ms (cache miss)
916 http fetch GET 200 https://registry.npmjs.org/object-assign/-/object-assign-4.1.1.tgz 463ms (cache miss)
917 http fetch GET 200 https://registry.npmjs.org/ms/-/ms-2.1.3.tgz 462ms (cache miss)
918 http fetch GET 200 https://registry.npmjs.org/cors/-/cors-2.8.6.tgz 463ms (cache miss)
919 http fetch GET 200 https://registry.npmjs.org/es-errors/-/es-errors-1.3.0.tgz 494ms (cache miss)
920 http fetch GET 200 https://registry.npmjs.org/whatwg-url/-/whatwg-url-14.2.0.tgz 494ms (cache miss)
921 http fetch GET 200 https://registry.npmjs.org/mquery/-/mquery-5.0.0.tgz 491ms (cache miss)
922 http fetch GET 200 https://registry.npmjs.org/ms/-/ms-2.1.3.tgz 472ms (cache miss)
923 http fetch GET 200 https://registry.npmjs.org/@types/whatwg-url/-/whatwg-url-11.0.5.tgz 498ms (cache miss)
924 http fetch GET 200 https://registry.npmjs.org/ms/-/ms-2.1.3.tgz 470ms (cache miss)
925 http fetch GET 200 https://registry.npmjs.org/debug/-/debug-4.4.3.tgz 480ms (cache miss)
926 http fetch GET 200 https://registry.npmjs.org/dotenv/-/dotenv-16.6.1.tgz 494ms (cache miss)
927 http fetch GET 200 https://registry.npmjs.org/debug/-/debug-2.6.9.tgz 503ms (cache miss)
928 http fetch GET 200 https://registry.npmjs.org/math-intrinsics/-/math-intrinsics-1.1.0.tgz 536ms (cache miss)
929 http fetch GET 200 https://registry.npmjs.org/jsonwebtoken/-/jsonwebtoken-9.0.3.tgz 506ms (cache miss)
930 http fetch GET 200 https://registry.npmjs.org/sift/-/sift-17.1.3.tgz 532ms (cache miss)
931 http fetch GET 200 https://registry.npmjs.org/qs/-/qs-6.15.1.tgz 526ms (cache miss)
932 http fetch GET 200 https://registry.npmjs.org/object-inspect/-/object-inspect-1.13.4.tgz 552ms (cache miss)
933 http fetch GET 200 https://registry.npmjs.org/express/-/express-4.22.2.tgz 528ms (cache miss)
934 http fetch GET 200 https://registry.npmjs.org/iconv-lite/-/iconv-lite-0.4.24.tgz 554ms (cache miss)
935 http fetch GET 200 https://registry.npmjs.org/bcryptjs/-/bcryptjs-2.4.3.tgz 550ms (cache miss)
936 http fetch GET 200 https://registry.npmjs.org/@mongodb-js/saslprep/-/saslprep-1.4.11.tgz 579ms (cache miss)
937 http fetch GET 200 https://registry.npmjs.org/semver/-/semver-7.8.0.tgz 586ms (cache miss)
938 http fetch GET 200 https://registry.npmjs.org/bson/-/bson-6.10.4.tgz 645ms (cache miss)
939 http fetch GET 200 https://registry.npmjs.org/mongoose/-/mongoose-8.23.1.tgz 931ms (cache miss)
940 http fetch GET 200 https://registry.npmjs.org/mongodb/-/mongodb-6.20.0.tgz 1095ms (cache miss)
941 silly ADD node_modules/punycode
942 silly ADD node_modules/webidl-conversions
943 silly ADD node_modules/tr46
944 silly ADD node_modules/media-typer
945 silly ADD node_modules/memory-pager
946 silly ADD node_modules/dunder-proto
947 silly ADD node_modules/math-intrinsics
948 silly ADD node_modules/hasown
949 silly ADD node_modules/has-symbols
950 silly ADD node_modules/gopd
951 silly ADD node_modules/get-proto
952 silly ADD node_modules/es-object-atoms
953 silly ADD node_modules/es-define-property
954 silly ADD node_modules/function-bind
955 silly ADD node_modules/call-bind-apply-helpers
956 silly ADD node_modules/get-intrinsic
957 silly ADD node_modules/call-bound
958 silly ADD node_modules/side-channel-weakmap
959 silly ADD node_modules/side-channel-map
960 silly ADD node_modules/side-channel-list
961 silly ADD node_modules/object-inspect
962 silly ADD node_modules/es-errors
963 silly ADD node_modules/mime
964 silly ADD node_modules/side-channel
965 silly ADD node_modules/ipaddr.js
966 silly ADD node_modules/forwarded
967 silly ADD node_modules/ee-first
968 silly ADD node_modules/@types/webidl-conversions
969 silly ADD node_modules/whatwg-url
970 silly ADD node_modules/@types/whatwg-url
971 silly ADD node_modules/sparse-bitfield
972 silly ADD node_modules/mongodb-connection-string-url
973 silly ADD node_modules/@mongodb-js/saslprep
974 silly ADD node_modules/sift
975 silly ADD node_modules/mquery
976 silly ADD node_modules/mquery/node_modules/ms
977 silly ADD node_modules/mquery/node_modules/debug
978 silly ADD node_modules/mpath
979 silly ADD node_modules/mongodb
980 silly ADD node_modules/kareem
981 silly ADD node_modules/bson
982 silly ADD node_modules/mime-db
983 silly ADD node_modules/ecdsa-sig-formatter
984 silly ADD node_modules/buffer-equal-constant-time
985 silly ADD node_modules/jwa
986 silly ADD node_modules/semver
987 silly ADD node_modules/lodash.once
988 silly ADD node_modules/lodash.isstring
989 silly ADD node_modules/lodash.isplainobject
990 silly ADD node_modules/lodash.isnumber
991 silly ADD node_modules/lodash.isinteger
992 silly ADD node_modules/lodash.isboolean
993 silly ADD node_modules/lodash.includes
994 silly ADD node_modules/jws
995 silly ADD node_modules/safer-buffer
996 silly ADD node_modules/toidentifier
997 silly ADD node_modules/inherits
998 silly ADD node_modules/ms
999 silly ADD node_modules/unpipe
1000 silly ADD node_modules/raw-body
1001 silly ADD node_modules/iconv-lite
1002 silly ADD node_modules/destroy
1003 silly ADD node_modules/bytes
1004 silly ADD node_modules/negotiator
1005 silly ADD node_modules/mime-types
1006 silly ADD node_modules/utils-merge
1007 silly ADD node_modules/type-is
1008 silly ADD node_modules/statuses
1009 silly ADD node_modules/setprototypeof
1010 silly ADD node_modules/serve-static
1011 silly ADD node_modules/send
1012 silly ADD node_modules/send/node_modules/ms
1013 silly ADD node_modules/safe-buffer
1014 silly ADD node_modules/range-parser
1015 silly ADD node_modules/qs
1016 silly ADD node_modules/proxy-addr
1017 silly ADD node_modules/path-to-regexp
1018 silly ADD node_modules/parseurl
1019 silly ADD node_modules/on-finished
1020 silly ADD node_modules/methods
1021 silly ADD node_modules/merge-descriptors
1022 silly ADD node_modules/http-errors
1023 silly ADD node_modules/fresh
1024 silly ADD node_modules/finalhandler
1025 silly ADD node_modules/etag
1026 silly ADD node_modules/escape-html
1027 silly ADD node_modules/encodeurl
1028 silly ADD node_modules/depd
1029 silly ADD node_modules/debug
1030 silly ADD node_modules/cookie-signature
1031 silly ADD node_modules/cookie
1032 silly ADD node_modules/content-type
1033 silly ADD node_modules/content-disposition
1034 silly ADD node_modules/body-parser
1035 silly ADD node_modules/array-flatten
1036 silly ADD node_modules/accepts
1037 silly ADD node_modules/vary
1038 silly ADD node_modules/object-assign
1039 silly ADD node_modules/mongoose
1040 silly ADD node_modules/mongoose/node_modules/ms
1041 silly ADD node_modules/jsonwebtoken
1042 silly ADD node_modules/jsonwebtoken/node_modules/ms
1043 silly ADD node_modules/express
1044 silly ADD node_modules/dotenv
1045 silly ADD node_modules/cors
1046 silly ADD node_modules/bcryptjs
1047 verbose cwd D:\Diego\2-Trabajos propios\KinesIA2\src\backend
1048 verbose os Windows_NT 10.0.26200
1049 verbose node v22.22.1
1050 verbose npm  v11.11.0
1051 verbose exit 0
1052 info ok
