0 verbose cli C:\Program Files\nodejs\node.exe C:\Users\dgati\AppData\Roaming\npm\node_modules\npm\bin\npm-cli.js
1 info using npm@11.11.0
2 info using node@v22.22.1
3 silly config load:file:C:\Users\dgati\AppData\Roaming\npm\node_modules\npm\npmrc
4 silly config load:file:D:\Diego\2-Trabajos propios\KinesIA2\src\backend\.npmrc
5 silly config load:file:C:\Users\dgati\.npmrc
6 silly config load:file:C:\Users\dgati\AppData\Roaming\npm\etc\npmrc
7 verbose title npm install @types/multer
8 verbose argv "install" "--save-dev" "@types/multer"
9 verbose logfile logs-max:10 dir:D:\Diego\2-Trabajos propios\KinesIA2\src\backend\npm-cache\_logs\2026-05-26T02_33_32_032Z-
10 verbose logfile D:\Diego\2-Trabajos propios\KinesIA2\src\backend\npm-cache\_logs\2026-05-26T02_33_32_032Z-debug-0.log
11 silly logfile start cleaning logs, removing 1 files
12 silly packumentCache heap:4345298944 maxSize:1086324736 maxEntrySize:543162368
13 silly logfile done cleaning log files
14 silly idealTree buildDeps
15 silly fetch manifest @types/multer@*
16 silly packumentCache full:https://registry.npmjs.org/@types%2fmulter cache-miss
17 http fetch GET 200 https://registry.npmjs.org/@types%2fmulter 297ms (cache miss)
18 silly packumentCache full:https://registry.npmjs.org/@types%2fmulter set size:undefined disposed:false
19 silly placeDep ROOT @types/multer@2.1.0 OK for: kinesia-backend@1.0.0 want: *
20 silly reify moves {}
21 silly audit bulk request {
21 silly audit   '@esbuild/aix-ppc64': [ '0.27.7' ],
21 silly audit   '@esbuild/android-arm': [ '0.27.7' ],
21 silly audit   '@esbuild/android-arm64': [ '0.27.7' ],
21 silly audit   '@esbuild/android-x64': [ '0.27.7' ],
21 silly audit   '@esbuild/darwin-arm64': [ '0.27.7' ],
21 silly audit   '@esbuild/darwin-x64': [ '0.27.7' ],
21 silly audit   '@esbuild/freebsd-arm64': [ '0.27.7' ],
21 silly audit   '@esbuild/freebsd-x64': [ '0.27.7' ],
21 silly audit   '@esbuild/linux-arm': [ '0.27.7' ],
21 silly audit   '@esbuild/linux-arm64': [ '0.27.7' ],
21 silly audit   '@esbuild/linux-ia32': [ '0.27.7' ],
21 silly audit   '@esbuild/linux-loong64': [ '0.27.7' ],
21 silly audit   '@esbuild/linux-mips64el': [ '0.27.7' ],
21 silly audit   '@esbuild/linux-ppc64': [ '0.27.7' ],
21 silly audit   '@esbuild/linux-riscv64': [ '0.27.7' ],
21 silly audit   '@esbuild/linux-s390x': [ '0.27.7' ],
21 silly audit   '@esbuild/linux-x64': [ '0.27.7' ],
21 silly audit   '@esbuild/netbsd-arm64': [ '0.27.7' ],
21 silly audit   '@esbuild/netbsd-x64': [ '0.27.7' ],
21 silly audit   '@esbuild/openbsd-arm64': [ '0.27.7' ],
21 silly audit   '@esbuild/openbsd-x64': [ '0.27.7' ],
21 silly audit   '@esbuild/openharmony-arm64': [ '0.27.7' ],
21 silly audit   '@esbuild/sunos-x64': [ '0.27.7' ],
21 silly audit   '@esbuild/win32-arm64': [ '0.27.7' ],
21 silly audit   '@esbuild/win32-ia32': [ '0.27.7' ],
21 silly audit   '@esbuild/win32-x64': [ '0.27.7' ],
21 silly audit   '@mongodb-js/saslprep': [ '1.4.11' ],
21 silly audit   '@noble/ciphers': [ '1.3.0' ],
21 silly audit   '@noble/hashes': [ '1.8.0' ],
21 silly audit   '@swc/helpers': [ '0.5.21' ],
21 silly audit   '@types/bcryptjs': [ '2.4.6' ],
21 silly audit   '@types/body-parser': [ '1.19.6' ],
21 silly audit   '@types/connect': [ '3.4.38' ],
21 silly audit   '@types/cors': [ '2.8.19' ],
21 silly audit   '@types/express': [ '4.17.25' ],
21 silly audit   '@types/express-serve-static-core': [ '4.19.8' ],
21 silly audit   '@types/http-errors': [ '2.0.5' ],
21 silly audit   '@types/jsonwebtoken': [ '9.0.10' ],
21 silly audit   '@types/mime': [ '1.3.5' ],
21 silly audit   '@types/ms': [ '2.1.0' ],
21 silly audit   '@types/node': [ '20.19.41' ],
21 silly audit   '@types/pdfkit': [ '0.17.6' ],
21 silly audit   '@types/qs': [ '6.15.1' ],
21 silly audit   '@types/range-parser': [ '1.2.7' ],
21 silly audit   '@types/send': [ '1.2.1', '0.17.6' ],
21 silly audit   '@types/serve-static': [ '1.15.10' ],
21 silly audit   '@types/webidl-conversions': [ '7.0.3' ],
21 silly audit   '@types/whatwg-url': [ '11.0.5' ],
21 silly audit   accepts: [ '1.3.8' ],
21 silly audit   'agent-base': [ '6.0.2' ],
21 silly audit   debug: [ '4.4.3', '2.6.9' ],
21 silly audit   ms: [ '2.1.3', '2.0.0' ],
21 silly audit   'append-field': [ '1.0.0' ],
21 silly audit   'array-flatten': [ '1.1.1' ],
21 silly audit   asynckit: [ '0.4.0' ],
21 silly audit   axios: [ '1.16.1' ],
21 silly audit   'base64-js': [ '1.5.1', '0.0.8' ],
21 silly audit   bcryptjs: [ '2.4.3' ],
21 silly audit   'body-parser': [ '1.20.5' ],
21 silly audit   brotli: [ '1.3.3' ],
21 silly audit   'browserify-zlib': [ '0.2.0' ],
21 silly audit   bson: [ '6.10.4' ],
21 silly audit   'buffer-equal-constant-time': [ '1.0.1' ],
21 silly audit   'buffer-from': [ '1.1.2' ],
21 silly audit   busboy: [ '1.6.0' ],
21 silly audit   bytes: [ '3.1.2' ],
21 silly audit   'call-bind-apply-helpers': [ '1.0.2' ],
21 silly audit   'call-bound': [ '1.0.4' ],
21 silly audit   clone: [ '2.1.2' ],
21 silly audit   'combined-stream': [ '1.0.8' ],
21 silly audit   'concat-stream': [ '2.0.0' ],
21 silly audit   'content-disposition': [ '0.5.4' ],
21 silly audit   'content-type': [ '1.0.5' ],
21 silly audit   cookie: [ '0.7.2' ],
21 silly audit   'cookie-signature': [ '1.0.7' ],
21 silly audit   cors: [ '2.8.6' ],
21 silly audit   'delayed-stream': [ '1.0.0' ],
21 silly audit   depd: [ '2.0.0' ],
21 silly audit   destroy: [ '1.2.0' ],
21 silly audit   dfa: [ '1.2.0' ],
21 silly audit   dotenv: [ '16.6.1' ],
21 silly audit   'dunder-proto': [ '1.0.1' ],
21 silly audit   'ecdsa-sig-formatter': [ '1.0.11' ],
21 silly audit   'ee-first': [ '1.1.1' ],
21 silly audit   encodeurl: [ '2.0.0' ],
21 silly audit   'es-define-property': [ '1.0.1' ],
21 silly audit   'es-errors': [ '1.3.0' ],
21 silly audit   'es-object-atoms': [ '1.1.1' ],
21 silly audit   'es-set-tostringtag': [ '2.1.0' ],
21 silly audit   esbuild: [ '0.27.7' ],
21 silly audit   'escape-html': [ '1.0.3' ],
21 silly audit   etag: [ '1.8.1' ],
21 silly audit   express: [ '4.22.2' ],
21 silly audit   'fast-deep-equal': [ '3.1.3' ],
21 silly audit   finalhandler: [ '1.3.2' ],
21 silly audit   'follow-redirects': [ '1.16.0' ],
21 silly audit   fontkit: [ '2.0.4' ],
21 silly audit   'form-data': [ '4.0.5' ],
21 silly audit   forwarded: [ '0.2.0' ],
21 silly audit   fresh: [ '0.5.2' ],
21 silly audit   fsevents: [ '2.3.3' ],
21 silly audit   'function-bind': [ '1.1.2' ],
21 silly audit   'get-intrinsic': [ '1.3.0' ],
21 silly audit   'get-proto': [ '1.0.1' ],
21 silly audit   'get-tsconfig': [ '4.14.0' ],
21 silly audit   gopd: [ '1.2.0' ],
21 silly audit   'has-symbols': [ '1.1.0' ],
21 silly audit   'has-tostringtag': [ '1.0.2' ],
21 silly audit   hasown: [ '2.0.3' ],
21 silly audit   'http-errors': [ '2.0.1' ],
21 silly audit   'https-proxy-agent': [ '5.0.1' ],
21 silly audit   'iconv-lite': [ '0.4.24' ],
21 silly audit   inherits: [ '2.0.4' ],
21 silly audit   'ipaddr.js': [ '1.9.1' ],
21 silly audit   'js-md5': [ '0.8.3' ],
21 silly audit   jsonwebtoken: [ '9.0.3' ],
21 silly audit   jwa: [ '2.0.1' ],
21 silly audit   jws: [ '4.0.1' ],
21 silly audit   kareem: [ '2.6.3' ],
21 silly audit   linebreak: [ '1.1.0' ],
21 silly audit   'lodash.includes': [ '4.3.0' ],
21 silly audit   'lodash.isboolean': [ '3.0.3' ],
21 silly audit   'lodash.isinteger': [ '4.0.4' ],
21 silly audit   'lodash.isnumber': [ '3.0.3' ],
21 silly audit   'lodash.isplainobject': [ '4.0.6' ],
21 silly audit   'lodash.isstring': [ '4.0.1' ],
21 silly audit   'lodash.once': [ '4.1.1' ],
21 silly audit   'math-intrinsics': [ '1.1.0' ],
21 silly audit   'media-typer': [ '0.3.0' ],
21 silly audit   'memory-pager': [ '1.5.0' ],
21 silly audit   'merge-descriptors': [ '1.0.3' ],
21 silly audit   methods: [ '1.1.2' ],
21 silly audit   mime: [ '1.6.0' ],
21 silly audit   'mime-db': [ '1.52.0' ],
21 silly audit   'mime-types': [ '2.1.35' ],
21 silly audit   mongodb: [ '6.20.0' ],
21 silly audit   'mongodb-connection-string-url': [ '3.0.2' ],
21 silly audit   mongoose: [ '8.23.1' ],
21 silly audit   mpath: [ '0.9.0' ],
21 silly audit   mquery: [ '5.0.0' ],
21 silly audit   multer: [ '2.1.1' ],
21 silly audit   negotiator: [ '0.6.3' ],
21 silly audit   'object-assign': [ '4.1.1' ],
21 silly audit   'object-inspect': [ '1.13.4' ],
21 silly audit   'on-finished': [ '2.4.1' ],
21 silly audit   pako: [ '1.0.11', '0.2.9' ],
21 silly audit   parseurl: [ '1.3.3' ],
21 silly audit   'path-to-regexp': [ '0.1.13' ],
21 silly audit   pdfkit: [ '0.18.0' ],
21 silly audit   'png-js': [ '1.1.0' ],
21 silly audit   'proxy-addr': [ '2.0.7' ],
21 silly audit   'proxy-from-env': [ '2.1.0' ],
21 silly audit   punycode: [ '2.3.1' ],
21 silly audit   qs: [ '6.15.1' ],
21 silly audit   'range-parser': [ '1.2.1' ],
21 silly audit   'raw-body': [ '2.5.3' ],
21 silly audit   'readable-stream': [ '3.6.2' ],
21 silly audit   'resolve-pkg-maps': [ '1.0.0' ],
21 silly audit   restructure: [ '3.0.2' ],
21 silly audit   'safe-buffer': [ '5.2.1' ],
21 silly audit   'safer-buffer': [ '2.1.2' ],
21 silly audit   semver: [ '7.8.0' ],
21 silly audit   send: [ '0.19.2' ],
21 silly audit   'serve-static': [ '1.16.3' ],
21 silly audit   setprototypeof: [ '1.2.0' ],
21 silly audit   'side-channel': [ '1.1.0' ],
21 silly audit   'side-channel-list': [ '1.0.1' ],
21 silly audit   'side-channel-map': [ '1.0.1' ],
21 silly audit   'side-channel-weakmap': [ '1.0.2' ],
21 silly audit   sift: [ '17.1.3' ],
21 silly audit   'sparse-bitfield': [ '3.0.3' ],
21 silly audit   statuses: [ '2.0.2' ],
21 silly audit   streamsearch: [ '1.1.0' ],
21 silly audit   string_decoder: [ '1.3.0' ],
21 silly audit   'tiny-inflate': [ '1.0.3' ],
21 silly audit   toidentifier: [ '1.0.1' ],
21 silly audit   tr46: [ '5.1.1' ],
21 silly audit   tslib: [ '2.8.1' ],
21 silly audit   tsx: [ '4.21.0' ],
21 silly audit   'type-is': [ '1.6.18' ],
21 silly audit   typedarray: [ '0.0.6' ],
21 silly audit   typescript: [ '5.9.3' ],
21 silly audit   'undici-types': [ '6.21.0' ],
21 silly audit   'unicode-properties': [ '1.4.1' ],
21 silly audit   'unicode-trie': [ '2.0.0' ],
21 silly audit   unpipe: [ '1.0.0' ],
21 silly audit   'util-deprecate': [ '1.0.2' ],
21 silly audit   'utils-merge': [ '1.0.1' ],
21 silly audit   vary: [ '1.1.2' ],
21 silly audit   'webidl-conversions': [ '7.0.0' ],
21 silly audit   'whatwg-url': [ '14.2.0' ],
21 silly audit   '@types/multer': [ '2.1.0' ]
21 silly audit }
22 http cache @types/multer@https://registry.npmjs.org/@types/multer/-/multer-2.1.0.tgz 0ms (cache hit)
23 silly tarball no local data for @types/multer@https://registry.npmjs.org/@types/multer/-/multer-2.1.0.tgz. Extracting by manifest.
24 http fetch POST 200 https://registry.npmjs.org/-/npm/v1/security/advisories/bulk 211ms
25 silly audit report {
25 silly audit report   qs: [
25 silly audit report     {
25 silly audit report       id: 1119502,
25 silly audit report       url: 'https://github.com/advisories/GHSA-q8mj-m7cp-5q26',
25 silly audit report       title: 'qs has a remotely triggerable DoS: qs.stringify crashes with TypeError on null/undefined entries in comma-format arrays when encodeValuesOnly is set',
25 silly audit report       severity: 'moderate',
25 silly audit report       vulnerable_versions: '>=6.11.1 <=6.15.1',
25 silly audit report       cwe: [Array],
25 silly audit report       cvss: [Object]
25 silly audit report     }
25 silly audit report   ]
25 silly audit report }
26 silly packumentCache corgi:https://registry.npmjs.org/qs cache-miss
27 http cache https://registry.npmjs.org/qs 60ms (cache hit)
28 silly packumentCache corgi:https://registry.npmjs.org/qs set size:146581 disposed:false
29 silly packumentCache corgi:https://registry.npmjs.org/body-parser cache-miss
30 silly packumentCache corgi:https://registry.npmjs.org/express cache-miss
31 http cache https://registry.npmjs.org/body-parser 11ms (cache hit)
32 silly packumentCache corgi:https://registry.npmjs.org/body-parser set size:78944 disposed:false
33 http fetch GET 200 https://registry.npmjs.org/@types/multer/-/multer-2.1.0.tgz 280ms (cache miss)
34 http cache https://registry.npmjs.org/express 16ms (cache hit)
35 silly packumentCache corgi:https://registry.npmjs.org/express set size:339376 disposed:false
36 silly ADD node_modules/@types/multer
37 verbose cwd D:\Diego\2-Trabajos propios\KinesIA2\src\backend
38 verbose os Windows_NT 10.0.26200
39 verbose node v22.22.1
40 verbose npm  v11.11.0
41 verbose exit 0
42 info ok
