0 verbose cli C:\Program Files\nodejs\node.exe C:\Users\dgati\AppData\Roaming\npm\node_modules\npm\bin\npm-cli.js
1 info using npm@11.11.0
2 info using node@v22.22.1
3 silly config load:file:C:\Users\dgati\AppData\Roaming\npm\node_modules\npm\npmrc
4 silly config load:file:D:\Diego\2-Trabajos propios\KinesIA2\src\backend\.npmrc
5 silly config load:file:C:\Users\dgati\.npmrc
6 silly config load:file:C:\Users\dgati\AppData\Roaming\npm\etc\npmrc
7 verbose title npm install multer
8 verbose argv "install" "multer"
9 verbose logfile logs-max:10 dir:D:\Diego\2-Trabajos propios\KinesIA2\src\backend\npm-cache\_logs\2026-05-26T02_33_29_504Z-
10 verbose logfile D:\Diego\2-Trabajos propios\KinesIA2\src\backend\npm-cache\_logs\2026-05-26T02_33_29_504Z-debug-0.log
11 silly logfile start cleaning logs, removing 1 files
12 silly packumentCache heap:4345298944 maxSize:1086324736 maxEntrySize:543162368
13 silly logfile done cleaning log files
14 silly idealTree buildDeps
15 silly fetch manifest multer@*
16 silly packumentCache full:https://registry.npmjs.org/multer cache-miss
17 http fetch GET 200 https://registry.npmjs.org/multer 369ms (cache miss)
18 silly packumentCache full:https://registry.npmjs.org/multer set size:undefined disposed:false
19 silly placeDep ROOT multer@2.1.1 OK for: kinesia-backend@1.0.0 want: *
20 silly fetch manifest append-field@^1.0.0
21 silly packumentCache full:https://registry.npmjs.org/append-field cache-miss
22 silly fetch manifest busboy@^1.6.0
23 silly packumentCache full:https://registry.npmjs.org/busboy cache-miss
24 silly fetch manifest concat-stream@^2.0.0
25 silly packumentCache full:https://registry.npmjs.org/concat-stream cache-miss
26 http fetch GET 200 https://registry.npmjs.org/concat-stream 184ms (cache miss)
27 silly packumentCache full:https://registry.npmjs.org/concat-stream set size:undefined disposed:false
28 http fetch GET 200 https://registry.npmjs.org/append-field 230ms (cache miss)
29 silly packumentCache full:https://registry.npmjs.org/append-field set size:undefined disposed:false
30 http fetch GET 200 https://registry.npmjs.org/busboy 253ms (cache miss)
31 silly packumentCache full:https://registry.npmjs.org/busboy set size:undefined disposed:false
32 silly placeDep ROOT append-field@1.0.0 OK for: multer@2.1.1 want: ^1.0.0
33 silly placeDep ROOT busboy@1.6.0 OK for: multer@2.1.1 want: ^1.6.0
34 silly placeDep ROOT concat-stream@2.0.0 OK for: multer@2.1.1 want: ^2.0.0
35 silly fetch manifest streamsearch@^1.1.0
36 silly packumentCache full:https://registry.npmjs.org/streamsearch cache-miss
37 silly fetch manifest buffer-from@^1.0.0
38 silly packumentCache full:https://registry.npmjs.org/buffer-from cache-miss
39 silly fetch manifest readable-stream@^3.0.2
40 silly packumentCache full:https://registry.npmjs.org/readable-stream cache-miss
41 silly fetch manifest typedarray@^0.0.6
42 silly packumentCache full:https://registry.npmjs.org/typedarray cache-miss
43 http fetch GET 200 https://registry.npmjs.org/buffer-from 79ms (cache miss)
44 silly packumentCache full:https://registry.npmjs.org/buffer-from set size:undefined disposed:false
45 http fetch GET 200 https://registry.npmjs.org/readable-stream 85ms (cache miss)
46 silly packumentCache full:https://registry.npmjs.org/readable-stream set size:undefined disposed:false
47 http fetch GET 200 https://registry.npmjs.org/typedarray 318ms (cache miss)
48 silly packumentCache full:https://registry.npmjs.org/typedarray set size:undefined disposed:false
49 http fetch GET 200 https://registry.npmjs.org/streamsearch 320ms (cache miss)
50 silly packumentCache full:https://registry.npmjs.org/streamsearch set size:undefined disposed:false
51 silly placeDep ROOT streamsearch@1.1.0 OK for: busboy@1.6.0 want: ^1.1.0
52 silly placeDep ROOT buffer-from@1.1.2 OK for: concat-stream@2.0.0 want: ^1.0.0
53 silly placeDep ROOT readable-stream@3.6.2 OK for: concat-stream@2.0.0 want: ^3.0.2
54 silly placeDep ROOT typedarray@0.0.6 OK for: concat-stream@2.0.0 want: ^0.0.6
55 silly fetch manifest string_decoder@^1.1.1
56 silly packumentCache full:https://registry.npmjs.org/string_decoder cache-miss
57 silly fetch manifest util-deprecate@^1.0.1
58 silly packumentCache full:https://registry.npmjs.org/util-deprecate cache-miss
59 http fetch GET 200 https://registry.npmjs.org/util-deprecate 97ms (cache miss)
60 silly packumentCache full:https://registry.npmjs.org/util-deprecate set size:undefined disposed:false
61 http fetch GET 200 https://registry.npmjs.org/string_decoder 99ms (cache miss)
62 silly packumentCache full:https://registry.npmjs.org/string_decoder set size:undefined disposed:false
63 silly placeDep ROOT string_decoder@1.3.0 OK for: readable-stream@3.6.2 want: ^1.1.1
64 silly placeDep ROOT util-deprecate@1.0.2 OK for: readable-stream@3.6.2 want: ^1.0.1
65 silly reify moves {}
66 silly audit bulk request {
66 silly audit   '@esbuild/aix-ppc64': [ '0.27.7' ],
66 silly audit   '@esbuild/android-arm': [ '0.27.7' ],
66 silly audit   '@esbuild/android-arm64': [ '0.27.7' ],
66 silly audit   '@esbuild/android-x64': [ '0.27.7' ],
66 silly audit   '@esbuild/darwin-arm64': [ '0.27.7' ],
66 silly audit   '@esbuild/darwin-x64': [ '0.27.7' ],
66 silly audit   '@esbuild/freebsd-arm64': [ '0.27.7' ],
66 silly audit   '@esbuild/freebsd-x64': [ '0.27.7' ],
66 silly audit   '@esbuild/linux-arm': [ '0.27.7' ],
66 silly audit   '@esbuild/linux-arm64': [ '0.27.7' ],
66 silly audit   '@esbuild/linux-ia32': [ '0.27.7' ],
66 silly audit   '@esbuild/linux-loong64': [ '0.27.7' ],
66 silly audit   '@esbuild/linux-mips64el': [ '0.27.7' ],
66 silly audit   '@esbuild/linux-ppc64': [ '0.27.7' ],
66 silly audit   '@esbuild/linux-riscv64': [ '0.27.7' ],
66 silly audit   '@esbuild/linux-s390x': [ '0.27.7' ],
66 silly audit   '@esbuild/linux-x64': [ '0.27.7' ],
66 silly audit   '@esbuild/netbsd-arm64': [ '0.27.7' ],
66 silly audit   '@esbuild/netbsd-x64': [ '0.27.7' ],
66 silly audit   '@esbuild/openbsd-arm64': [ '0.27.7' ],
66 silly audit   '@esbuild/openbsd-x64': [ '0.27.7' ],
66 silly audit   '@esbuild/openharmony-arm64': [ '0.27.7' ],
66 silly audit   '@esbuild/sunos-x64': [ '0.27.7' ],
66 silly audit   '@esbuild/win32-arm64': [ '0.27.7' ],
66 silly audit   '@esbuild/win32-ia32': [ '0.27.7' ],
66 silly audit   '@esbuild/win32-x64': [ '0.27.7' ],
66 silly audit   '@mongodb-js/saslprep': [ '1.4.11' ],
66 silly audit   '@noble/ciphers': [ '1.3.0' ],
66 silly audit   '@noble/hashes': [ '1.8.0' ],
66 silly audit   '@swc/helpers': [ '0.5.21' ],
66 silly audit   '@types/bcryptjs': [ '2.4.6' ],
66 silly audit   '@types/body-parser': [ '1.19.6' ],
66 silly audit   '@types/connect': [ '3.4.38' ],
66 silly audit   '@types/cors': [ '2.8.19' ],
66 silly audit   '@types/express': [ '4.17.25' ],
66 silly audit   '@types/express-serve-static-core': [ '4.19.8' ],
66 silly audit   '@types/http-errors': [ '2.0.5' ],
66 silly audit   '@types/jsonwebtoken': [ '9.0.10' ],
66 silly audit   '@types/mime': [ '1.3.5' ],
66 silly audit   '@types/ms': [ '2.1.0' ],
66 silly audit   '@types/node': [ '20.19.41' ],
66 silly audit   '@types/pdfkit': [ '0.17.6' ],
66 silly audit   '@types/qs': [ '6.15.1' ],
66 silly audit   '@types/range-parser': [ '1.2.7' ],
66 silly audit   '@types/send': [ '1.2.1', '0.17.6' ],
66 silly audit   '@types/serve-static': [ '1.15.10' ],
66 silly audit   '@types/webidl-conversions': [ '7.0.3' ],
66 silly audit   '@types/whatwg-url': [ '11.0.5' ],
66 silly audit   accepts: [ '1.3.8' ],
66 silly audit   'agent-base': [ '6.0.2' ],
66 silly audit   debug: [ '4.4.3', '2.6.9' ],
66 silly audit   ms: [ '2.1.3', '2.0.0' ],
66 silly audit   'array-flatten': [ '1.1.1' ],
66 silly audit   asynckit: [ '0.4.0' ],
66 silly audit   axios: [ '1.16.1' ],
66 silly audit   'base64-js': [ '1.5.1', '0.0.8' ],
66 silly audit   bcryptjs: [ '2.4.3' ],
66 silly audit   'body-parser': [ '1.20.5' ],
66 silly audit   brotli: [ '1.3.3' ],
66 silly audit   'browserify-zlib': [ '0.2.0' ],
66 silly audit   bson: [ '6.10.4' ],
66 silly audit   'buffer-equal-constant-time': [ '1.0.1' ],
66 silly audit   bytes: [ '3.1.2' ],
66 silly audit   'call-bind-apply-helpers': [ '1.0.2' ],
66 silly audit   'call-bound': [ '1.0.4' ],
66 silly audit   clone: [ '2.1.2' ],
66 silly audit   'combined-stream': [ '1.0.8' ],
66 silly audit   'content-disposition': [ '0.5.4' ],
66 silly audit   'content-type': [ '1.0.5' ],
66 silly audit   cookie: [ '0.7.2' ],
66 silly audit   'cookie-signature': [ '1.0.7' ],
66 silly audit   cors: [ '2.8.6' ],
66 silly audit   'delayed-stream': [ '1.0.0' ],
66 silly audit   depd: [ '2.0.0' ],
66 silly audit   destroy: [ '1.2.0' ],
66 silly audit   dfa: [ '1.2.0' ],
66 silly audit   dotenv: [ '16.6.1' ],
66 silly audit   'dunder-proto': [ '1.0.1' ],
66 silly audit   'ecdsa-sig-formatter': [ '1.0.11' ],
66 silly audit   'ee-first': [ '1.1.1' ],
66 silly audit   encodeurl: [ '2.0.0' ],
66 silly audit   'es-define-property': [ '1.0.1' ],
66 silly audit   'es-errors': [ '1.3.0' ],
66 silly audit   'es-object-atoms': [ '1.1.1' ],
66 silly audit   'es-set-tostringtag': [ '2.1.0' ],
66 silly audit   esbuild: [ '0.27.7' ],
66 silly audit   'escape-html': [ '1.0.3' ],
66 silly audit   etag: [ '1.8.1' ],
66 silly audit   express: [ '4.22.2' ],
66 silly audit   'fast-deep-equal': [ '3.1.3' ],
66 silly audit   finalhandler: [ '1.3.2' ],
66 silly audit   'follow-redirects': [ '1.16.0' ],
66 silly audit   fontkit: [ '2.0.4' ],
66 silly audit   'form-data': [ '4.0.5' ],
66 silly audit   forwarded: [ '0.2.0' ],
66 silly audit   fresh: [ '0.5.2' ],
66 silly audit   fsevents: [ '2.3.3' ],
66 silly audit   'function-bind': [ '1.1.2' ],
66 silly audit   'get-intrinsic': [ '1.3.0' ],
66 silly audit   'get-proto': [ '1.0.1' ],
66 silly audit   'get-tsconfig': [ '4.14.0' ],
66 silly audit   gopd: [ '1.2.0' ],
66 silly audit   'has-symbols': [ '1.1.0' ],
66 silly audit   'has-tostringtag': [ '1.0.2' ],
66 silly audit   hasown: [ '2.0.3' ],
66 silly audit   'http-errors': [ '2.0.1' ],
66 silly audit   'https-proxy-agent': [ '5.0.1' ],
66 silly audit   'iconv-lite': [ '0.4.24' ],
66 silly audit   inherits: [ '2.0.4' ],
66 silly audit   'ipaddr.js': [ '1.9.1' ],
66 silly audit   'js-md5': [ '0.8.3' ],
66 silly audit   jsonwebtoken: [ '9.0.3' ],
66 silly audit   jwa: [ '2.0.1' ],
66 silly audit   jws: [ '4.0.1' ],
66 silly audit   kareem: [ '2.6.3' ],
66 silly audit   linebreak: [ '1.1.0' ],
66 silly audit   'lodash.includes': [ '4.3.0' ],
66 silly audit   'lodash.isboolean': [ '3.0.3' ],
66 silly audit   'lodash.isinteger': [ '4.0.4' ],
66 silly audit   'lodash.isnumber': [ '3.0.3' ],
66 silly audit   'lodash.isplainobject': [ '4.0.6' ],
66 silly audit   'lodash.isstring': [ '4.0.1' ],
66 silly audit   'lodash.once': [ '4.1.1' ],
66 silly audit   'math-intrinsics': [ '1.1.0' ],
66 silly audit   'media-typer': [ '0.3.0' ],
66 silly audit   'memory-pager': [ '1.5.0' ],
66 silly audit   'merge-descriptors': [ '1.0.3' ],
66 silly audit   methods: [ '1.1.2' ],
66 silly audit   mime: [ '1.6.0' ],
66 silly audit   'mime-db': [ '1.52.0' ],
66 silly audit   'mime-types': [ '2.1.35' ],
66 silly audit   mongodb: [ '6.20.0' ],
66 silly audit   'mongodb-connection-string-url': [ '3.0.2' ],
66 silly audit   mongoose: [ '8.23.1' ],
66 silly audit   mpath: [ '0.9.0' ],
66 silly audit   mquery: [ '5.0.0' ],
66 silly audit   negotiator: [ '0.6.3' ],
66 silly audit   'object-assign': [ '4.1.1' ],
66 silly audit   'object-inspect': [ '1.13.4' ],
66 silly audit   'on-finished': [ '2.4.1' ],
66 silly audit   pako: [ '1.0.11', '0.2.9' ],
66 silly audit   parseurl: [ '1.3.3' ],
66 silly audit   'path-to-regexp': [ '0.1.13' ],
66 silly audit   pdfkit: [ '0.18.0' ],
66 silly audit   'png-js': [ '1.1.0' ],
66 silly audit   'proxy-addr': [ '2.0.7' ],
66 silly audit   'proxy-from-env': [ '2.1.0' ],
66 silly audit   punycode: [ '2.3.1' ],
66 silly audit   qs: [ '6.15.1' ],
66 silly audit   'range-parser': [ '1.2.1' ],
66 silly audit   'raw-body': [ '2.5.3' ],
66 silly audit   'resolve-pkg-maps': [ '1.0.0' ],
66 silly audit   restructure: [ '3.0.2' ],
66 silly audit   'safe-buffer': [ '5.2.1' ],
66 silly audit   'safer-buffer': [ '2.1.2' ],
66 silly audit   semver: [ '7.8.0' ],
66 silly audit   send: [ '0.19.2' ],
66 silly audit   'serve-static': [ '1.16.3' ],
66 silly audit   setprototypeof: [ '1.2.0' ],
66 silly audit   'side-channel': [ '1.1.0' ],
66 silly audit   'side-channel-list': [ '1.0.1' ],
66 silly audit   'side-channel-map': [ '1.0.1' ],
66 silly audit   'side-channel-weakmap': [ '1.0.2' ],
66 silly audit   sift: [ '17.1.3' ],
66 silly audit   'sparse-bitfield': [ '3.0.3' ],
66 silly audit   statuses: [ '2.0.2' ],
66 silly audit   'tiny-inflate': [ '1.0.3' ],
66 silly audit   toidentifier: [ '1.0.1' ],
66 silly audit   tr46: [ '5.1.1' ],
66 silly audit   tslib: [ '2.8.1' ],
66 silly audit   tsx: [ '4.21.0' ],
66 silly audit   'type-is': [ '1.6.18' ],
66 silly audit   typescript: [ '5.9.3' ],
66 silly audit   'undici-types': [ '6.21.0' ],
66 silly audit   'unicode-properties': [ '1.4.1' ],
66 silly audit   'unicode-trie': [ '2.0.0' ],
66 silly audit   unpipe: [ '1.0.0' ],
66 silly audit   'utils-merge': [ '1.0.1' ],
66 silly audit   vary: [ '1.1.2' ],
66 silly audit   'webidl-conversions': [ '7.0.0' ],
66 silly audit   'whatwg-url': [ '14.2.0' ],
66 silly audit   multer: [ '2.1.1' ],
66 silly audit   'append-field': [ '1.0.0' ],
66 silly audit   busboy: [ '1.6.0' ],
66 silly audit   'concat-stream': [ '2.0.0' ],
66 silly audit   streamsearch: [ '1.1.0' ],
66 silly audit   'buffer-from': [ '1.1.2' ],
66 silly audit   'readable-stream': [ '3.6.2' ],
66 silly audit   typedarray: [ '0.0.6' ],
66 silly audit   string_decoder: [ '1.3.0' ],
66 silly audit   'util-deprecate': [ '1.0.2' ]
66 silly audit }
67 http cache util-deprecate@https://registry.npmjs.org/util-deprecate/-/util-deprecate-1.0.2.tgz 1ms (cache hit)
68 http cache string_decoder@https://registry.npmjs.org/string_decoder/-/string_decoder-1.3.0.tgz 0ms (cache hit)
69 http cache typedarray@https://registry.npmjs.org/typedarray/-/typedarray-0.0.6.tgz 0ms (cache hit)
70 http cache readable-stream@https://registry.npmjs.org/readable-stream/-/readable-stream-3.6.2.tgz 0ms (cache hit)
71 http cache buffer-from@https://registry.npmjs.org/buffer-from/-/buffer-from-1.1.2.tgz 0ms (cache hit)
72 http cache concat-stream@https://registry.npmjs.org/concat-stream/-/concat-stream-2.0.0.tgz 0ms (cache hit)
73 http cache streamsearch@https://registry.npmjs.org/streamsearch/-/streamsearch-1.1.0.tgz 0ms (cache hit)
74 http cache busboy@https://registry.npmjs.org/busboy/-/busboy-1.6.0.tgz 0ms (cache hit)
75 silly tarball no local data for util-deprecate@https://registry.npmjs.org/util-deprecate/-/util-deprecate-1.0.2.tgz. Extracting by manifest.
76 silly tarball no local data for string_decoder@https://registry.npmjs.org/string_decoder/-/string_decoder-1.3.0.tgz. Extracting by manifest.
77 silly tarball no local data for typedarray@https://registry.npmjs.org/typedarray/-/typedarray-0.0.6.tgz. Extracting by manifest.
78 silly tarball no local data for readable-stream@https://registry.npmjs.org/readable-stream/-/readable-stream-3.6.2.tgz. Extracting by manifest.
79 silly tarball no local data for buffer-from@https://registry.npmjs.org/buffer-from/-/buffer-from-1.1.2.tgz. Extracting by manifest.
80 silly tarball no local data for concat-stream@https://registry.npmjs.org/concat-stream/-/concat-stream-2.0.0.tgz. Extracting by manifest.
81 silly tarball no local data for streamsearch@https://registry.npmjs.org/streamsearch/-/streamsearch-1.1.0.tgz. Extracting by manifest.
82 http cache multer@https://registry.npmjs.org/multer/-/multer-2.1.1.tgz 0ms (cache hit)
83 http cache append-field@https://registry.npmjs.org/append-field/-/append-field-1.0.0.tgz 0ms (cache hit)
84 silly tarball no local data for busboy@https://registry.npmjs.org/busboy/-/busboy-1.6.0.tgz. Extracting by manifest.
85 silly tarball no local data for multer@https://registry.npmjs.org/multer/-/multer-2.1.1.tgz. Extracting by manifest.
86 silly tarball no local data for append-field@https://registry.npmjs.org/append-field/-/append-field-1.0.0.tgz. Extracting by manifest.
87 http fetch GET 200 https://registry.npmjs.org/string_decoder/-/string_decoder-1.3.0.tgz 116ms (cache miss)
88 http fetch GET 200 https://registry.npmjs.org/buffer-from/-/buffer-from-1.1.2.tgz 118ms (cache miss)
89 http fetch GET 200 https://registry.npmjs.org/concat-stream/-/concat-stream-2.0.0.tgz 120ms (cache miss)
90 http fetch GET 200 https://registry.npmjs.org/util-deprecate/-/util-deprecate-1.0.2.tgz 125ms (cache miss)
91 http fetch GET 200 https://registry.npmjs.org/typedarray/-/typedarray-0.0.6.tgz 136ms (cache miss)
92 http fetch GET 200 https://registry.npmjs.org/append-field/-/append-field-1.0.0.tgz 124ms (cache miss)
93 http fetch GET 200 https://registry.npmjs.org/streamsearch/-/streamsearch-1.1.0.tgz 148ms (cache miss)
94 http fetch GET 200 https://registry.npmjs.org/multer/-/multer-2.1.1.tgz 150ms (cache miss)
95 http fetch GET 200 https://registry.npmjs.org/busboy/-/busboy-1.6.0.tgz 178ms (cache miss)
96 http fetch GET 200 https://registry.npmjs.org/readable-stream/-/readable-stream-3.6.2.tgz 192ms (cache miss)
97 http fetch POST 200 https://registry.npmjs.org/-/npm/v1/security/advisories/bulk 288ms
98 silly audit report {
98 silly audit report   qs: [
98 silly audit report     {
98 silly audit report       id: 1119502,
98 silly audit report       url: 'https://github.com/advisories/GHSA-q8mj-m7cp-5q26',
98 silly audit report       title: 'qs has a remotely triggerable DoS: qs.stringify crashes with TypeError on null/undefined entries in comma-format arrays when encodeValuesOnly is set',
98 silly audit report       severity: 'moderate',
98 silly audit report       vulnerable_versions: '>=6.11.1 <=6.15.1',
98 silly audit report       cwe: [Array],
98 silly audit report       cvss: [Object]
98 silly audit report     }
98 silly audit report   ]
98 silly audit report }
99 silly packumentCache corgi:https://registry.npmjs.org/qs cache-miss
100 http cache https://registry.npmjs.org/qs 53ms (cache hit)
101 silly packumentCache corgi:https://registry.npmjs.org/qs set size:146581 disposed:false
102 silly packumentCache corgi:https://registry.npmjs.org/body-parser cache-miss
103 silly packumentCache corgi:https://registry.npmjs.org/express cache-miss
104 http cache https://registry.npmjs.org/body-parser 8ms (cache hit)
105 silly packumentCache corgi:https://registry.npmjs.org/body-parser set size:78944 disposed:false
106 http cache https://registry.npmjs.org/express 11ms (cache hit)
107 silly packumentCache corgi:https://registry.npmjs.org/express set size:339376 disposed:false
108 silly ADD node_modules/util-deprecate
109 silly ADD node_modules/string_decoder
110 silly ADD node_modules/typedarray
111 silly ADD node_modules/readable-stream
112 silly ADD node_modules/buffer-from
113 silly ADD node_modules/streamsearch
114 silly ADD node_modules/concat-stream
115 silly ADD node_modules/busboy
116 silly ADD node_modules/append-field
117 silly ADD node_modules/multer
118 verbose cwd D:\Diego\2-Trabajos propios\KinesIA2\src\backend
119 verbose os Windows_NT 10.0.26200
120 verbose node v22.22.1
121 verbose npm  v11.11.0
122 verbose exit 0
123 info ok
