0 verbose cli C:\Program Files\nodejs\node.exe C:\Users\dgati\AppData\Roaming\npm\node_modules\npm\bin\npm-cli.js
1 info using npm@11.11.0
2 info using node@v22.22.1
3 silly config load:file:C:\Users\dgati\AppData\Roaming\npm\node_modules\npm\npmrc
4 silly config load:file:D:\Diego\2-Trabajos propios\KinesIA2\src\backend\.npmrc
5 silly config load:file:C:\Users\dgati\.npmrc
6 silly config load:file:C:\Users\dgati\AppData\Roaming\npm\etc\npmrc
7 verbose title npm install
8 verbose argv "install"
9 verbose logfile logs-max:10 dir:D:\Diego\2-Trabajos propios\KinesIA2\src\backend\npm-cache\_logs\2026-05-12T02_26_37_136Z-
10 verbose logfile D:\Diego\2-Trabajos propios\KinesIA2\src\backend\npm-cache\_logs\2026-05-12T02_26_37_136Z-debug-0.log
11 silly logfile done cleaning log files
12 silly packumentCache heap:4345298944 maxSize:1086324736 maxEntrySize:543162368
13 silly idealTree buildDeps
14 silly reify moves {}
15 silly audit bulk request {
15 silly audit   '@esbuild/aix-ppc64': [ '0.27.7' ],
15 silly audit   '@esbuild/android-arm': [ '0.27.7' ],
15 silly audit   '@esbuild/android-arm64': [ '0.27.7' ],
15 silly audit   '@esbuild/android-x64': [ '0.27.7' ],
15 silly audit   '@esbuild/darwin-arm64': [ '0.27.7' ],
15 silly audit   '@esbuild/darwin-x64': [ '0.27.7' ],
15 silly audit   '@esbuild/freebsd-arm64': [ '0.27.7' ],
15 silly audit   '@esbuild/freebsd-x64': [ '0.27.7' ],
15 silly audit   '@esbuild/linux-arm': [ '0.27.7' ],
15 silly audit   '@esbuild/linux-arm64': [ '0.27.7' ],
15 silly audit   '@esbuild/linux-ia32': [ '0.27.7' ],
15 silly audit   '@esbuild/linux-loong64': [ '0.27.7' ],
15 silly audit   '@esbuild/linux-mips64el': [ '0.27.7' ],
15 silly audit   '@esbuild/linux-ppc64': [ '0.27.7' ],
15 silly audit   '@esbuild/linux-riscv64': [ '0.27.7' ],
15 silly audit   '@esbuild/linux-s390x': [ '0.27.7' ],
15 silly audit   '@esbuild/linux-x64': [ '0.27.7' ],
15 silly audit   '@esbuild/netbsd-arm64': [ '0.27.7' ],
15 silly audit   '@esbuild/netbsd-x64': [ '0.27.7' ],
15 silly audit   '@esbuild/openbsd-arm64': [ '0.27.7' ],
15 silly audit   '@esbuild/openbsd-x64': [ '0.27.7' ],
15 silly audit   '@esbuild/openharmony-arm64': [ '0.27.7' ],
15 silly audit   '@esbuild/sunos-x64': [ '0.27.7' ],
15 silly audit   '@esbuild/win32-arm64': [ '0.27.7' ],
15 silly audit   '@esbuild/win32-ia32': [ '0.27.7' ],
15 silly audit   '@esbuild/win32-x64': [ '0.27.7' ],
15 silly audit   '@types/bcryptjs': [ '2.4.6' ],
15 silly audit   '@types/body-parser': [ '1.19.6' ],
15 silly audit   '@types/connect': [ '3.4.38' ],
15 silly audit   '@types/cors': [ '2.8.19' ],
15 silly audit   '@types/express': [ '4.17.25' ],
15 silly audit   '@types/express-serve-static-core': [ '4.19.8' ],
15 silly audit   '@types/http-errors': [ '2.0.5' ],
15 silly audit   '@types/jsonwebtoken': [ '9.0.10' ],
15 silly audit   '@types/mime': [ '1.3.5' ],
15 silly audit   '@types/ms': [ '2.1.0' ],
15 silly audit   '@types/node': [ '20.19.41' ],
15 silly audit   '@types/qs': [ '6.15.1' ],
15 silly audit   '@types/range-parser': [ '1.2.7' ],
15 silly audit   '@types/send': [ '1.2.1', '0.17.6' ],
15 silly audit   '@types/serve-static': [ '1.15.10' ],
15 silly audit   esbuild: [ '0.27.7' ],
15 silly audit   fsevents: [ '2.3.3' ],
15 silly audit   'get-tsconfig': [ '4.14.0' ],
15 silly audit   'resolve-pkg-maps': [ '1.0.0' ],
15 silly audit   tsx: [ '4.21.0' ],
15 silly audit   typescript: [ '5.9.3' ],
15 silly audit   'undici-types': [ '6.21.0' ]
15 silly audit }
16 http fetch POST 200 https://registry.npmjs.org/-/npm/v1/security/advisories/bulk 277ms
17 silly audit report {}
18 verbose cwd D:\Diego\2-Trabajos propios\KinesIA2\src\backend
19 verbose os Windows_NT 10.0.26200
20 verbose node v22.22.1
21 verbose npm  v11.11.0
22 verbose exit 0
23 info ok
