0 verbose cli C:\Program Files\nodejs\node.exe C:\Users\dgati\AppData\Roaming\npm\node_modules\npm\bin\npm-cli.js
1 info using npm@11.11.0
2 info using node@v22.22.1
3 silly config load:file:C:\Users\dgati\AppData\Roaming\npm\node_modules\npm\npmrc
4 silly config load:file:D:\Diego\2-Trabajos propios\KinesIA2\src\backend\.npmrc
5 silly config load:file:C:\Users\dgati\.npmrc
6 silly config load:file:C:\Users\dgati\AppData\Roaming\npm\etc\npmrc
7 verbose title npm install
8 verbose argv "install"
9 verbose logfile logs-max:10 dir:D:\Diego\2-Trabajos propios\KinesIA2\src\backend\npm-cache\_logs\2026-05-12T02_25_10_509Z-
10 verbose logfile D:\Diego\2-Trabajos propios\KinesIA2\src\backend\npm-cache\_logs\2026-05-12T02_25_10_509Z-debug-0.log
11 silly logfile done cleaning log files
12 silly packumentCache heap:4345298944 maxSize:1086324736 maxEntrySize:543162368
13 silly idealTree buildDeps
14 silly fetch manifest @types/bcryptjs@^2.4.6
15 silly packumentCache full:https://registry.npmjs.org/@types%2fbcryptjs cache-miss
16 http fetch GET 200 https://registry.npmjs.org/npm 143ms
17 http fetch GET 200 https://registry.npmjs.org/@types%2fbcryptjs 467ms (cache miss)
18 silly packumentCache full:https://registry.npmjs.org/@types%2fbcryptjs set size:undefined disposed:false
19 silly fetch manifest @types/cors@^2.8.17
20 silly packumentCache full:https://registry.npmjs.org/@types%2fcors cache-miss
21 http fetch GET 200 https://registry.npmjs.org/@types%2fcors 227ms (cache miss)
22 silly packumentCache full:https://registry.npmjs.org/@types%2fcors set size:undefined disposed:false
23 silly fetch manifest @types/express@^4.17.21
24 silly packumentCache full:https://registry.npmjs.org/@types%2fexpress cache-miss
25 http fetch GET 200 https://registry.npmjs.org/@types%2fexpress 276ms (cache miss)
26 silly packumentCache full:https://registry.npmjs.org/@types%2fexpress set size:undefined disposed:false
27 silly fetch manifest @types/jsonwebtoken@^9.0.5
28 silly packumentCache full:https://registry.npmjs.org/@types%2fjsonwebtoken cache-miss
29 http fetch GET 200 https://registry.npmjs.org/@types%2fjsonwebtoken 244ms (cache miss)
30 silly packumentCache full:https://registry.npmjs.org/@types%2fjsonwebtoken set size:undefined disposed:false
31 silly fetch manifest @types/node@^20.11.20
32 silly packumentCache full:https://registry.npmjs.org/@types%2fnode cache-miss
33 http fetch GET 200 https://registry.npmjs.org/@types%2fnode 225ms (cache miss)
34 silly packumentCache full:https://registry.npmjs.org/@types%2fnode set size:undefined disposed:false
35 silly fetch manifest tsx@^4.7.1
36 silly packumentCache full:https://registry.npmjs.org/tsx cache-miss
37 http fetch GET 200 https://registry.npmjs.org/tsx 55ms (cache miss)
38 silly packumentCache full:https://registry.npmjs.org/tsx set size:undefined disposed:false
39 silly fetch manifest typescript@^5.3.3
40 silly packumentCache full:https://registry.npmjs.org/typescript cache-miss
41 http fetch GET 200 https://registry.npmjs.org/typescript 365ms (cache miss)
42 silly packumentCache full:https://registry.npmjs.org/typescript set size:undefined disposed:false
43 silly placeDep ROOT @types/bcryptjs@2.4.6 OK for: kinesia-backend@1.0.0 want: ^2.4.6
44 silly placeDep ROOT @types/cors@2.8.19 OK for: kinesia-backend@1.0.0 want: ^2.8.17
45 silly placeDep ROOT @types/express@4.17.25 OK for: kinesia-backend@1.0.0 want: ^4.17.21
46 silly placeDep ROOT @types/jsonwebtoken@9.0.10 OK for: kinesia-backend@1.0.0 want: ^9.0.5
47 silly placeDep ROOT @types/node@20.19.41 OK for: kinesia-backend@1.0.0 want: ^20.11.20
48 silly placeDep ROOT tsx@4.21.0 OK for: kinesia-backend@1.0.0 want: ^4.7.1
49 silly placeDep ROOT typescript@5.9.3 OK for: kinesia-backend@1.0.0 want: ^5.3.3
50 silly fetch manifest @types/node@*
51 silly packumentCache full:https://registry.npmjs.org/@types%2fnode cache-miss
52 silly fetch manifest @types/qs@*
53 silly packumentCache full:https://registry.npmjs.org/@types%2fqs cache-miss
54 silly fetch manifest @types/body-parser@*
55 silly packumentCache full:https://registry.npmjs.org/@types%2fbody-parser cache-miss
56 silly fetch manifest @types/serve-static@^1
57 silly packumentCache full:https://registry.npmjs.org/@types%2fserve-static cache-miss
58 silly fetch manifest @types/express-serve-static-core@^4.17.33
59 silly packumentCache full:https://registry.npmjs.org/@types%2fexpress-serve-static-core cache-miss
60 silly fetch manifest @types/ms@*
61 silly packumentCache full:https://registry.npmjs.org/@types%2fms cache-miss
62 silly fetch manifest @types/node@*
63 silly packumentCache full:https://registry.npmjs.org/@types%2fnode cache-miss
64 silly fetch manifest undici-types@~6.21.0
65 silly packumentCache full:https://registry.npmjs.org/undici-types cache-miss
66 silly fetch manifest esbuild@~0.27.0
67 silly packumentCache full:https://registry.npmjs.org/esbuild cache-miss
68 silly fetch manifest get-tsconfig@^4.7.5
69 silly packumentCache full:https://registry.npmjs.org/get-tsconfig cache-miss
70 silly fetch manifest fsevents@~2.3.3
71 silly packumentCache full:https://registry.npmjs.org/fsevents cache-miss
72 http cache https://registry.npmjs.org/@types%2fnode 37ms (cache hit)
73 silly packumentCache full:https://registry.npmjs.org/@types%2fnode set size:11004479 disposed:false
74 http cache https://registry.npmjs.org/@types%2fnode 125ms (cache hit)
75 silly packumentCache full:https://registry.npmjs.org/@types%2fnode set size:11004479 disposed:false
76 http fetch GET 200 https://registry.npmjs.org/@types%2fbody-parser 207ms (cache miss)
77 silly packumentCache full:https://registry.npmjs.org/@types%2fbody-parser set size:undefined disposed:false
78 http fetch GET 200 https://registry.npmjs.org/@types%2fqs 242ms (cache miss)
79 silly packumentCache full:https://registry.npmjs.org/@types%2fqs set size:undefined disposed:false
80 http fetch GET 200 https://registry.npmjs.org/undici-types 251ms (cache miss)
81 silly packumentCache full:https://registry.npmjs.org/undici-types set size:undefined disposed:false
82 http fetch GET 200 https://registry.npmjs.org/get-tsconfig 255ms (cache miss)
83 silly packumentCache full:https://registry.npmjs.org/get-tsconfig set size:undefined disposed:false
84 http fetch GET 200 https://registry.npmjs.org/@types%2fserve-static 267ms (cache miss)
85 silly packumentCache full:https://registry.npmjs.org/@types%2fserve-static set size:undefined disposed:false
86 http fetch GET 200 https://registry.npmjs.org/fsevents 307ms (cache miss)
87 silly packumentCache full:https://registry.npmjs.org/fsevents set size:undefined disposed:false
88 http fetch GET 200 https://registry.npmjs.org/esbuild 341ms (cache miss)
89 silly packumentCache full:https://registry.npmjs.org/esbuild set size:undefined disposed:false
90 http fetch GET 200 https://registry.npmjs.org/@types%2fexpress-serve-static-core 548ms (cache miss)
91 silly packumentCache full:https://registry.npmjs.org/@types%2fexpress-serve-static-core set size:undefined disposed:false
92 http fetch GET 200 https://registry.npmjs.org/@types%2fms 620ms (cache miss)
93 silly packumentCache full:https://registry.npmjs.org/@types%2fms set size:undefined disposed:false
94 silly placeDep ROOT @types/body-parser@1.19.6 OK for: @types/express@4.17.25 want: *
95 silly placeDep ROOT @types/express-serve-static-core@4.19.8 OK for: @types/express@4.17.25 want: ^4.17.33
96 silly placeDep ROOT @types/qs@6.15.1 OK for: @types/express@4.17.25 want: *
97 silly placeDep ROOT @types/serve-static@1.15.10 OK for: @types/express@4.17.25 want: ^1
98 silly fetch manifest @types/connect@*
99 silly packumentCache full:https://registry.npmjs.org/@types%2fconnect cache-miss
100 silly fetch manifest @types/send@*
101 silly packumentCache full:https://registry.npmjs.org/@types%2fsend cache-miss
102 silly fetch manifest @types/range-parser@*
103 silly packumentCache full:https://registry.npmjs.org/@types%2frange-parser cache-miss
104 silly fetch manifest @types/send@<1
105 silly packumentCache full:https://registry.npmjs.org/@types%2fsend cache-miss
106 silly fetch manifest @types/http-errors@*
107 silly packumentCache full:https://registry.npmjs.org/@types%2fhttp-errors cache-miss
108 http fetch GET 200 https://registry.npmjs.org/@types%2fsend 75ms (cache miss)
109 silly packumentCache full:https://registry.npmjs.org/@types%2fsend set size:undefined disposed:false
110 http fetch GET 200 https://registry.npmjs.org/@types%2fsend 75ms (cache miss)
111 silly packumentCache full:https://registry.npmjs.org/@types%2fsend set size:undefined disposed:false
112 http fetch GET 200 https://registry.npmjs.org/@types%2frange-parser 78ms (cache miss)
113 silly packumentCache full:https://registry.npmjs.org/@types%2frange-parser set size:undefined disposed:false
114 http fetch GET 200 https://registry.npmjs.org/@types%2fhttp-errors 79ms (cache miss)
115 silly packumentCache full:https://registry.npmjs.org/@types%2fhttp-errors set size:undefined disposed:false
116 http fetch GET 200 https://registry.npmjs.org/@types%2fconnect 88ms (cache miss)
117 silly packumentCache full:https://registry.npmjs.org/@types%2fconnect set size:undefined disposed:false
118 silly placeDep ROOT @types/connect@3.4.38 OK for: @types/body-parser@1.19.6 want: *
119 silly placeDep ROOT @types/range-parser@1.2.7 OK for: @types/express-serve-static-core@4.19.8 want: *
120 silly placeDep ROOT @types/send@1.2.1 OK for: @types/express-serve-static-core@4.19.8 want: *
121 silly placeDep ROOT @types/ms@2.1.0 OK for: @types/jsonwebtoken@9.0.10 want: *
122 silly placeDep ROOT undici-types@6.21.0 OK for: @types/node@20.19.41 want: ~6.21.0
123 silly placeDep ROOT @types/http-errors@2.0.5 OK for: @types/serve-static@1.15.10 want: *
124 silly placeDep node_modules/@types/serve-static @types/send@0.17.6 OK for: @types/serve-static@1.15.10 want: <1
125 silly fetch manifest @types/mime@^1
126 silly packumentCache full:https://registry.npmjs.org/@types%2fmime cache-miss
127 http fetch GET 200 https://registry.npmjs.org/@types%2fmime 251ms (cache miss)
128 silly packumentCache full:https://registry.npmjs.org/@types%2fmime set size:undefined disposed:false
129 silly placeDep ROOT esbuild@0.27.7 OK for: tsx@4.21.0 want: ~0.27.0
130 silly placeDep ROOT fsevents@2.3.3 OK for: tsx@4.21.0 want: ~2.3.3
131 silly placeDep ROOT get-tsconfig@4.14.0 OK for: tsx@4.21.0 want: ^4.7.5
132 silly fetch manifest @esbuild/aix-ppc64@0.27.7
133 silly packumentCache full:https://registry.npmjs.org/@esbuild%2faix-ppc64 cache-miss
134 silly fetch manifest @esbuild/linux-arm@0.27.7
135 silly packumentCache full:https://registry.npmjs.org/@esbuild%2flinux-arm cache-miss
136 silly fetch manifest @esbuild/linux-x64@0.27.7
137 silly packumentCache full:https://registry.npmjs.org/@esbuild%2flinux-x64 cache-miss
138 silly fetch manifest @esbuild/sunos-x64@0.27.7
139 silly packumentCache full:https://registry.npmjs.org/@esbuild%2fsunos-x64 cache-miss
140 silly fetch manifest @esbuild/win32-x64@0.27.7
141 silly packumentCache full:https://registry.npmjs.org/@esbuild%2fwin32-x64 cache-miss
142 silly fetch manifest @esbuild/darwin-x64@0.27.7
143 silly packumentCache full:https://registry.npmjs.org/@esbuild%2fdarwin-x64 cache-miss
144 silly fetch manifest @esbuild/linux-ia32@0.27.7
145 silly packumentCache full:https://registry.npmjs.org/@esbuild%2flinux-ia32 cache-miss
146 silly fetch manifest @esbuild/netbsd-x64@0.27.7
147 silly packumentCache full:https://registry.npmjs.org/@esbuild%2fnetbsd-x64 cache-miss
148 silly fetch manifest @esbuild/win32-ia32@0.27.7
149 silly packumentCache full:https://registry.npmjs.org/@esbuild%2fwin32-ia32 cache-miss
150 silly fetch manifest @esbuild/android-arm@0.27.7
151 silly packumentCache full:https://registry.npmjs.org/@esbuild%2fandroid-arm cache-miss
152 silly fetch manifest @esbuild/android-x64@0.27.7
153 silly packumentCache full:https://registry.npmjs.org/@esbuild%2fandroid-x64 cache-miss
154 silly fetch manifest @esbuild/freebsd-x64@0.27.7
155 silly packumentCache full:https://registry.npmjs.org/@esbuild%2ffreebsd-x64 cache-miss
156 silly fetch manifest @esbuild/linux-arm64@0.27.7
157 silly packumentCache full:https://registry.npmjs.org/@esbuild%2flinux-arm64 cache-miss
158 silly fetch manifest @esbuild/linux-ppc64@0.27.7
159 silly packumentCache full:https://registry.npmjs.org/@esbuild%2flinux-ppc64 cache-miss
160 silly fetch manifest @esbuild/linux-s390x@0.27.7
161 silly packumentCache full:https://registry.npmjs.org/@esbuild%2flinux-s390x cache-miss
162 http fetch GET 200 https://registry.npmjs.org/@esbuild%2fwin32-x64 119ms (cache miss)
163 silly packumentCache full:https://registry.npmjs.org/@esbuild%2fwin32-x64 set size:undefined disposed:false
164 silly fetch manifest @esbuild/openbsd-x64@0.27.7
165 silly packumentCache full:https://registry.npmjs.org/@esbuild%2fopenbsd-x64 cache-miss
166 http fetch GET 200 https://registry.npmjs.org/@esbuild%2flinux-arm 132ms (cache miss)
167 silly packumentCache full:https://registry.npmjs.org/@esbuild%2flinux-arm set size:undefined disposed:false
168 silly fetch manifest @esbuild/win32-arm64@0.27.7
169 silly packumentCache full:https://registry.npmjs.org/@esbuild%2fwin32-arm64 cache-miss
170 http fetch GET 200 https://registry.npmjs.org/@esbuild%2fdarwin-x64 139ms (cache miss)
171 silly packumentCache full:https://registry.npmjs.org/@esbuild%2fdarwin-x64 set size:undefined disposed:false
172 silly fetch manifest @esbuild/darwin-arm64@0.27.7
173 silly packumentCache full:https://registry.npmjs.org/@esbuild%2fdarwin-arm64 cache-miss
174 http fetch GET 200 https://registry.npmjs.org/@esbuild%2fsunos-x64 150ms (cache miss)
175 silly packumentCache full:https://registry.npmjs.org/@esbuild%2fsunos-x64 set size:undefined disposed:false
176 silly fetch manifest @esbuild/netbsd-arm64@0.27.7
177 silly packumentCache full:https://registry.npmjs.org/@esbuild%2fnetbsd-arm64 cache-miss
178 http fetch GET 200 https://registry.npmjs.org/@esbuild%2fnetbsd-x64 160ms (cache miss)
179 silly packumentCache full:https://registry.npmjs.org/@esbuild%2fnetbsd-x64 set size:undefined disposed:false
180 silly fetch manifest @esbuild/android-arm64@0.27.7
181 silly packumentCache full:https://registry.npmjs.org/@esbuild%2fandroid-arm64 cache-miss
182 http fetch GET 200 https://registry.npmjs.org/@esbuild%2faix-ppc64 169ms (cache miss)
183 silly packumentCache full:https://registry.npmjs.org/@esbuild%2faix-ppc64 set size:undefined disposed:false
184 silly fetch manifest @esbuild/freebsd-arm64@0.27.7
185 silly packumentCache full:https://registry.npmjs.org/@esbuild%2ffreebsd-arm64 cache-miss
186 http fetch GET 200 https://registry.npmjs.org/@esbuild%2flinux-x64 180ms (cache miss)
187 silly packumentCache full:https://registry.npmjs.org/@esbuild%2flinux-x64 set size:undefined disposed:false
188 silly fetch manifest @esbuild/linux-loong64@0.27.7
189 silly packumentCache full:https://registry.npmjs.org/@esbuild%2flinux-loong64 cache-miss
190 http fetch GET 200 https://registry.npmjs.org/@esbuild%2flinux-ia32 198ms (cache miss)
191 silly packumentCache full:https://registry.npmjs.org/@esbuild%2flinux-ia32 set size:undefined disposed:false
192 silly fetch manifest @esbuild/linux-riscv64@0.27.7
193 silly packumentCache full:https://registry.npmjs.org/@esbuild%2flinux-riscv64 cache-miss
194 http fetch GET 200 https://registry.npmjs.org/@esbuild%2fwin32-ia32 212ms (cache miss)
195 silly packumentCache full:https://registry.npmjs.org/@esbuild%2fwin32-ia32 set size:undefined disposed:false
196 silly fetch manifest @esbuild/openbsd-arm64@0.27.7
197 silly packumentCache full:https://registry.npmjs.org/@esbuild%2fopenbsd-arm64 cache-miss
198 http fetch GET 200 https://registry.npmjs.org/@esbuild%2fnetbsd-arm64 101ms (cache miss)
199 silly packumentCache full:https://registry.npmjs.org/@esbuild%2fnetbsd-arm64 set size:undefined disposed:false
200 silly fetch manifest @esbuild/linux-mips64el@0.27.7
201 silly packumentCache full:https://registry.npmjs.org/@esbuild%2flinux-mips64el cache-miss
202 http fetch GET 200 https://registry.npmjs.org/@esbuild%2fopenbsd-x64 139ms (cache miss)
203 silly packumentCache full:https://registry.npmjs.org/@esbuild%2fopenbsd-x64 set size:undefined disposed:false
204 silly fetch manifest @esbuild/openharmony-arm64@0.27.7
205 silly packumentCache full:https://registry.npmjs.org/@esbuild%2fopenharmony-arm64 cache-miss
206 http fetch GET 200 https://registry.npmjs.org/@esbuild%2ffreebsd-x64 262ms (cache miss)
207 silly packumentCache full:https://registry.npmjs.org/@esbuild%2ffreebsd-x64 set size:undefined disposed:false
208 silly fetch manifest resolve-pkg-maps@^1.0.0
209 silly packumentCache full:https://registry.npmjs.org/resolve-pkg-maps cache-miss
210 http fetch GET 200 https://registry.npmjs.org/@esbuild%2flinux-ppc64 269ms (cache miss)
211 silly packumentCache full:https://registry.npmjs.org/@esbuild%2flinux-ppc64 set size:undefined disposed:false
212 http fetch GET 200 https://registry.npmjs.org/@esbuild%2fwin32-arm64 144ms (cache miss)
213 silly packumentCache full:https://registry.npmjs.org/@esbuild%2fwin32-arm64 set size:undefined disposed:false
214 http fetch GET 200 https://registry.npmjs.org/@esbuild%2fdarwin-arm64 140ms (cache miss)
215 silly packumentCache full:https://registry.npmjs.org/@esbuild%2fdarwin-arm64 set size:undefined disposed:false
216 http fetch GET 200 https://registry.npmjs.org/@esbuild%2fandroid-x64 289ms (cache miss)
217 silly packumentCache full:https://registry.npmjs.org/@esbuild%2fandroid-x64 set size:undefined disposed:false
218 http fetch GET 200 https://registry.npmjs.org/@esbuild%2flinux-s390x 296ms (cache miss)
219 silly packumentCache full:https://registry.npmjs.org/@esbuild%2flinux-s390x set size:undefined disposed:false
220 http fetch GET 200 https://registry.npmjs.org/@esbuild%2fandroid-arm 304ms (cache miss)
221 silly packumentCache full:https://registry.npmjs.org/@esbuild%2fandroid-arm set size:undefined disposed:false
222 http fetch GET 200 https://registry.npmjs.org/@esbuild%2fandroid-arm64 147ms (cache miss)
223 silly packumentCache full:https://registry.npmjs.org/@esbuild%2fandroid-arm64 set size:undefined disposed:false
224 http fetch GET 200 https://registry.npmjs.org/@esbuild%2flinux-arm64 312ms (cache miss)
225 silly packumentCache full:https://registry.npmjs.org/@esbuild%2flinux-arm64 set size:undefined disposed:false
226 http fetch GET 200 https://registry.npmjs.org/@esbuild%2flinux-loong64 140ms (cache miss)
227 silly packumentCache full:https://registry.npmjs.org/@esbuild%2flinux-loong64 set size:undefined disposed:false
228 http fetch GET 200 https://registry.npmjs.org/@esbuild%2ffreebsd-arm64 160ms (cache miss)
229 silly packumentCache full:https://registry.npmjs.org/@esbuild%2ffreebsd-arm64 set size:undefined disposed:false
230 http fetch GET 200 https://registry.npmjs.org/@esbuild%2fopenbsd-arm64 118ms (cache miss)
231 silly packumentCache full:https://registry.npmjs.org/@esbuild%2fopenbsd-arm64 set size:undefined disposed:false
232 http fetch GET 200 https://registry.npmjs.org/@esbuild%2flinux-riscv64 138ms (cache miss)
233 silly packumentCache full:https://registry.npmjs.org/@esbuild%2flinux-riscv64 set size:undefined disposed:false
234 http fetch GET 200 https://registry.npmjs.org/resolve-pkg-maps 75ms (cache miss)
235 silly packumentCache full:https://registry.npmjs.org/resolve-pkg-maps set size:undefined disposed:false
236 http fetch GET 200 https://registry.npmjs.org/@esbuild%2flinux-mips64el 92ms (cache miss)
237 silly packumentCache full:https://registry.npmjs.org/@esbuild%2flinux-mips64el set size:undefined disposed:false
238 http fetch GET 200 https://registry.npmjs.org/@esbuild%2fopenharmony-arm64 94ms (cache miss)
239 silly packumentCache full:https://registry.npmjs.org/@esbuild%2fopenharmony-arm64 set size:undefined disposed:false
240 silly placeDep ROOT @esbuild/aix-ppc64@0.27.7 OK for: esbuild@0.27.7 want: 0.27.7
241 silly placeDep ROOT @esbuild/android-arm@0.27.7 OK for: esbuild@0.27.7 want: 0.27.7
242 silly placeDep ROOT @esbuild/android-arm64@0.27.7 OK for: esbuild@0.27.7 want: 0.27.7
243 silly placeDep ROOT @esbuild/android-x64@0.27.7 OK for: esbuild@0.27.7 want: 0.27.7
244 silly placeDep ROOT @esbuild/darwin-arm64@0.27.7 OK for: esbuild@0.27.7 want: 0.27.7
245 silly placeDep ROOT @esbuild/darwin-x64@0.27.7 OK for: esbuild@0.27.7 want: 0.27.7
246 silly placeDep ROOT @esbuild/freebsd-arm64@0.27.7 OK for: esbuild@0.27.7 want: 0.27.7
247 silly placeDep ROOT @esbuild/freebsd-x64@0.27.7 OK for: esbuild@0.27.7 want: 0.27.7
248 silly placeDep ROOT @esbuild/linux-arm@0.27.7 OK for: esbuild@0.27.7 want: 0.27.7
249 silly placeDep ROOT @esbuild/linux-arm64@0.27.7 OK for: esbuild@0.27.7 want: 0.27.7
250 silly placeDep ROOT @esbuild/linux-ia32@0.27.7 OK for: esbuild@0.27.7 want: 0.27.7
251 silly placeDep ROOT @esbuild/linux-loong64@0.27.7 OK for: esbuild@0.27.7 want: 0.27.7
252 silly placeDep ROOT @esbuild/linux-mips64el@0.27.7 OK for: esbuild@0.27.7 want: 0.27.7
253 silly placeDep ROOT @esbuild/linux-ppc64@0.27.7 OK for: esbuild@0.27.7 want: 0.27.7
254 silly placeDep ROOT @esbuild/linux-riscv64@0.27.7 OK for: esbuild@0.27.7 want: 0.27.7
255 silly placeDep ROOT @esbuild/linux-s390x@0.27.7 OK for: esbuild@0.27.7 want: 0.27.7
256 silly placeDep ROOT @esbuild/linux-x64@0.27.7 OK for: esbuild@0.27.7 want: 0.27.7
257 silly placeDep ROOT @esbuild/netbsd-arm64@0.27.7 OK for: esbuild@0.27.7 want: 0.27.7
258 silly placeDep ROOT @esbuild/netbsd-x64@0.27.7 OK for: esbuild@0.27.7 want: 0.27.7
259 silly placeDep ROOT @esbuild/openbsd-arm64@0.27.7 OK for: esbuild@0.27.7 want: 0.27.7
260 silly placeDep ROOT @esbuild/openbsd-x64@0.27.7 OK for: esbuild@0.27.7 want: 0.27.7
261 silly placeDep ROOT @esbuild/openharmony-arm64@0.27.7 OK for: esbuild@0.27.7 want: 0.27.7
262 silly placeDep ROOT @esbuild/sunos-x64@0.27.7 OK for: esbuild@0.27.7 want: 0.27.7
263 silly placeDep ROOT @esbuild/win32-arm64@0.27.7 OK for: esbuild@0.27.7 want: 0.27.7
264 silly placeDep ROOT @esbuild/win32-ia32@0.27.7 OK for: esbuild@0.27.7 want: 0.27.7
265 silly placeDep ROOT @esbuild/win32-x64@0.27.7 OK for: esbuild@0.27.7 want: 0.27.7
266 silly placeDep ROOT resolve-pkg-maps@1.0.0 OK for: get-tsconfig@4.14.0 want: ^1.0.0
267 silly placeDep ROOT @types/mime@1.3.5 OK for: @types/send@0.17.6 want: ^1
268 silly reify moves {}
269 silly audit bulk request {
269 silly audit   '@types/bcryptjs': [ '2.4.6' ],
269 silly audit   '@types/cors': [ '2.8.19' ],
269 silly audit   '@types/express': [ '4.17.25' ],
269 silly audit   '@types/jsonwebtoken': [ '9.0.10' ],
269 silly audit   '@types/node': [ '20.19.41' ],
269 silly audit   tsx: [ '4.21.0' ],
269 silly audit   typescript: [ '5.9.3' ],
269 silly audit   '@types/body-parser': [ '1.19.6' ],
269 silly audit   '@types/express-serve-static-core': [ '4.19.8' ],
269 silly audit   '@types/qs': [ '6.15.1' ],
269 silly audit   '@types/serve-static': [ '1.15.10' ],
269 silly audit   '@types/connect': [ '3.4.38' ],
269 silly audit   '@types/range-parser': [ '1.2.7' ],
269 silly audit   '@types/send': [ '1.2.1', '0.17.6' ],
269 silly audit   '@types/ms': [ '2.1.0' ],
269 silly audit   'undici-types': [ '6.21.0' ],
269 silly audit   '@types/http-errors': [ '2.0.5' ],
269 silly audit   esbuild: [ '0.27.7' ],
269 silly audit   fsevents: [ '2.3.3' ],
269 silly audit   'get-tsconfig': [ '4.14.0' ],
269 silly audit   '@esbuild/aix-ppc64': [ '0.27.7' ],
269 silly audit   '@esbuild/android-arm': [ '0.27.7' ],
269 silly audit   '@esbuild/android-arm64': [ '0.27.7' ],
269 silly audit   '@esbuild/android-x64': [ '0.27.7' ],
269 silly audit   '@esbuild/darwin-arm64': [ '0.27.7' ],
269 silly audit   '@esbuild/darwin-x64': [ '0.27.7' ],
269 silly audit   '@esbuild/freebsd-arm64': [ '0.27.7' ],
269 silly audit   '@esbuild/freebsd-x64': [ '0.27.7' ],
269 silly audit   '@esbuild/linux-arm': [ '0.27.7' ],
269 silly audit   '@esbuild/linux-arm64': [ '0.27.7' ],
269 silly audit   '@esbuild/linux-ia32': [ '0.27.7' ],
269 silly audit   '@esbuild/linux-loong64': [ '0.27.7' ],
269 silly audit   '@esbuild/linux-mips64el': [ '0.27.7' ],
269 silly audit   '@esbuild/linux-ppc64': [ '0.27.7' ],
269 silly audit   '@esbuild/linux-riscv64': [ '0.27.7' ],
269 silly audit   '@esbuild/linux-s390x': [ '0.27.7' ],
269 silly audit   '@esbuild/linux-x64': [ '0.27.7' ],
269 silly audit   '@esbuild/netbsd-arm64': [ '0.27.7' ],
269 silly audit   '@esbuild/netbsd-x64': [ '0.27.7' ],
269 silly audit   '@esbuild/openbsd-arm64': [ '0.27.7' ],
269 silly audit   '@esbuild/openbsd-x64': [ '0.27.7' ],
269 silly audit   '@esbuild/openharmony-arm64': [ '0.27.7' ],
269 silly audit   '@esbuild/sunos-x64': [ '0.27.7' ],
269 silly audit   '@esbuild/win32-arm64': [ '0.27.7' ],
269 silly audit   '@esbuild/win32-ia32': [ '0.27.7' ],
269 silly audit   '@esbuild/win32-x64': [ '0.27.7' ],
269 silly audit   'resolve-pkg-maps': [ '1.0.0' ],
269 silly audit   '@types/mime': [ '1.3.5' ]
269 silly audit }
270 http cache @types/mime@https://registry.npmjs.org/@types/mime/-/mime-1.3.5.tgz 0ms (cache hit)
271 http cache @esbuild/win32-x64@https://registry.npmjs.org/@esbuild/win32-x64/-/win32-x64-0.27.7.tgz 0ms (cache hit)
272 http cache resolve-pkg-maps@https://registry.npmjs.org/resolve-pkg-maps/-/resolve-pkg-maps-1.0.0.tgz 0ms (cache hit)
273 http cache get-tsconfig@https://registry.npmjs.org/get-tsconfig/-/get-tsconfig-4.14.0.tgz 0ms (cache hit)
274 http cache esbuild@https://registry.npmjs.org/esbuild/-/esbuild-0.27.7.tgz 0ms (cache hit)
275 http cache @types/http-errors@https://registry.npmjs.org/@types/http-errors/-/http-errors-2.0.5.tgz 0ms (cache hit)
276 http cache @types/ms@https://registry.npmjs.org/@types/ms/-/ms-2.1.0.tgz 0ms (cache hit)
277 http cache undici-types@https://registry.npmjs.org/undici-types/-/undici-types-6.21.0.tgz 0ms (cache hit)
278 http cache @types/send@https://registry.npmjs.org/@types/send/-/send-1.2.1.tgz 0ms (cache hit)
279 http cache @types/range-parser@https://registry.npmjs.org/@types/range-parser/-/range-parser-1.2.7.tgz 0ms (cache hit)
280 http cache @types/connect@https://registry.npmjs.org/@types/connect/-/connect-3.4.38.tgz 0ms (cache hit)
281 http cache @types/serve-static@https://registry.npmjs.org/@types/serve-static/-/serve-static-1.15.10.tgz 0ms (cache hit)
282 http cache typescript@https://registry.npmjs.org/typescript/-/typescript-5.9.3.tgz 1ms (cache hit)
283 http cache @types/qs@https://registry.npmjs.org/@types/qs/-/qs-6.15.1.tgz 0ms (cache hit)
284 http cache @types/express-serve-static-core@https://registry.npmjs.org/@types/express-serve-static-core/-/express-serve-static-core-4.19.8.tgz 0ms (cache hit)
285 http cache @types/body-parser@https://registry.npmjs.org/@types/body-parser/-/body-parser-1.19.6.tgz 0ms (cache hit)
286 http cache tsx@https://registry.npmjs.org/tsx/-/tsx-4.21.0.tgz 0ms (cache hit)
287 http cache @types/node@https://registry.npmjs.org/@types/node/-/node-20.19.41.tgz 0ms (cache hit)
288 http cache @types/jsonwebtoken@https://registry.npmjs.org/@types/jsonwebtoken/-/jsonwebtoken-9.0.10.tgz 0ms (cache hit)
289 http cache @types/express@https://registry.npmjs.org/@types/express/-/express-4.17.25.tgz 0ms (cache hit)
290 http cache @types/cors@https://registry.npmjs.org/@types/cors/-/cors-2.8.19.tgz 0ms (cache hit)
291 silly tarball no local data for @types/mime@https://registry.npmjs.org/@types/mime/-/mime-1.3.5.tgz. Extracting by manifest.
292 silly tarball no local data for @esbuild/win32-x64@https://registry.npmjs.org/@esbuild/win32-x64/-/win32-x64-0.27.7.tgz. Extracting by manifest.
293 silly tarball no local data for resolve-pkg-maps@https://registry.npmjs.org/resolve-pkg-maps/-/resolve-pkg-maps-1.0.0.tgz. Extracting by manifest.
294 silly tarball no local data for get-tsconfig@https://registry.npmjs.org/get-tsconfig/-/get-tsconfig-4.14.0.tgz. Extracting by manifest.
295 silly tarball no local data for esbuild@https://registry.npmjs.org/esbuild/-/esbuild-0.27.7.tgz. Extracting by manifest.
296 silly tarball no local data for @types/http-errors@https://registry.npmjs.org/@types/http-errors/-/http-errors-2.0.5.tgz. Extracting by manifest.
297 silly tarball no local data for @types/ms@https://registry.npmjs.org/@types/ms/-/ms-2.1.0.tgz. Extracting by manifest.
298 silly tarball no local data for undici-types@https://registry.npmjs.org/undici-types/-/undici-types-6.21.0.tgz. Extracting by manifest.
299 silly tarball no local data for @types/send@https://registry.npmjs.org/@types/send/-/send-1.2.1.tgz. Extracting by manifest.
300 silly tarball no local data for @types/range-parser@https://registry.npmjs.org/@types/range-parser/-/range-parser-1.2.7.tgz. Extracting by manifest.
301 silly tarball no local data for @types/connect@https://registry.npmjs.org/@types/connect/-/connect-3.4.38.tgz. Extracting by manifest.
302 silly tarball no local data for @types/serve-static@https://registry.npmjs.org/@types/serve-static/-/serve-static-1.15.10.tgz. Extracting by manifest.
303 silly tarball no local data for typescript@https://registry.npmjs.org/typescript/-/typescript-5.9.3.tgz. Extracting by manifest.
304 silly tarball no local data for @types/qs@https://registry.npmjs.org/@types/qs/-/qs-6.15.1.tgz. Extracting by manifest.
305 http cache @types/send@https://registry.npmjs.org/@types/send/-/send-0.17.6.tgz 0ms (cache hit)
306 silly tarball no local data for @types/express-serve-static-core@https://registry.npmjs.org/@types/express-serve-static-core/-/express-serve-static-core-4.19.8.tgz. Extracting by manifest.
307 silly tarball no local data for @types/body-parser@https://registry.npmjs.org/@types/body-parser/-/body-parser-1.19.6.tgz. Extracting by manifest.
308 silly tarball no local data for tsx@https://registry.npmjs.org/tsx/-/tsx-4.21.0.tgz. Extracting by manifest.
309 silly tarball no local data for @types/node@https://registry.npmjs.org/@types/node/-/node-20.19.41.tgz. Extracting by manifest.
310 http cache @types/bcryptjs@https://registry.npmjs.org/@types/bcryptjs/-/bcryptjs-2.4.6.tgz 0ms (cache hit)
311 silly tarball no local data for @types/jsonwebtoken@https://registry.npmjs.org/@types/jsonwebtoken/-/jsonwebtoken-9.0.10.tgz. Extracting by manifest.
312 silly tarball no local data for @types/express@https://registry.npmjs.org/@types/express/-/express-4.17.25.tgz. Extracting by manifest.
313 silly tarball no local data for @types/cors@https://registry.npmjs.org/@types/cors/-/cors-2.8.19.tgz. Extracting by manifest.
314 silly tarball no local data for @types/send@https://registry.npmjs.org/@types/send/-/send-0.17.6.tgz. Extracting by manifest.
315 silly tarball no local data for @types/bcryptjs@https://registry.npmjs.org/@types/bcryptjs/-/bcryptjs-2.4.6.tgz. Extracting by manifest.
316 http fetch GET 200 https://registry.npmjs.org/@types/serve-static/-/serve-static-1.15.10.tgz 202ms (cache miss)
317 http fetch GET 200 https://registry.npmjs.org/resolve-pkg-maps/-/resolve-pkg-maps-1.0.0.tgz 211ms (cache miss)
318 http fetch GET 200 https://registry.npmjs.org/@types/send/-/send-1.2.1.tgz 209ms (cache miss)
319 http fetch GET 200 https://registry.npmjs.org/@types/http-errors/-/http-errors-2.0.5.tgz 212ms (cache miss)
320 http fetch POST 200 https://registry.npmjs.org/-/npm/v1/security/advisories/bulk 247ms
321 silly audit report {}
322 http fetch GET 200 https://registry.npmjs.org/@types/connect/-/connect-3.4.38.tgz 223ms (cache miss)
323 http fetch GET 200 https://registry.npmjs.org/@types/mime/-/mime-1.3.5.tgz 238ms (cache miss)
324 http fetch GET 200 https://registry.npmjs.org/@types/range-parser/-/range-parser-1.2.7.tgz 232ms (cache miss)
325 http fetch GET 200 https://registry.npmjs.org/@types/body-parser/-/body-parser-1.19.6.tgz 234ms (cache miss)
326 http fetch GET 200 https://registry.npmjs.org/@types/jsonwebtoken/-/jsonwebtoken-9.0.10.tgz 234ms (cache miss)
327 http fetch GET 200 https://registry.npmjs.org/@types/express-serve-static-core/-/express-serve-static-core-4.19.8.tgz 238ms (cache miss)
328 http fetch GET 200 https://registry.npmjs.org/@types/cors/-/cors-2.8.19.tgz 238ms (cache miss)
329 http fetch GET 200 https://registry.npmjs.org/@types/ms/-/ms-2.1.0.tgz 282ms (cache miss)
330 http fetch GET 200 https://registry.npmjs.org/@types/qs/-/qs-6.15.1.tgz 280ms (cache miss)
331 http fetch GET 200 https://registry.npmjs.org/esbuild/-/esbuild-0.27.7.tgz 299ms (cache miss)
332 http fetch GET 200 https://registry.npmjs.org/get-tsconfig/-/get-tsconfig-4.14.0.tgz 307ms (cache miss)
333 http fetch GET 200 https://registry.npmjs.org/@types/express/-/express-4.17.25.tgz 304ms (cache miss)
334 http fetch GET 200 https://registry.npmjs.org/@types/send/-/send-0.17.6.tgz 315ms (cache miss)
335 http fetch GET 200 https://registry.npmjs.org/@types/bcryptjs/-/bcryptjs-2.4.6.tgz 354ms (cache miss)
336 http fetch GET 200 https://registry.npmjs.org/undici-types/-/undici-types-6.21.0.tgz 409ms (cache miss)
337 http fetch GET 200 https://registry.npmjs.org/tsx/-/tsx-4.21.0.tgz 536ms (cache miss)
338 http fetch GET 200 https://registry.npmjs.org/@types/node/-/node-20.19.41.tgz 633ms (cache miss)
339 http fetch GET 200 https://registry.npmjs.org/@esbuild/win32-x64/-/win32-x64-0.27.7.tgz 656ms (cache miss)
340 http fetch GET 200 https://registry.npmjs.org/typescript/-/typescript-5.9.3.tgz 1084ms (cache miss)
341 info run esbuild@0.27.7 postinstall node_modules/esbuild node install.js
342 info run esbuild@0.27.7 postinstall { code: 0, signal: null }
343 silly ADD node_modules/@types/mime
344 silly ADD node_modules/resolve-pkg-maps
345 silly ADD node_modules/@esbuild/win32-x64
346 silly ADD node_modules/get-tsconfig
347 silly ADD node_modules/esbuild
348 silly ADD node_modules/@types/http-errors
349 silly ADD node_modules/undici-types
350 silly ADD node_modules/@types/ms
351 silly ADD node_modules/@types/send
352 silly ADD node_modules/@types/range-parser
353 silly ADD node_modules/@types/connect
354 silly ADD node_modules/@types/serve-static
355 silly ADD node_modules/@types/serve-static/node_modules/@types/send
356 silly ADD node_modules/@types/qs
357 silly ADD node_modules/@types/express-serve-static-core
358 silly ADD node_modules/@types/body-parser
359 silly ADD node_modules/typescript
360 silly ADD node_modules/tsx
361 silly ADD node_modules/@types/node
362 silly ADD node_modules/@types/jsonwebtoken
363 silly ADD node_modules/@types/express
364 silly ADD node_modules/@types/cors
365 silly ADD node_modules/@types/bcryptjs
366 verbose cwd D:\Diego\2-Trabajos propios\KinesIA2\src\backend
367 verbose os Windows_NT 10.0.26200
368 verbose node v22.22.1
369 verbose npm  v11.11.0
370 notice
370 notice New minor version of npm available! 11.11.0 -> 11.14.1
370 notice Changelog: https://github.com/npm/cli/releases/tag/v11.14.1
370 notice To update run: npm install -g npm@11.14.1
370 notice  { force: true, [Symbol(proc-log.meta)]: true }
371 verbose exit 0
372 info ok
