0 verbose cli C:\Program Files\nodejs\node.exe C:\Users\dgati\AppData\Roaming\npm\node_modules\npm\bin\npm-cli.js
1 info using npm@11.11.0
2 info using node@v22.22.1
3 silly config load:file:C:\Users\dgati\AppData\Roaming\npm\node_modules\npm\npmrc
4 silly config load:file:D:\Diego\2-Trabajos propios\KinesIA2\src\backend\.npmrc
5 silly config load:file:C:\Users\dgati\.npmrc
6 silly config load:file:C:\Users\dgati\AppData\Roaming\npm\etc\npmrc
7 verbose title npm install @types/pdfkit
8 verbose argv "install" "--save-dev" "@types/pdfkit"
9 verbose logfile logs-max:10 dir:D:\Diego\2-Trabajos propios\KinesIA2\src\backend\npm-cache\_logs\2026-05-12T03_32_19_992Z-
10 verbose logfile D:\Diego\2-Trabajos propios\KinesIA2\src\backend\npm-cache\_logs\2026-05-12T03_32_19_992Z-debug-0.log
11 silly logfile done cleaning log files
12 silly packumentCache heap:4345298944 maxSize:1086324736 maxEntrySize:543162368
13 silly idealTree buildDeps
14 silly fetch manifest @types/pdfkit@*
15 silly packumentCache full:https://registry.npmjs.org/@types%2fpdfkit cache-miss
16 http fetch GET 200 https://registry.npmjs.org/@types%2fpdfkit 470ms (cache miss)
17 silly packumentCache full:https://registry.npmjs.org/@types%2fpdfkit set size:undefined disposed:false
18 silly placeDep ROOT @types/pdfkit@0.17.6 OK for: kinesia-backend@1.0.0 want: *
19 silly reify moves {}
20 silly audit bulk request {
20 silly audit   '@esbuild/aix-ppc64': [ '0.27.7' ],
20 silly audit   '@esbuild/android-arm': [ '0.27.7' ],
20 silly audit   '@esbuild/android-arm64': [ '0.27.7' ],
20 silly audit   '@esbuild/android-x64': [ '0.27.7' ],
20 silly audit   '@esbuild/darwin-arm64': [ '0.27.7' ],
20 silly audit   '@esbuild/darwin-x64': [ '0.27.7' ],
20 silly audit   '@esbuild/freebsd-arm64': [ '0.27.7' ],
20 silly audit   '@esbuild/freebsd-x64': [ '0.27.7' ],
20 silly audit   '@esbuild/linux-arm': [ '0.27.7' ],
20 silly audit   '@esbuild/linux-arm64': [ '0.27.7' ],
20 silly audit   '@esbuild/linux-ia32': [ '0.27.7' ],
20 silly audit   '@esbuild/linux-loong64': [ '0.27.7' ],
20 silly audit   '@esbuild/linux-mips64el': [ '0.27.7' ],
20 silly audit   '@esbuild/linux-ppc64': [ '0.27.7' ],
20 silly audit   '@esbuild/linux-riscv64': [ '0.27.7' ],
20 silly audit   '@esbuild/linux-s390x': [ '0.27.7' ],
20 silly audit   '@esbuild/linux-x64': [ '0.27.7' ],
20 silly audit   '@esbuild/netbsd-arm64': [ '0.27.7' ],
20 silly audit   '@esbuild/netbsd-x64': [ '0.27.7' ],
20 silly audit   '@esbuild/openbsd-arm64': [ '0.27.7' ],
20 silly audit   '@esbuild/openbsd-x64': [ '0.27.7' ],
20 silly audit   '@esbuild/openharmony-arm64': [ '0.27.7' ],
20 silly audit   '@esbuild/sunos-x64': [ '0.27.7' ],
20 silly audit   '@esbuild/win32-arm64': [ '0.27.7' ],
20 silly audit   '@esbuild/win32-ia32': [ '0.27.7' ],
20 silly audit   '@esbuild/win32-x64': [ '0.27.7' ],
20 silly audit   '@mongodb-js/saslprep': [ '1.4.11' ],
20 silly audit   '@noble/ciphers': [ '1.3.0' ],
20 silly audit   '@noble/hashes': [ '1.8.0' ],
20 silly audit   '@swc/helpers': [ '0.5.21' ],
20 silly audit   '@types/bcryptjs': [ '2.4.6' ],
20 silly audit   '@types/body-parser': [ '1.19.6' ],
20 silly audit   '@types/connect': [ '3.4.38' ],
20 silly audit   '@types/cors': [ '2.8.19' ],
20 silly audit   '@types/express': [ '4.17.25' ],
20 silly audit   '@types/express-serve-static-core': [ '4.19.8' ],
20 silly audit   '@types/http-errors': [ '2.0.5' ],
20 silly audit   '@types/jsonwebtoken': [ '9.0.10' ],
20 silly audit   '@types/mime': [ '1.3.5' ],
20 silly audit   '@types/ms': [ '2.1.0' ],
20 silly audit   '@types/node': [ '20.19.41' ],
20 silly audit   '@types/qs': [ '6.15.1' ],
20 silly audit   '@types/range-parser': [ '1.2.7' ],
20 silly audit   '@types/send': [ '1.2.1', '0.17.6' ],
20 silly audit   '@types/serve-static': [ '1.15.10' ],
20 silly audit   '@types/webidl-conversions': [ '7.0.3' ],
20 silly audit   '@types/whatwg-url': [ '11.0.5' ],
20 silly audit   accepts: [ '1.3.8' ],
20 silly audit   'array-flatten': [ '1.1.1' ],
20 silly audit   'base64-js': [ '1.5.1', '0.0.8' ],
20 silly audit   bcryptjs: [ '2.4.3' ],
20 silly audit   'body-parser': [ '1.20.5' ],
20 silly audit   brotli: [ '1.3.3' ],
20 silly audit   'browserify-zlib': [ '0.2.0' ],
20 silly audit   bson: [ '6.10.4' ],
20 silly audit   'buffer-equal-constant-time': [ '1.0.1' ],
20 silly audit   bytes: [ '3.1.2' ],
20 silly audit   'call-bind-apply-helpers': [ '1.0.2' ],
20 silly audit   'call-bound': [ '1.0.4' ],
20 silly audit   clone: [ '2.1.2' ],
20 silly audit   'content-disposition': [ '0.5.4' ],
20 silly audit   'content-type': [ '1.0.5' ],
20 silly audit   cookie: [ '0.7.2' ],
20 silly audit   'cookie-signature': [ '1.0.7' ],
20 silly audit   cors: [ '2.8.6' ],
20 silly audit   debug: [ '2.6.9', '4.4.3' ],
20 silly audit   depd: [ '2.0.0' ],
20 silly audit   destroy: [ '1.2.0' ],
20 silly audit   dfa: [ '1.2.0' ],
20 silly audit   dotenv: [ '16.6.1' ],
20 silly audit   'dunder-proto': [ '1.0.1' ],
20 silly audit   'ecdsa-sig-formatter': [ '1.0.11' ],
20 silly audit   'ee-first': [ '1.1.1' ],
20 silly audit   encodeurl: [ '2.0.0' ],
20 silly audit   'es-define-property': [ '1.0.1' ],
20 silly audit   'es-errors': [ '1.3.0' ],
20 silly audit   'es-object-atoms': [ '1.1.1' ],
20 silly audit   esbuild: [ '0.27.7' ],
20 silly audit   'escape-html': [ '1.0.3' ],
20 silly audit   etag: [ '1.8.1' ],
20 silly audit   express: [ '4.22.2' ],
20 silly audit   'fast-deep-equal': [ '3.1.3' ],
20 silly audit   finalhandler: [ '1.3.2' ],
20 silly audit   fontkit: [ '2.0.4' ],
20 silly audit   forwarded: [ '0.2.0' ],
20 silly audit   fresh: [ '0.5.2' ],
20 silly audit   fsevents: [ '2.3.3' ],
20 silly audit   'function-bind': [ '1.1.2' ],
20 silly audit   'get-intrinsic': [ '1.3.0' ],
20 silly audit   'get-proto': [ '1.0.1' ],
20 silly audit   'get-tsconfig': [ '4.14.0' ],
20 silly audit   gopd: [ '1.2.0' ],
20 silly audit   'has-symbols': [ '1.1.0' ],
20 silly audit   hasown: [ '2.0.3' ],
20 silly audit   'http-errors': [ '2.0.1' ],
20 silly audit   'iconv-lite': [ '0.4.24' ],
20 silly audit   inherits: [ '2.0.4' ],
20 silly audit   'ipaddr.js': [ '1.9.1' ],
20 silly audit   'js-md5': [ '0.8.3' ],
20 silly audit   jsonwebtoken: [ '9.0.3' ],
20 silly audit   ms: [ '2.1.3', '2.0.0' ],
20 silly audit   jwa: [ '2.0.1' ],
20 silly audit   jws: [ '4.0.1' ],
20 silly audit   kareem: [ '2.6.3' ],
20 silly audit   linebreak: [ '1.1.0' ],
20 silly audit   'lodash.includes': [ '4.3.0' ],
20 silly audit   'lodash.isboolean': [ '3.0.3' ],
20 silly audit   'lodash.isinteger': [ '4.0.4' ],
20 silly audit   'lodash.isnumber': [ '3.0.3' ],
20 silly audit   'lodash.isplainobject': [ '4.0.6' ],
20 silly audit   'lodash.isstring': [ '4.0.1' ],
20 silly audit   'lodash.once': [ '4.1.1' ],
20 silly audit   'math-intrinsics': [ '1.1.0' ],
20 silly audit   'media-typer': [ '0.3.0' ],
20 silly audit   'memory-pager': [ '1.5.0' ],
20 silly audit   'merge-descriptors': [ '1.0.3' ],
20 silly audit   methods: [ '1.1.2' ],
20 silly audit   mime: [ '1.6.0' ],
20 silly audit   'mime-db': [ '1.52.0' ],
20 silly audit   'mime-types': [ '2.1.35' ],
20 silly audit   mongodb: [ '6.20.0' ],
20 silly audit   'mongodb-connection-string-url': [ '3.0.2' ],
20 silly audit   mongoose: [ '8.23.1' ],
20 silly audit   mpath: [ '0.9.0' ],
20 silly audit   mquery: [ '5.0.0' ],
20 silly audit   negotiator: [ '0.6.3' ],
20 silly audit   'object-assign': [ '4.1.1' ],
20 silly audit   'object-inspect': [ '1.13.4' ],
20 silly audit   'on-finished': [ '2.4.1' ],
20 silly audit   pako: [ '1.0.11', '0.2.9' ],
20 silly audit   parseurl: [ '1.3.3' ],
20 silly audit   'path-to-regexp': [ '0.1.13' ],
20 silly audit   pdfkit: [ '0.18.0' ],
20 silly audit   'png-js': [ '1.1.0' ],
20 silly audit   'proxy-addr': [ '2.0.7' ],
20 silly audit   punycode: [ '2.3.1' ],
20 silly audit   qs: [ '6.15.1' ],
20 silly audit   'range-parser': [ '1.2.1' ],
20 silly audit   'raw-body': [ '2.5.3' ],
20 silly audit   'resolve-pkg-maps': [ '1.0.0' ],
20 silly audit   restructure: [ '3.0.2' ],
20 silly audit   'safe-buffer': [ '5.2.1' ],
20 silly audit   'safer-buffer': [ '2.1.2' ],
20 silly audit   semver: [ '7.8.0' ],
20 silly audit   send: [ '0.19.2' ],
20 silly audit   'serve-static': [ '1.16.3' ],
20 silly audit   setprototypeof: [ '1.2.0' ],
20 silly audit   'side-channel': [ '1.1.0' ],
20 silly audit   'side-channel-list': [ '1.0.1' ],
20 silly audit   'side-channel-map': [ '1.0.1' ],
20 silly audit   'side-channel-weakmap': [ '1.0.2' ],
20 silly audit   sift: [ '17.1.3' ],
20 silly audit   'sparse-bitfield': [ '3.0.3' ],
20 silly audit   statuses: [ '2.0.2' ],
20 silly audit   'tiny-inflate': [ '1.0.3' ],
20 silly audit   toidentifier: [ '1.0.1' ],
20 silly audit   tr46: [ '5.1.1' ],
20 silly audit   tslib: [ '2.8.1' ],
20 silly audit   tsx: [ '4.21.0' ],
20 silly audit   'type-is': [ '1.6.18' ],
20 silly audit   typescript: [ '5.9.3' ],
20 silly audit   'undici-types': [ '6.21.0' ],
20 silly audit   'unicode-properties': [ '1.4.1' ],
20 silly audit   'unicode-trie': [ '2.0.0' ],
20 silly audit   unpipe: [ '1.0.0' ],
20 silly audit   'utils-merge': [ '1.0.1' ],
20 silly audit   vary: [ '1.1.2' ],
20 silly audit   'webidl-conversions': [ '7.0.0' ],
20 silly audit   'whatwg-url': [ '14.2.0' ],
20 silly audit   '@types/pdfkit': [ '0.17.6' ]
20 silly audit }
21 http cache @types/pdfkit@https://registry.npmjs.org/@types/pdfkit/-/pdfkit-0.17.6.tgz 0ms (cache hit)
22 silly tarball no local data for @types/pdfkit@https://registry.npmjs.org/@types/pdfkit/-/pdfkit-0.17.6.tgz. Extracting by manifest.
23 http fetch POST 200 https://registry.npmjs.org/-/npm/v1/security/advisories/bulk 215ms
24 silly audit report {}
25 http fetch GET 200 https://registry.npmjs.org/@types/pdfkit/-/pdfkit-0.17.6.tgz 289ms (cache miss)
26 silly ADD node_modules/@types/pdfkit
27 verbose cwd D:\Diego\2-Trabajos propios\KinesIA2\src\backend
28 verbose os Windows_NT 10.0.26200
29 verbose node v22.22.1
30 verbose npm  v11.11.0
31 verbose exit 0
32 info ok
