0 verbose cli C:\Program Files\nodejs\node.exe C:\Users\dgati\AppData\Roaming\npm\node_modules\npm\bin\npm-cli.js
1 info using npm@11.11.0
2 info using node@v22.22.1
3 silly config load:file:C:\Users\dgati\AppData\Roaming\npm\node_modules\npm\npmrc
4 silly config load:file:D:\Diego\2-Trabajos propios\KinesIA2\src\frontend\.npmrc
5 silly config load:file:C:\Users\dgati\.npmrc
6 silly config load:file:C:\Users\dgati\AppData\Roaming\npm\etc\npmrc
7 verbose title npm exec tsc --noEmit --pretty
8 verbose argv "exec" "--" "tsc" "--noEmit" "--pretty"
9 verbose logfile logs-max:10 dir:D:\Diego\2-Trabajos propios\KinesIA2\src\frontend\npm-cache\_logs\2026-05-26T03_19_38_458Z-
10 verbose logfile D:\Diego\2-Trabajos propios\KinesIA2\src\frontend\npm-cache\_logs\2026-05-26T03_19_38_458Z-debug-0.log
11 silly logfile start cleaning logs, removing 1 files
12 silly logfile done cleaning log files
13 http fetch GET 200 https://registry.npmjs.org/npm 202ms
14 verbose cwd D:\Diego\2-Trabajos propios\KinesIA2\src\frontend
15 verbose os Windows_NT 10.0.26200
16 verbose node v22.22.1
17 verbose npm  v11.11.0
18 notice
18 notice New minor version of npm available! 11.11.0 -> 11.15.0
18 notice Changelog: https://github.com/npm/cli/releases/tag/v11.15.0
18 notice To update run: npm install -g npm@11.15.0
18 notice  { force: true, [Symbol(proc-log.meta)]: true }
19 verbose exit 0
20 info ok
